[    3606ms] [LOG] [Client Instrumentation Hook] Slow execution detected: 20ms (Note: Code download overhead is not included in this measurement) @ http://localhost:3000/_next/static/chunks/5947f_next_dist_3158406f._.js:687
[    3657ms] [INFO] %cDownload the React DevTools for a better development experience: https://react.dev/link/react-devtools font-weight:bold @ http://localhost:3000/_next/static/chunks/5947f_next_dist_3158406f._.js:1053
[    3875ms] [LOG] [HMR] connected @ http://localhost:3000/_next/static/chunks/5947f_next_dist_3158406f._.js:1053
[    4027ms] [LOG] [Fast Refresh] rebuilding @ http://localhost:3000/_next/static/chunks/5947f_next_dist_3158406f._.js:1053
[   16279ms] [LOG] [Fast Refresh] done in 12368ms @ http://localhost:3000/_next/static/chunks/5947f_next_dist_3158406f._.js:1053
[   43183ms] [LOG] [Fast Refresh] rebuilding @ http://localhost:3000/_next/static/chunks/5947f_next_dist_3158406f._.js:1053
[   44597ms] [LOG] [Fast Refresh] done in 1515ms @ http://localhost:3000/_next/static/chunks/5947f_next_dist_3158406f._.js:1053
[   60083ms] [LOG] [Fast Refresh] rebuilding @ http://localhost:3000/_next/static/chunks/5947f_next_dist_3158406f._.js:1053
[   62071ms] [LOG] [Fast Refresh] done in 2088ms @ http://localhost:3000/_next/static/chunks/5947f_next_dist_3158406f._.js:1053
[  108744ms] [LOG] [Fast Refresh] rebuilding @ http://localhost:3000/_next/static/chunks/5947f_next_dist_3158406f._.js:1053
[  108861ms] [LOG] [Fast Refresh] done in 218ms @ http://localhost:3000/_next/static/chunks/5947f_next_dist_3158406f._.js:1053
[  156405ms] [LOG] [Fast Refresh] rebuilding @ http://localhost:3000/_next/static/chunks/5947f_next_dist_3158406f._.js:1053
[  156943ms] [LOG] [Fast Refresh] done in 639ms @ http://localhost:3000/_next/static/chunks/5947f_next_dist_3158406f._.js:1053
[  157057ms] [LOG] [Fast Refresh] rebuilding @ http://localhost:3000/_next/static/chunks/5947f_next_dist_3158406f._.js:1053
[  157320ms] [LOG] [Fast Refresh] done in 364ms @ http://localhost:3000/_next/static/chunks/5947f_next_dist_3158406f._.js:1053
[  203373ms] [LOG] [Fast Refresh] rebuilding @ http://localhost:3000/_next/static/chunks/5947f_next_dist_3158406f._.js:1053
[  205708ms] [LOG] [Fast Refresh] done in 2438ms @ http://localhost:3000/_next/static/chunks/5947f_next_dist_3158406f._.js:1053
[  278217ms] [LOG] [Fast Refresh] rebuilding @ http://localhost:3000/_next/static/chunks/5947f_next_dist_3158406f._.js:1053
[  278264ms] [LOG] [Fast Refresh] done in 149ms @ http://localhost:3000/_next/static/chunks/5947f_next_dist_3158406f._.js:1053
[  305000ms] [LOG] [Fast Refresh] rebuilding @ http://localhost:3000/_next/static/chunks/5947f_next_dist_3158406f._.js:1053
[  305235ms] [LOG] [Fast Refresh] done in 338ms @ http://localhost:3000/_next/static/chunks/5947f_next_dist_3158406f._.js:1053
[  305337ms] [LOG] [Fast Refresh] rebuilding @ http://localhost:3000/_next/static/chunks/5947f_next_dist_3158406f._.js:1053
[  305473ms] [LOG] [Fast Refresh] done in 237ms @ http://localhost:3000/_next/static/chunks/5947f_next_dist_3158406f._.js:1053
[  329378ms] [LOG] [Fast Refresh] rebuilding @ http://localhost:3000/_next/static/chunks/5947f_next_dist_3158406f._.js:1053
[  331139ms] [LOG] [Fast Refresh] done in 1861ms @ http://localhost:3000/_next/static/chunks/5947f_next_dist_3158406f._.js:1053
[  331469ms] [LOG] [Fast Refresh] rebuilding @ http://localhost:3000/_next/static/chunks/5947f_next_dist_3158406f._.js:1053
[  332535ms] [LOG] [Fast Refresh] done in 1166ms @ http://localhost:3000/_next/static/chunks/5947f_next_dist_3158406f._.js:1053
[  337896ms] [LOG] [Fast Refresh] rebuilding @ http://localhost:3000/_next/static/chunks/5947f_next_dist_3158406f._.js:1053
[  338395ms] [LOG] [Fast Refresh] done in 601ms @ http://localhost:3000/_next/static/chunks/5947f_next_dist_3158406f._.js:1053
[  338573ms] [LOG] [Fast Refresh] rebuilding @ http://localhost:3000/_next/static/chunks/5947f_next_dist_3158406f._.js:1053
[  338913ms] [LOG] [Fast Refresh] done in 441ms @ http://localhost:3000/_next/static/chunks/5947f_next_dist_3158406f._.js:1053
[  384388ms] [LOG] [Fast Refresh] rebuilding @ http://localhost:3000/_next/static/chunks/5947f_next_dist_3158406f._.js:1053
[  384441ms] [LOG] [Fast Refresh] done in 154ms @ http://localhost:3000/_next/static/chunks/5947f_next_dist_3158406f._.js:1053
[  405194ms] [LOG] [Fast Refresh] rebuilding @ http://localhost:3000/_next/static/chunks/5947f_next_dist_3158406f._.js:1053
[  405293ms] [LOG] [Fast Refresh] done in 201ms @ http://localhost:3000/_next/static/chunks/5947f_next_dist_3158406f._.js:1053
[  405395ms] [LOG] [Fast Refresh] rebuilding @ http://localhost:3000/_next/static/chunks/5947f_next_dist_3158406f._.js:1053
[  405568ms] [LOG] [Fast Refresh] done in 274ms @ http://localhost:3000/_next/static/chunks/5947f_next_dist_3158406f._.js:1053
[  469085ms] [LOG] [Fast Refresh] rebuilding @ http://localhost:3000/_next/static/chunks/5947f_next_dist_3158406f._.js:1053
[  469357ms] [LOG] [Fast Refresh] done in 372ms @ http://localhost:3000/_next/static/chunks/5947f_next_dist_3158406f._.js:1053
[  471583ms] [LOG] [Fast Refresh] rebuilding @ http://localhost:3000/_next/static/chunks/5947f_next_dist_3158406f._.js:1053
[  471655ms] [LOG] [Fast Refresh] done in 172ms @ http://localhost:3000/_next/static/chunks/5947f_next_dist_3158406f._.js:1053
[  471756ms] [LOG] [Fast Refresh] rebuilding @ http://localhost:3000/_next/static/chunks/5947f_next_dist_3158406f._.js:1053
[  471788ms] [LOG] [Fast Refresh] done in 133ms @ http://localhost:3000/_next/static/chunks/5947f_next_dist_3158406f._.js:1053
[  483419ms] [LOG] [Fast Refresh] rebuilding @ http://localhost:3000/_next/static/chunks/5947f_next_dist_3158406f._.js:1053
[  483698ms] [LOG] [Fast Refresh] done in 380ms @ http://localhost:3000/_next/static/chunks/5947f_next_dist_3158406f._.js:1053
[  485279ms] [LOG] [Fast Refresh] rebuilding @ http://localhost:3000/_next/static/chunks/5947f_next_dist_3158406f._.js:1053
[  485333ms] [LOG] [Fast Refresh] done in 155ms @ http://localhost:3000/_next/static/chunks/5947f_next_dist_3158406f._.js:1053
[  545481ms] [LOG] [Fast Refresh] rebuilding @ http://localhost:3000/_next/static/chunks/5947f_next_dist_3158406f._.js:1053
[  548419ms] [LOG] [Fast Refresh] done in 3040ms @ http://localhost:3000/_next/static/chunks/5947f_next_dist_3158406f._.js:1053
[  549100ms] [LOG] [Fast Refresh] rebuilding @ http://localhost:3000/_next/static/chunks/5947f_next_dist_3158406f._.js:1053
[  550444ms] [LOG] [Fast Refresh] done in 1444ms @ http://localhost:3000/_next/static/chunks/5947f_next_dist_3158406f._.js:1053
[  606076ms] [LOG] [Fast Refresh] rebuilding @ http://localhost:3000/_next/static/chunks/5947f_next_dist_3158406f._.js:1053
[  619565ms] [LOG] [Fast Refresh] done in 13590ms @ http://localhost:3000/_next/static/chunks/5947f_next_dist_3158406f._.js:1053
[  621054ms] [LOG] [Fast Refresh] rebuilding @ http://localhost:3000/_next/static/chunks/5947f_next_dist_3158406f._.js:1053
[  628321ms] [LOG] [Fast Refresh] done in 7367ms @ http://localhost:3000/_next/static/chunks/5947f_next_dist_3158406f._.js:1053
[  629549ms] [LOG] [Fast Refresh] rebuilding @ http://localhost:3000/_next/static/chunks/5947f_next_dist_3158406f._.js:1053
[  635183ms] [LOG] [Fast Refresh] done in 5736ms @ http://localhost:3000/_next/static/chunks/5947f_next_dist_3158406f._.js:1053
[  651478ms] [LOG] [Fast Refresh] rebuilding @ http://localhost:3000/_next/static/chunks/5947f_next_dist_3158406f._.js:1053
[  680043ms] [LOG] [Fast Refresh] done in 28666ms @ http://localhost:3000/_next/static/chunks/5947f_next_dist_3158406f._.js:1053
[  698160ms] [LOG] [Fast Refresh] rebuilding @ http://localhost:3000/_next/static/chunks/5947f_next_dist_3158406f._.js:1053
[  701930ms] [LOG] [Fast Refresh] done in 3871ms @ http://localhost:3000/_next/static/chunks/5947f_next_dist_3158406f._.js:1053
[  720934ms] [LOG] [Fast Refresh] rebuilding @ http://localhost:3000/_next/static/chunks/5947f_next_dist_3158406f._.js:1053
[  728741ms] [LOG] [Fast Refresh] done in 7908ms @ http://localhost:3000/_next/static/chunks/5947f_next_dist_3158406f._.js:1053
[  761695ms] [LOG] [Fast Refresh] rebuilding @ http://localhost:3000/_next/static/chunks/5947f_next_dist_3158406f._.js:1053
[  764288ms] [LOG] [Fast Refresh] done in 2694ms @ http://localhost:3000/_next/static/chunks/5947f_next_dist_3158406f._.js:1053
[  764529ms] [LOG] [Fast Refresh] rebuilding @ http://localhost:3000/_next/static/chunks/5947f_next_dist_3158406f._.js:1053
[  770198ms] [LOG] [Fast Refresh] done in 5770ms @ http://localhost:3000/_next/static/chunks/5947f_next_dist_3158406f._.js:1053
[  779861ms] [LOG] [Fast Refresh] rebuilding @ http://localhost:3000/_next/static/chunks/5947f_next_dist_3158406f._.js:1053
[  781774ms] [LOG] [Fast Refresh] done in 2015ms @ http://localhost:3000/_next/static/chunks/5947f_next_dist_3158406f._.js:1053
[  835448ms] [LOG] [Fast Refresh] rebuilding @ http://localhost:3000/_next/static/chunks/5947f_next_dist_3158406f._.js:1053
[  837102ms] [LOG] [Fast Refresh] done in 1755ms @ http://localhost:3000/_next/static/chunks/5947f_next_dist_3158406f._.js:1053
[  837219ms] [LOG] [Fast Refresh] rebuilding @ http://localhost:3000/_next/static/chunks/5947f_next_dist_3158406f._.js:1053
[  837823ms] [LOG] [Fast Refresh] done in 705ms @ http://localhost:3000/_next/static/chunks/5947f_next_dist_3158406f._.js:1053
[  887671ms] [LOG] [Fast Refresh] rebuilding @ http://localhost:3000/_next/static/chunks/5947f_next_dist_3158406f._.js:1053
[  888459ms] [LOG] [Fast Refresh] done in 891ms @ http://localhost:3000/_next/static/chunks/5947f_next_dist_3158406f._.js:1053
[  922092ms] [LOG] [Fast Refresh] rebuilding @ http://localhost:3000/_next/static/chunks/5947f_next_dist_3158406f._.js:1053
[  922106ms] [LOG] [Fast Refresh] done in 115ms @ http://localhost:3000/_next/static/chunks/5947f_next_dist_3158406f._.js:1053
[  922208ms] [LOG] [Fast Refresh] rebuilding @ http://localhost:3000/_next/static/chunks/5947f_next_dist_3158406f._.js:1053
[  922665ms] [LOG] [Fast Refresh] done in 559ms @ http://localhost:3000/_next/static/chunks/5947f_next_dist_3158406f._.js:1053
[  933537ms] [LOG] [Fast Refresh] rebuilding @ http://localhost:3000/_next/static/chunks/5947f_next_dist_3158406f._.js:1053
[  933949ms] [LOG] [Fast Refresh] done in 514ms @ http://localhost:3000/_next/static/chunks/5947f_next_dist_3158406f._.js:1053
[  934051ms] [LOG] [Fast Refresh] rebuilding @ http://localhost:3000/_next/static/chunks/5947f_next_dist_3158406f._.js:1053
[  934356ms] [LOG] [Fast Refresh] done in 406ms @ http://localhost:3000/_next/static/chunks/5947f_next_dist_3158406f._.js:1053
[  935869ms] [LOG] [Fast Refresh] rebuilding @ http://localhost:3000/_next/static/chunks/5947f_next_dist_3158406f._.js:1053
[  936785ms] [LOG] [Fast Refresh] done in 1018ms @ http://localhost:3000/_next/static/chunks/5947f_next_dist_3158406f._.js:1053
[  988666ms] [LOG] [Fast Refresh] rebuilding @ http://localhost:3000/_next/static/chunks/5947f_next_dist_3158406f._.js:1053
[  989386ms] [LOG] [Fast Refresh] done in 822ms @ http://localhost:3000/_next/static/chunks/5947f_next_dist_3158406f._.js:1053
[ 1009980ms] [LOG] [Fast Refresh] rebuilding @ http://localhost:3000/_next/static/chunks/5947f_next_dist_3158406f._.js:1053
[ 1011699ms] [LOG] [Fast Refresh] done in 1819ms @ http://localhost:3000/_next/static/chunks/5947f_next_dist_3158406f._.js:1053
[ 1020956ms] [LOG] [Fast Refresh] rebuilding @ http://localhost:3000/_next/static/chunks/5947f_next_dist_3158406f._.js:1053
[ 1021725ms] [LOG] [Fast Refresh] done in 871ms @ http://localhost:3000/_next/static/chunks/5947f_next_dist_3158406f._.js:1053
[ 1022014ms] [LOG] [Fast Refresh] rebuilding @ http://localhost:3000/_next/static/chunks/5947f_next_dist_3158406f._.js:1053
[ 1022579ms] [LOG] [Fast Refresh] done in 667ms @ http://localhost:3000/_next/static/chunks/5947f_next_dist_3158406f._.js:1053
[ 1036910ms] [LOG] [Fast Refresh] rebuilding @ http://localhost:3000/_next/static/chunks/5947f_next_dist_3158406f._.js:1053
[ 1040256ms] [LOG] [Fast Refresh] done in 3447ms @ http://localhost:3000/_next/static/chunks/5947f_next_dist_3158406f._.js:1053
[ 1070313ms] [LOG] [Fast Refresh] rebuilding @ http://localhost:3000/_next/static/chunks/5947f_next_dist_3158406f._.js:1053
[ 1071316ms] [LOG] [Fast Refresh] done in 1105ms @ http://localhost:3000/_next/static/chunks/5947f_next_dist_3158406f._.js:1053
[ 1075197ms] [LOG] [Fast Refresh] rebuilding @ http://localhost:3000/_next/static/chunks/5947f_next_dist_3158406f._.js:1053
[ 1075809ms] [LOG] [Fast Refresh] done in 713ms @ http://localhost:3000/_next/static/chunks/5947f_next_dist_3158406f._.js:1053
[ 1132305ms] [LOG] [Fast Refresh] rebuilding @ http://localhost:3000/_next/static/chunks/5947f_next_dist_3158406f._.js:1053
[ 1134287ms] [LOG] [Fast Refresh] done in 2083ms @ http://localhost:3000/_next/static/chunks/5947f_next_dist_3158406f._.js:1053
[ 1147994ms] [LOG] [Fast Refresh] rebuilding @ http://localhost:3000/_next/static/chunks/5947f_next_dist_3158406f._.js:1053
[ 1150575ms] [LOG] [Fast Refresh] done in 2681ms @ http://localhost:3000/_next/static/chunks/5947f_next_dist_3158406f._.js:1053
[ 1173531ms] [LOG] [Fast Refresh] rebuilding @ http://localhost:3000/_next/static/chunks/5947f_next_dist_3158406f._.js:1053
[ 1174066ms] [LOG] [Fast Refresh] done in 635ms @ http://localhost:3000/_next/static/chunks/5947f_next_dist_3158406f._.js:1053
[ 1198842ms] [LOG] [Fast Refresh] rebuilding @ http://localhost:3000/_next/static/chunks/5947f_next_dist_3158406f._.js:1053
[ 1200943ms] [LOG] [Fast Refresh] done in 2201ms @ http://localhost:3000/_next/static/chunks/5947f_next_dist_3158406f._.js:1053
[ 1201045ms] [LOG] [Fast Refresh] rebuilding @ http://localhost:3000/_next/static/chunks/5947f_next_dist_3158406f._.js:1053
[ 1202628ms] [LOG] [Fast Refresh] done in 1683ms @ http://localhost:3000/_next/static/chunks/5947f_next_dist_3158406f._.js:1053
[ 1229753ms] [LOG] [Fast Refresh] rebuilding @ http://localhost:3000/_next/static/chunks/5947f_next_dist_3158406f._.js:1053
[ 1230598ms] [LOG] [Fast Refresh] done in 947ms @ http://localhost:3000/_next/static/chunks/5947f_next_dist_3158406f._.js:1053
[ 1322548ms] [LOG] [Fast Refresh] rebuilding @ http://localhost:3000/_next/static/chunks/5947f_next_dist_3158406f._.js:1053
[ 1324771ms] [LOG] [Fast Refresh] done in 2325ms @ http://localhost:3000/_next/static/chunks/5947f_next_dist_3158406f._.js:1053
[ 1325146ms] [LOG] [Fast Refresh] rebuilding @ http://localhost:3000/_next/static/chunks/5947f_next_dist_3158406f._.js:1053
[ 1326352ms] [LOG] [Fast Refresh] done in 1306ms @ http://localhost:3000/_next/static/chunks/5947f_next_dist_3158406f._.js:1053
[ 1333518ms] [LOG] [Fast Refresh] rebuilding @ http://localhost:3000/_next/static/chunks/5947f_next_dist_3158406f._.js:1053
[ 1334104ms] [LOG] [Fast Refresh] done in 686ms @ http://localhost:3000/_next/static/chunks/5947f_next_dist_3158406f._.js:1053
[ 1334235ms] [LOG] [Fast Refresh] rebuilding @ http://localhost:3000/_next/static/chunks/5947f_next_dist_3158406f._.js:1053
[ 1334701ms] [LOG] [Fast Refresh] done in 568ms @ http://localhost:3000/_next/static/chunks/5947f_next_dist_3158406f._.js:1053
[ 1340124ms] [LOG] [Fast Refresh] rebuilding @ http://localhost:3000/_next/static/chunks/5947f_next_dist_3158406f._.js:1053
[ 1341047ms] [LOG] [Fast Refresh] done in 1024ms @ http://localhost:3000/_next/static/chunks/5947f_next_dist_3158406f._.js:1053
[ 1341149ms] [LOG] [Fast Refresh] rebuilding @ http://localhost:3000/_next/static/chunks/5947f_next_dist_3158406f._.js:1053
[ 1341536ms] [LOG] [Fast Refresh] done in 488ms @ http://localhost:3000/_next/static/chunks/5947f_next_dist_3158406f._.js:1053
[ 1347233ms] [LOG] [Fast Refresh] rebuilding @ http://localhost:3000/_next/static/chunks/5947f_next_dist_3158406f._.js:1053
[ 1347762ms] [LOG] [Fast Refresh] done in 631ms @ http://localhost:3000/_next/static/chunks/5947f_next_dist_3158406f._.js:1053
[ 1402021ms] [LOG] [Fast Refresh] rebuilding @ http://localhost:3000/_next/static/chunks/5947f_next_dist_3158406f._.js:1053
[ 1402378ms] [LOG] [Fast Refresh] done in 459ms @ http://localhost:3000/_next/static/chunks/5947f_next_dist_3158406f._.js:1053
[ 1441318ms] [LOG] [Fast Refresh] rebuilding @ http://localhost:3000/_next/static/chunks/5947f_next_dist_3158406f._.js:1053
[ 1441681ms] [LOG] [Fast Refresh] done in 464ms @ http://localhost:3000/_next/static/chunks/5947f_next_dist_3158406f._.js:1053
[ 1474449ms] [LOG] [Fast Refresh] rebuilding @ http://localhost:3000/_next/static/chunks/5947f_next_dist_3158406f._.js:1053
[ 1476330ms] [LOG] [Fast Refresh] done in 1982ms @ http://localhost:3000/_next/static/chunks/5947f_next_dist_3158406f._.js:1053
[ 1492982ms] [LOG] [Fast Refresh] rebuilding @ http://localhost:3000/_next/static/chunks/5947f_next_dist_3158406f._.js:1053
[ 1493199ms] [LOG] [Fast Refresh] done in 318ms @ http://localhost:3000/_next/static/chunks/5947f_next_dist_3158406f._.js:1053
[ 1497843ms] [LOG] [Fast Refresh] rebuilding @ http://localhost:3000/_next/static/chunks/5947f_next_dist_3158406f._.js:1053
[ 1498058ms] [LOG] [Fast Refresh] done in 317ms @ http://localhost:3000/_next/static/chunks/5947f_next_dist_3158406f._.js:1053
[ 1499807ms] [LOG] [Fast Refresh] rebuilding @ http://localhost:3000/_next/static/chunks/5947f_next_dist_3158406f._.js:1053
[ 1499987ms] [LOG] [Fast Refresh] done in 281ms @ http://localhost:3000/_next/static/chunks/5947f_next_dist_3158406f._.js:1053
[ 1519028ms] [LOG] [Fast Refresh] rebuilding @ http://localhost:3000/_next/static/chunks/5947f_next_dist_3158406f._.js:1053
[ 1519424ms] [LOG] [Fast Refresh] done in 497ms @ http://localhost:3000/_next/static/chunks/5947f_next_dist_3158406f._.js:1053
[ 1519564ms] [LOG] [Fast Refresh] rebuilding @ http://localhost:3000/_next/static/chunks/5947f_next_dist_3158406f._.js:1053
[ 1520098ms] [LOG] [Fast Refresh] done in 636ms @ http://localhost:3000/_next/static/chunks/5947f_next_dist_3158406f._.js:1053
[ 1535057ms] [LOG] [Fast Refresh] rebuilding @ http://localhost:3000/_next/static/chunks/5947f_next_dist_3158406f._.js:1053
[ 1535755ms] [LOG] [Fast Refresh] done in 799ms @ http://localhost:3000/_next/static/chunks/5947f_next_dist_3158406f._.js:1053
[ 1535857ms] [LOG] [Fast Refresh] rebuilding @ http://localhost:3000/_next/static/chunks/5947f_next_dist_3158406f._.js:1053
[ 1536355ms] [LOG] [Fast Refresh] done in 600ms @ http://localhost:3000/_next/static/chunks/5947f_next_dist_3158406f._.js:1053
[ 1553389ms] [LOG] [Fast Refresh] rebuilding @ http://localhost:3000/_next/static/chunks/5947f_next_dist_3158406f._.js:1053
[ 1553489ms] [LOG] [Fast Refresh] done in 201ms @ http://localhost:3000/_next/static/chunks/5947f_next_dist_3158406f._.js:1053
[ 1559193ms] [LOG] [Fast Refresh] rebuilding @ http://localhost:3000/_next/static/chunks/5947f_next_dist_3158406f._.js:1053
[ 1559312ms] [LOG] [Fast Refresh] done in 220ms @ http://localhost:3000/_next/static/chunks/5947f_next_dist_3158406f._.js:1053
[ 1621206ms] [LOG] [Fast Refresh] rebuilding @ http://localhost:3000/_next/static/chunks/5947f_next_dist_3158406f._.js:1053
[ 1621338ms] [LOG] [Fast Refresh] done in 235ms @ http://localhost:3000/_next/static/chunks/5947f_next_dist_3158406f._.js:1053
[ 1621440ms] [LOG] [Fast Refresh] rebuilding @ http://localhost:3000/_next/static/chunks/5947f_next_dist_3158406f._.js:1053
[ 1621543ms] [LOG] [Fast Refresh] done in 204ms @ http://localhost:3000/_next/static/chunks/5947f_next_dist_3158406f._.js:1053
[ 1626959ms] [LOG] [Fast Refresh] rebuilding @ http://localhost:3000/_next/static/chunks/5947f_next_dist_3158406f._.js:1053
[ 1627268ms] [LOG] [Fast Refresh] done in 410ms @ http://localhost:3000/_next/static/chunks/5947f_next_dist_3158406f._.js:1053
[ 1627374ms] [LOG] [Fast Refresh] rebuilding @ http://localhost:3000/_next/static/chunks/5947f_next_dist_3158406f._.js:1053
[ 1627598ms] [LOG] [Fast Refresh] done in 326ms @ http://localhost:3000/_next/static/chunks/5947f_next_dist_3158406f._.js:1053
[ 1636130ms] [LOG] [Fast Refresh] rebuilding @ http://localhost:3000/_next/static/chunks/5947f_next_dist_3158406f._.js:1053
[ 1636449ms] [LOG] [Fast Refresh] done in 420ms @ http://localhost:3000/_next/static/chunks/5947f_next_dist_3158406f._.js:1053
[ 1636577ms] [LOG] [Fast Refresh] rebuilding @ http://localhost:3000/_next/static/chunks/5947f_next_dist_3158406f._.js:1053
[ 1636907ms] [LOG] [Fast Refresh] done in 432ms @ http://localhost:3000/_next/static/chunks/5947f_next_dist_3158406f._.js:1053
[ 1666918ms] [LOG] [Fast Refresh] rebuilding @ http://localhost:3000/_next/static/chunks/5947f_next_dist_3158406f._.js:1053
[ 1667438ms] [LOG] [Fast Refresh] done in 621ms @ http://localhost:3000/_next/static/chunks/5947f_next_dist_3158406f._.js:1053
[ 1667578ms] [LOG] [Fast Refresh] rebuilding @ http://localhost:3000/_next/static/chunks/5947f_next_dist_3158406f._.js:1053
[ 1667855ms] [LOG] [Fast Refresh] done in 377ms @ http://localhost:3000/_next/static/chunks/5947f_next_dist_3158406f._.js:1053
[ 1676603ms] [LOG] [Fast Refresh] rebuilding @ http://localhost:3000/_next/static/chunks/5947f_next_dist_3158406f._.js:1053
[ 1676684ms] [LOG] [Fast Refresh] done in 182ms @ http://localhost:3000/_next/static/chunks/5947f_next_dist_3158406f._.js:1053
[ 1685581ms] [LOG] [Fast Refresh] rebuilding @ http://localhost:3000/_next/static/chunks/5947f_next_dist_3158406f._.js:1053
[ 1685638ms] [LOG] [Fast Refresh] done in 157ms @ http://localhost:3000/_next/static/chunks/5947f_next_dist_3158406f._.js:1053
[ 1694640ms] [LOG] [Fast Refresh] rebuilding @ http://localhost:3000/_next/static/chunks/5947f_next_dist_3158406f._.js:1053
[ 1694720ms] [LOG] [Fast Refresh] done in 180ms @ http://localhost:3000/_next/static/chunks/5947f_next_dist_3158406f._.js:1053
[ 1695301ms] [LOG] [Fast Refresh] rebuilding @ http://localhost:3000/_next/static/chunks/5947f_next_dist_3158406f._.js:1053
[ 1695382ms] [LOG] [Fast Refresh] done in 183ms @ http://localhost:3000/_next/static/chunks/5947f_next_dist_3158406f._.js:1053
[ 1719607ms] [LOG] [Fast Refresh] rebuilding @ http://localhost:3000/_next/static/chunks/5947f_next_dist_3158406f._.js:1053
[ 1719907ms] [LOG] [Fast Refresh] done in 402ms @ http://localhost:3000/_next/static/chunks/5947f_next_dist_3158406f._.js:1053
[ 1720012ms] [LOG] [Fast Refresh] rebuilding @ http://localhost:3000/_next/static/chunks/5947f_next_dist_3158406f._.js:1053
[ 1720159ms] [LOG] [Fast Refresh] done in 249ms @ http://localhost:3000/_next/static/chunks/5947f_next_dist_3158406f._.js:1053
[ 1737592ms] [LOG] [Fast Refresh] rebuilding @ http://localhost:3000/_next/static/chunks/5947f_next_dist_3158406f._.js:1053
[ 1737738ms] [LOG] [Fast Refresh] done in 246ms @ http://localhost:3000/_next/static/chunks/5947f_next_dist_3158406f._.js:1053
[ 1752628ms] [LOG] [Fast Refresh] rebuilding @ http://localhost:3000/_next/static/chunks/5947f_next_dist_3158406f._.js:1053
[ 1752763ms] [LOG] [Fast Refresh] done in 236ms @ http://localhost:3000/_next/static/chunks/5947f_next_dist_3158406f._.js:1053
[ 1800451ms] [LOG] [Fast Refresh] rebuilding @ http://localhost:3000/_next/static/chunks/5947f_next_dist_3158406f._.js:1053
[ 1800891ms] [LOG] [Fast Refresh] done in 542ms @ http://localhost:3000/_next/static/chunks/5947f_next_dist_3158406f._.js:1053
[ 1801000ms] [LOG] [Fast Refresh] rebuilding @ http://localhost:3000/_next/static/chunks/5947f_next_dist_3158406f._.js:1053
[ 1801323ms] [LOG] [Fast Refresh] done in 424ms @ http://localhost:3000/_next/static/chunks/5947f_next_dist_3158406f._.js:1053
[ 1807966ms] [LOG] [Fast Refresh] rebuilding @ http://localhost:3000/_next/static/chunks/5947f_next_dist_3158406f._.js:1053
[ 1809453ms] [LOG] [Fast Refresh] done in 1588ms @ http://localhost:3000/_next/static/chunks/5947f_next_dist_3158406f._.js:1053
[ 1820960ms] [LOG] [Fast Refresh] rebuilding @ http://localhost:3000/_next/static/chunks/5947f_next_dist_3158406f._.js:1053
[ 1821854ms] [LOG] [Fast Refresh] done in 996ms @ http://localhost:3000/_next/static/chunks/5947f_next_dist_3158406f._.js:1053
[ 1849253ms] [LOG] [Fast Refresh] rebuilding @ http://localhost:3000/_next/static/chunks/5947f_next_dist_3158406f._.js:1053
[ 1849762ms] [LOG] [Fast Refresh] done in 610ms @ http://localhost:3000/_next/static/chunks/5947f_next_dist_3158406f._.js:1053
[ 1849871ms] [LOG] [Fast Refresh] rebuilding @ http://localhost:3000/_next/static/chunks/5947f_next_dist_3158406f._.js:1053
[ 1850204ms] [LOG] [Fast Refresh] done in 433ms @ http://localhost:3000/_next/static/chunks/5947f_next_dist_3158406f._.js:1053
[ 1855450ms] [LOG] [Fast Refresh] rebuilding @ http://localhost:3000/_next/static/chunks/5947f_next_dist_3158406f._.js:1053
[ 1858892ms] [LOG] [Fast Refresh] done in 3544ms @ http://localhost:3000/_next/static/chunks/5947f_next_dist_3158406f._.js:1053
[ 1861622ms] [LOG] [Fast Refresh] rebuilding @ http://localhost:3000/_next/static/chunks/5947f_next_dist_3158406f._.js:1053
[ 1862046ms] [LOG] [Fast Refresh] done in 525ms @ http://localhost:3000/_next/static/chunks/5947f_next_dist_3158406f._.js:1053
[ 1862222ms] [LOG] [Fast Refresh] rebuilding @ http://localhost:3000/_next/static/chunks/5947f_next_dist_3158406f._.js:1053
[ 1862791ms] [LOG] [Fast Refresh] done in 670ms @ http://localhost:3000/_next/static/chunks/5947f_next_dist_3158406f._.js:1053
[ 1879603ms] [LOG] [Fast Refresh] rebuilding @ http://localhost:3000/_next/static/chunks/5947f_next_dist_3158406f._.js:1053
[ 1879787ms] [LOG] [Fast Refresh] done in 284ms @ http://localhost:3000/_next/static/chunks/5947f_next_dist_3158406f._.js:1053
[ 1879890ms] [LOG] [Fast Refresh] rebuilding @ http://localhost:3000/_next/static/chunks/5947f_next_dist_3158406f._.js:1053
[ 1880043ms] [LOG] [Fast Refresh] done in 255ms @ http://localhost:3000/_next/static/chunks/5947f_next_dist_3158406f._.js:1053
[ 1892768ms] [LOG] [Fast Refresh] rebuilding @ http://localhost:3000/_next/static/chunks/5947f_next_dist_3158406f._.js:1053
[ 1892898ms] [LOG] [Fast Refresh] done in 231ms @ http://localhost:3000/_next/static/chunks/5947f_next_dist_3158406f._.js:1053
[ 1892999ms] [LOG] [Fast Refresh] rebuilding @ http://localhost:3000/_next/static/chunks/5947f_next_dist_3158406f._.js:1053
[ 1893140ms] [LOG] [Fast Refresh] done in 242ms @ http://localhost:3000/_next/static/chunks/5947f_next_dist_3158406f._.js:1053
[ 1905398ms] [LOG] [Fast Refresh] rebuilding @ http://localhost:3000/_next/static/chunks/5947f_next_dist_3158406f._.js:1053
[ 1905601ms] [LOG] [Fast Refresh] done in 305ms @ http://localhost:3000/_next/static/chunks/5947f_next_dist_3158406f._.js:1053
[ 1906260ms] [LOG] [Fast Refresh] rebuilding @ http://localhost:3000/_next/static/chunks/5947f_next_dist_3158406f._.js:1053
[ 1906394ms] [LOG] [Fast Refresh] done in 235ms @ http://localhost:3000/_next/static/chunks/5947f_next_dist_3158406f._.js:1053
[ 1912869ms] [LOG] [Fast Refresh] rebuilding @ http://localhost:3000/_next/static/chunks/5947f_next_dist_3158406f._.js:1053
[ 1913119ms] [LOG] [Fast Refresh] done in 352ms @ http://localhost:3000/_next/static/chunks/5947f_next_dist_3158406f._.js:1053
[ 1913221ms] [LOG] [Fast Refresh] rebuilding @ http://localhost:3000/_next/static/chunks/5947f_next_dist_3158406f._.js:1053
[ 1913520ms] [LOG] [Fast Refresh] done in 400ms @ http://localhost:3000/_next/static/chunks/5947f_next_dist_3158406f._.js:1053
[ 1946754ms] [LOG] [Fast Refresh] rebuilding @ http://localhost:3000/_next/static/chunks/5947f_next_dist_3158406f._.js:1053
[ 1948352ms] [LOG] [Fast Refresh] done in 1699ms @ http://localhost:3000/_next/static/chunks/5947f_next_dist_3158406f._.js:1053
[ 2041650ms] [LOG] [Fast Refresh] rebuilding @ http://localhost:3000/_next/static/chunks/5947f_next_dist_3158406f._.js:1053
[ 2043039ms] [LOG] [Fast Refresh] done in 1490ms @ http://localhost:3000/_next/static/chunks/5947f_next_dist_3158406f._.js:1053
[ 2100675ms] [LOG] [Fast Refresh] rebuilding @ http://localhost:3000/_next/static/chunks/5947f_next_dist_3158406f._.js:1053
[ 2101906ms] [LOG] [Fast Refresh] done in 1333ms @ http://localhost:3000/_next/static/chunks/5947f_next_dist_3158406f._.js:1053
[ 2102237ms] [LOG] [Fast Refresh] rebuilding @ http://localhost:3000/_next/static/chunks/5947f_next_dist_3158406f._.js:1053
[ 2104182ms] [LOG] [Fast Refresh] done in 2047ms @ http://localhost:3000/_next/static/chunks/5947f_next_dist_3158406f._.js:1053
[ 2105171ms] [LOG] [Fast Refresh] rebuilding @ http://localhost:3000/_next/static/chunks/5947f_next_dist_3158406f._.js:1053
[ 2107247ms] [LOG] [Fast Refresh] done in 2178ms @ http://localhost:3000/_next/static/chunks/5947f_next_dist_3158406f._.js:1053
[ 2164500ms] [LOG] [Fast Refresh] rebuilding @ http://localhost:3000/_next/static/chunks/5947f_next_dist_3158406f._.js:1053
[ 2164917ms] [LOG] [Fast Refresh] done in 518ms @ http://localhost:3000/_next/static/chunks/5947f_next_dist_3158406f._.js:1053
[ 2165141ms] [LOG] [Fast Refresh] rebuilding @ http://localhost:3000/_next/static/chunks/5947f_next_dist_3158406f._.js:1053
[ 2165497ms] [LOG] [Fast Refresh] done in 456ms @ http://localhost:3000/_next/static/chunks/5947f_next_dist_3158406f._.js:1053
[ 2165756ms] [LOG] [Fast Refresh] rebuilding @ http://localhost:3000/_next/static/chunks/5947f_next_dist_3158406f._.js:1053
[ 2166127ms] [LOG] [Fast Refresh] done in 471ms @ http://localhost:3000/_next/static/chunks/5947f_next_dist_3158406f._.js:1053
[ 2201507ms] [LOG] [Fast Refresh] rebuilding @ http://localhost:3000/_next/static/chunks/5947f_next_dist_3158406f._.js:1053
[ 2201865ms] [LOG] [Fast Refresh] done in 460ms @ http://localhost:3000/_next/static/chunks/5947f_next_dist_3158406f._.js:1053
[ 2223561ms] [LOG] [Fast Refresh] rebuilding @ http://localhost:3000/_next/static/chunks/5947f_next_dist_3158406f._.js:1053
[ 2223675ms] [LOG] [Fast Refresh] done in 216ms @ http://localhost:3000/_next/static/chunks/5947f_next_dist_3158406f._.js:1053
[ 2223776ms] [LOG] [Fast Refresh] rebuilding @ http://localhost:3000/_next/static/chunks/5947f_next_dist_3158406f._.js:1053
[ 2223872ms] [LOG] [Fast Refresh] done in 196ms @ http://localhost:3000/_next/static/chunks/5947f_next_dist_3158406f._.js:1053
[ 2228055ms] [LOG] [Fast Refresh] rebuilding @ http://localhost:3000/_next/static/chunks/5947f_next_dist_3158406f._.js:1053
[ 2228244ms] [LOG] [Fast Refresh] done in 289ms @ http://localhost:3000/_next/static/chunks/5947f_next_dist_3158406f._.js:1053
[ 2228345ms] [LOG] [Fast Refresh] rebuilding @ http://localhost:3000/_next/static/chunks/5947f_next_dist_3158406f._.js:1053
[ 2228489ms] [LOG] [Fast Refresh] done in 244ms @ http://localhost:3000/_next/static/chunks/5947f_next_dist_3158406f._.js:1053
[ 2237879ms] [LOG] [Fast Refresh] rebuilding @ http://localhost:3000/_next/static/chunks/5947f_next_dist_3158406f._.js:1053
[ 2238178ms] [LOG] [Fast Refresh] done in 401ms @ http://localhost:3000/_next/static/chunks/5947f_next_dist_3158406f._.js:1053
[ 2246406ms] [LOG] [Fast Refresh] rebuilding @ http://localhost:3000/_next/static/chunks/5947f_next_dist_3158406f._.js:1053
[ 2246642ms] [LOG] [Fast Refresh] done in 338ms @ http://localhost:3000/_next/static/chunks/5947f_next_dist_3158406f._.js:1053
[ 2246760ms] [LOG] [Fast Refresh] rebuilding @ http://localhost:3000/_next/static/chunks/5947f_next_dist_3158406f._.js:1053
[ 2246970ms] [LOG] [Fast Refresh] done in 310ms @ http://localhost:3000/_next/static/chunks/5947f_next_dist_3158406f._.js:1053
[ 2288960ms] [LOG] [Fast Refresh] rebuilding @ http://localhost:3000/_next/static/chunks/5947f_next_dist_3158406f._.js:1053
[ 2289022ms] [LOG] [Fast Refresh] done in 162ms @ http://localhost:3000/_next/static/chunks/5947f_next_dist_3158406f._.js:1053
[ 2298206ms] [LOG] [Fast Refresh] rebuilding @ http://localhost:3000/_next/static/chunks/5947f_next_dist_3158406f._.js:1053
[ 2298260ms] [LOG] [Fast Refresh] done in 156ms @ http://localhost:3000/_next/static/chunks/5947f_next_dist_3158406f._.js:1053
[ 2317401ms] [LOG] [Fast Refresh] rebuilding @ http://localhost:3000/_next/static/chunks/5947f_next_dist_3158406f._.js:1053
[ 2317597ms] [LOG] [Fast Refresh] done in 298ms @ http://localhost:3000/_next/static/chunks/5947f_next_dist_3158406f._.js:1053
[ 2341419ms] [LOG] [Fast Refresh] rebuilding @ http://localhost:3000/_next/static/chunks/5947f_next_dist_3158406f._.js:1053
[ 2341581ms] [LOG] [Fast Refresh] done in 263ms @ http://localhost:3000/_next/static/chunks/5947f_next_dist_3158406f._.js:1053
[ 2349159ms] [LOG] [Fast Refresh] rebuilding @ http://localhost:3000/_next/static/chunks/5947f_next_dist_3158406f._.js:1053
[ 2349305ms] [LOG] [Fast Refresh] done in 247ms @ http://localhost:3000/_next/static/chunks/5947f_next_dist_3158406f._.js:1053
[ 2349407ms] [LOG] [Fast Refresh] rebuilding @ http://localhost:3000/_next/static/chunks/5947f_next_dist_3158406f._.js:1053
[ 2349503ms] [LOG] [Fast Refresh] done in 196ms @ http://localhost:3000/_next/static/chunks/5947f_next_dist_3158406f._.js:1053
[ 2369039ms] [LOG] [Fast Refresh] rebuilding @ http://localhost:3000/_next/static/chunks/5947f_next_dist_3158406f._.js:1053
[ 2369841ms] [LOG] [Fast Refresh] done in 904ms @ http://localhost:3000/_next/static/chunks/5947f_next_dist_3158406f._.js:1053
[ 2371603ms] [LOG] [Fast Refresh] rebuilding @ http://localhost:3000/_next/static/chunks/5947f_next_dist_3158406f._.js:1053
[ 2371756ms] [LOG] [Fast Refresh] done in 255ms @ http://localhost:3000/_next/static/chunks/5947f_next_dist_3158406f._.js:1053
[ 2371862ms] [LOG] [Fast Refresh] rebuilding @ http://localhost:3000/_next/static/chunks/5947f_next_dist_3158406f._.js:1053
[ 2371968ms] [LOG] [Fast Refresh] done in 209ms @ http://localhost:3000/_next/static/chunks/5947f_next_dist_3158406f._.js:1053
[ 2376118ms] [LOG] [Fast Refresh] rebuilding @ http://localhost:3000/_next/static/chunks/5947f_next_dist_3158406f._.js:1053
[ 2376227ms] [LOG] [Fast Refresh] done in 210ms @ http://localhost:3000/_next/static/chunks/5947f_next_dist_3158406f._.js:1053
[ 2376329ms] [LOG] [Fast Refresh] rebuilding @ http://localhost:3000/_next/static/chunks/5947f_next_dist_3158406f._.js:1053
[ 2376457ms] [LOG] [Fast Refresh] done in 229ms @ http://localhost:3000/_next/static/chunks/5947f_next_dist_3158406f._.js:1053
[ 2379945ms] [LOG] [Fast Refresh] rebuilding @ http://localhost:3000/_next/static/chunks/5947f_next_dist_3158406f._.js:1053
[ 2381258ms] [LOG] [Fast Refresh] done in 1414ms @ http://localhost:3000/_next/static/chunks/5947f_next_dist_3158406f._.js:1053
[ 2391658ms] [LOG] [Fast Refresh] rebuilding @ http://localhost:3000/_next/static/chunks/5947f_next_dist_3158406f._.js:1053
[ 2392125ms] [LOG] [Fast Refresh] done in 568ms @ http://localhost:3000/_next/static/chunks/5947f_next_dist_3158406f._.js:1053
[ 2392246ms] [LOG] [Fast Refresh] rebuilding @ http://localhost:3000/_next/static/chunks/5947f_next_dist_3158406f._.js:1053
[ 2392574ms] [LOG] [Fast Refresh] done in 430ms @ http://localhost:3000/_next/static/chunks/5947f_next_dist_3158406f._.js:1053
[ 2402836ms] [LOG] [Fast Refresh] rebuilding @ http://localhost:3000/_next/static/chunks/5947f_next_dist_3158406f._.js:1053
[ 2403095ms] [LOG] [Fast Refresh] done in 360ms @ http://localhost:3000/_next/static/chunks/5947f_next_dist_3158406f._.js:1053
[ 2403213ms] [LOG] [Fast Refresh] rebuilding @ http://localhost:3000/_next/static/chunks/5947f_next_dist_3158406f._.js:1053
[ 2403485ms] [LOG] [Fast Refresh] done in 374ms @ http://localhost:3000/_next/static/chunks/5947f_next_dist_3158406f._.js:1053
[ 2439597ms] [LOG] [Fast Refresh] rebuilding @ http://localhost:3000/_next/static/chunks/5947f_next_dist_3158406f._.js:1053
[ 2439959ms] [LOG] [Fast Refresh] done in 462ms @ http://localhost:3000/_next/static/chunks/5947f_next_dist_3158406f._.js:1053
[ 2478475ms] [LOG] [Fast Refresh] rebuilding @ http://localhost:3000/_next/static/chunks/5947f_next_dist_3158406f._.js:1053
[ 2478638ms] [LOG] [Fast Refresh] done in 264ms @ http://localhost:3000/_next/static/chunks/5947f_next_dist_3158406f._.js:1053
[ 2478740ms] [LOG] [Fast Refresh] rebuilding @ http://localhost:3000/_next/static/chunks/5947f_next_dist_3158406f._.js:1053
[ 2478894ms] [LOG] [Fast Refresh] done in 255ms @ http://localhost:3000/_next/static/chunks/5947f_next_dist_3158406f._.js:1053
[ 2536942ms] [LOG] [Fast Refresh] rebuilding @ http://localhost:3000/_next/static/chunks/5947f_next_dist_3158406f._.js:1053
[ 2537051ms] [LOG] [Fast Refresh] done in 210ms @ http://localhost:3000/_next/static/chunks/5947f_next_dist_3158406f._.js:1053
[ 2578734ms] [LOG] [Fast Refresh] rebuilding @ http://localhost:3000/_next/static/chunks/5947f_next_dist_3158406f._.js:1053
[ 2579585ms] [LOG] [Fast Refresh] done in 953ms @ http://localhost:3000/_next/static/chunks/5947f_next_dist_3158406f._.js:1053
[ 2605574ms] [LOG] [Fast Refresh] rebuilding @ http://localhost:3000/_next/static/chunks/5947f_next_dist_3158406f._.js:1053
[ 2605713ms] [LOG] [Fast Refresh] done in 240ms @ http://localhost:3000/_next/static/chunks/5947f_next_dist_3158406f._.js:1053
[ 2605814ms] [LOG] [Fast Refresh] rebuilding @ http://localhost:3000/_next/static/chunks/5947f_next_dist_3158406f._.js:1053
[ 2605954ms] [LOG] [Fast Refresh] done in 240ms @ http://localhost:3000/_next/static/chunks/5947f_next_dist_3158406f._.js:1053
[ 2638686ms] [LOG] [Fast Refresh] rebuilding @ http://localhost:3000/_next/static/chunks/5947f_next_dist_3158406f._.js:1053
[ 2638731ms] [LOG] [Fast Refresh] done in 147ms @ http://localhost:3000/_next/static/chunks/5947f_next_dist_3158406f._.js:1053
[ 2653524ms] [LOG] [Fast Refresh] rebuilding @ http://localhost:3000/_next/static/chunks/5947f_next_dist_3158406f._.js:1053
[ 2653588ms] [LOG] [Fast Refresh] done in 166ms @ http://localhost:3000/_next/static/chunks/5947f_next_dist_3158406f._.js:1053
[ 2655298ms] [LOG] [Fast Refresh] rebuilding @ http://localhost:3000/_next/static/chunks/5947f_next_dist_3158406f._.js:1053
[ 2655365ms] [LOG] [Fast Refresh] done in 167ms @ http://localhost:3000/_next/static/chunks/5947f_next_dist_3158406f._.js:1053
[ 2661883ms] [LOG] [Fast Refresh] rebuilding @ http://localhost:3000/_next/static/chunks/5947f_next_dist_3158406f._.js:1053
[ 2661992ms] [LOG] [Fast Refresh] done in 210ms @ http://localhost:3000/_next/static/chunks/5947f_next_dist_3158406f._.js:1053
[ 2665121ms] [LOG] [Fast Refresh] rebuilding @ http://localhost:3000/_next/static/chunks/5947f_next_dist_3158406f._.js:1053
[ 2665338ms] [LOG] [Fast Refresh] done in 318ms @ http://localhost:3000/_next/static/chunks/5947f_next_dist_3158406f._.js:1053
[ 2700965ms] [LOG] [Fast Refresh] rebuilding @ http://localhost:3000/_next/static/chunks/5947f_next_dist_3158406f._.js:1053
[ 2701169ms] [LOG] [Fast Refresh] done in 305ms @ http://localhost:3000/_next/static/chunks/5947f_next_dist_3158406f._.js:1053
[ 2701293ms] [LOG] [Fast Refresh] rebuilding @ http://localhost:3000/_next/static/chunks/5947f_next_dist_3158406f._.js:1053
[ 2701463ms] [LOG] [Fast Refresh] done in 270ms @ http://localhost:3000/_next/static/chunks/5947f_next_dist_3158406f._.js:1053
[ 2702799ms] [LOG] [Fast Refresh] rebuilding @ http://localhost:3000/_next/static/chunks/5947f_next_dist_3158406f._.js:1053
[ 2703038ms] [LOG] [Fast Refresh] done in 341ms @ http://localhost:3000/_next/static/chunks/5947f_next_dist_3158406f._.js:1053
[ 2724058ms] [LOG] [Fast Refresh] rebuilding @ http://localhost:3000/_next/static/chunks/5947f_next_dist_3158406f._.js:1053
[ 2725342ms] [LOG] [Fast Refresh] done in 1388ms @ http://localhost:3000/_next/static/chunks/5947f_next_dist_3158406f._.js:1053
[ 2725444ms] [LOG] [Fast Refresh] rebuilding @ http://localhost:3000/_next/static/chunks/5947f_next_dist_3158406f._.js:1053
[ 2726221ms] [LOG] [Fast Refresh] done in 877ms @ http://localhost:3000/_next/static/chunks/5947f_next_dist_3158406f._.js:1053
[ 2726338ms] [LOG] [Fast Refresh] rebuilding @ http://localhost:3000/_next/static/chunks/5947f_next_dist_3158406f._.js:1053
[ 2727127ms] [LOG] [Fast Refresh] done in 892ms @ http://localhost:3000/_next/static/chunks/5947f_next_dist_3158406f._.js:1053
[ 2727259ms] [LOG] [Fast Refresh] rebuilding @ http://localhost:3000/_next/static/chunks/5947f_next_dist_3158406f._.js:1053
[ 2728032ms] [LOG] [Fast Refresh] done in 874ms @ http://localhost:3000/_next/static/chunks/5947f_next_dist_3158406f._.js:1053
[ 2742668ms] [LOG] [Fast Refresh] rebuilding @ http://localhost:3000/_next/static/chunks/5947f_next_dist_3158406f._.js:1053
[ 2743023ms] [LOG] [Fast Refresh] done in 456ms @ http://localhost:3000/_next/static/chunks/5947f_next_dist_3158406f._.js:1053
[ 2745135ms] [LOG] [Fast Refresh] rebuilding @ http://localhost:3000/_next/static/chunks/5947f_next_dist_3158406f._.js:1053
[ 2746163ms] [LOG] [Fast Refresh] done in 1129ms @ http://localhost:3000/_next/static/chunks/5947f_next_dist_3158406f._.js:1053
[ 2759762ms] [LOG] [Fast Refresh] rebuilding @ http://localhost:3000/_next/static/chunks/5947f_next_dist_3158406f._.js:1053
[ 2760773ms] [LOG] [Fast Refresh] done in 1112ms @ http://localhost:3000/_next/static/chunks/5947f_next_dist_3158406f._.js:1053
[ 2781428ms] [LOG] [Fast Refresh] rebuilding @ http://localhost:3000/_next/static/chunks/5947f_next_dist_3158406f._.js:1053
[ 2781921ms] [LOG] [Fast Refresh] done in 595ms @ http://localhost:3000/_next/static/chunks/5947f_next_dist_3158406f._.js:1053
[ 2782024ms] [LOG] [Fast Refresh] rebuilding @ http://localhost:3000/_next/static/chunks/5947f_next_dist_3158406f._.js:1053
[ 2782357ms] [LOG] [Fast Refresh] done in 435ms @ http://localhost:3000/_next/static/chunks/5947f_next_dist_3158406f._.js:1053
[ 2801342ms] [LOG] [Fast Refresh] rebuilding @ http://localhost:3000/_next/static/chunks/5947f_next_dist_3158406f._.js:1053
[ 2801721ms] [LOG] [Fast Refresh] done in 480ms @ http://localhost:3000/_next/static/chunks/5947f_next_dist_3158406f._.js:1053
[ 2801855ms] [LOG] [Fast Refresh] rebuilding @ http://localhost:3000/_next/static/chunks/5947f_next_dist_3158406f._.js:1053
[ 2802123ms] [LOG] [Fast Refresh] done in 369ms @ http://localhost:3000/_next/static/chunks/5947f_next_dist_3158406f._.js:1053
[ 2826623ms] [LOG] [Fast Refresh] rebuilding @ http://localhost:3000/_next/static/chunks/5947f_next_dist_3158406f._.js:1053
[ 2828019ms] [LOG] [Fast Refresh] done in 1496ms @ http://localhost:3000/_next/static/chunks/5947f_next_dist_3158406f._.js:1053
[ 2828463ms] [LOG] [Fast Refresh] rebuilding @ http://localhost:3000/_next/static/chunks/5947f_next_dist_3158406f._.js:1053
[ 2829226ms] [LOG] [Fast Refresh] done in 864ms @ http://localhost:3000/_next/static/chunks/5947f_next_dist_3158406f._.js:1053
[ 2844239ms] [LOG] [Fast Refresh] rebuilding @ http://localhost:3000/_next/static/chunks/5947f_next_dist_3158406f._.js:1053
[ 2844677ms] [LOG] [Fast Refresh] done in 538ms @ http://localhost:3000/_next/static/chunks/5947f_next_dist_3158406f._.js:1053
[ 2845653ms] [LOG] [Fast Refresh] rebuilding @ http://localhost:3000/_next/static/chunks/5947f_next_dist_3158406f._.js:1053
[ 2845817ms] [LOG] [Fast Refresh] done in 266ms @ http://localhost:3000/_next/static/chunks/5947f_next_dist_3158406f._.js:1053
[ 2845919ms] [LOG] [Fast Refresh] rebuilding @ http://localhost:3000/_next/static/chunks/5947f_next_dist_3158406f._.js:1053
[ 2846172ms] [LOG] [Fast Refresh] done in 353ms @ http://localhost:3000/_next/static/chunks/5947f_next_dist_3158406f._.js:1053
[ 2886710ms] [LOG] [Fast Refresh] rebuilding @ http://localhost:3000/_next/static/chunks/5947f_next_dist_3158406f._.js:1053
[ 2888627ms] [LOG] [Fast Refresh] done in 2018ms @ http://localhost:3000/_next/static/chunks/5947f_next_dist_3158406f._.js:1053
[ 2889886ms] [LOG] [Fast Refresh] rebuilding @ http://localhost:3000/_next/static/chunks/5947f_next_dist_3158406f._.js:1053
[ 2890856ms] [LOG] [Fast Refresh] done in 1071ms @ http://localhost:3000/_next/static/chunks/5947f_next_dist_3158406f._.js:1053
[ 2890960ms] [LOG] [Fast Refresh] rebuilding @ http://localhost:3000/_next/static/chunks/5947f_next_dist_3158406f._.js:1053
[ 2891562ms] [LOG] [Fast Refresh] done in 704ms @ http://localhost:3000/_next/static/chunks/5947f_next_dist_3158406f._.js:1053
[ 2898244ms] [LOG] [Fast Refresh] rebuilding @ http://localhost:3000/_next/static/chunks/5947f_next_dist_3158406f._.js:1053
[ 2898709ms] [LOG] [Fast Refresh] done in 566ms @ http://localhost:3000/_next/static/chunks/5947f_next_dist_3158406f._.js:1053
[ 2916222ms] [LOG] [Fast Refresh] rebuilding @ http://localhost:3000/_next/static/chunks/5947f_next_dist_3158406f._.js:1053
[ 2917983ms] [LOG] [Fast Refresh] done in 1862ms @ http://localhost:3000/_next/static/chunks/5947f_next_dist_3158406f._.js:1053
[ 2942584ms] [LOG] [Fast Refresh] rebuilding @ http://localhost:3000/_next/static/chunks/5947f_next_dist_3158406f._.js:1053
[ 2942949ms] [LOG] [Fast Refresh] done in 466ms @ http://localhost:3000/_next/static/chunks/5947f_next_dist_3158406f._.js:1053
[ 2943117ms] [LOG] [Fast Refresh] rebuilding @ http://localhost:3000/_next/static/chunks/5947f_next_dist_3158406f._.js:1053
[ 2943438ms] [LOG] [Fast Refresh] done in 423ms @ http://localhost:3000/_next/static/chunks/5947f_next_dist_3158406f._.js:1053
[ 2962587ms] [LOG] [Fast Refresh] rebuilding @ http://localhost:3000/_next/static/chunks/5947f_next_dist_3158406f._.js:1053
[ 2963117ms] [LOG] [Fast Refresh] done in 632ms @ http://localhost:3000/_next/static/chunks/5947f_next_dist_3158406f._.js:1053
[ 2969509ms] [LOG] [Fast Refresh] rebuilding @ http://localhost:3000/_next/static/chunks/5947f_next_dist_3158406f._.js:1053
[ 2969882ms] [LOG] [Fast Refresh] done in 474ms @ http://localhost:3000/_next/static/chunks/5947f_next_dist_3158406f._.js:1053
[ 2970036ms] [LOG] [Fast Refresh] rebuilding @ http://localhost:3000/_next/static/chunks/5947f_next_dist_3158406f._.js:1053
[ 2970532ms] [LOG] [Fast Refresh] done in 597ms @ http://localhost:3000/_next/static/chunks/5947f_next_dist_3158406f._.js:1053
[ 3003788ms] [LOG] [Fast Refresh] rebuilding @ http://localhost:3000/_next/static/chunks/5947f_next_dist_3158406f._.js:1053
[ 3004301ms] [LOG] [Fast Refresh] done in 614ms @ http://localhost:3000/_next/static/chunks/5947f_next_dist_3158406f._.js:1053
[ 3004402ms] [LOG] [Fast Refresh] rebuilding @ http://localhost:3000/_next/static/chunks/5947f_next_dist_3158406f._.js:1053
[ 3004748ms] [LOG] [Fast Refresh] done in 447ms @ http://localhost:3000/_next/static/chunks/5947f_next_dist_3158406f._.js:1053
[ 3014671ms] [LOG] [Fast Refresh] rebuilding @ http://localhost:3000/_next/static/chunks/5947f_next_dist_3158406f._.js:1053
[ 3015052ms] [LOG] [Fast Refresh] done in 482ms @ http://localhost:3000/_next/static/chunks/5947f_next_dist_3158406f._.js:1053
[ 3015155ms] [LOG] [Fast Refresh] rebuilding @ http://localhost:3000/_next/static/chunks/5947f_next_dist_3158406f._.js:1053
[ 3015398ms] [LOG] [Fast Refresh] done in 344ms @ http://localhost:3000/_next/static/chunks/5947f_next_dist_3158406f._.js:1053
[ 3031841ms] [LOG] [Fast Refresh] rebuilding @ http://localhost:3000/_next/static/chunks/5947f_next_dist_3158406f._.js:1053
[ 3033354ms] [LOG] [Fast Refresh] done in 1614ms @ http://localhost:3000/_next/static/chunks/5947f_next_dist_3158406f._.js:1053
[ 3033871ms] [LOG] [Fast Refresh] rebuilding @ http://localhost:3000/_next/static/chunks/5947f_next_dist_3158406f._.js:1053
[ 3035376ms] [LOG] [Fast Refresh] done in 1607ms @ http://localhost:3000/_next/static/chunks/5947f_next_dist_3158406f._.js:1053
[ 3067712ms] [LOG] [Fast Refresh] rebuilding @ http://localhost:3000/_next/static/chunks/5947f_next_dist_3158406f._.js:1053
[ 3067906ms] [LOG] [Fast Refresh] done in 294ms @ http://localhost:3000/_next/static/chunks/5947f_next_dist_3158406f._.js:1053
[ 3072704ms] [LOG] [Fast Refresh] rebuilding @ http://localhost:3000/_next/static/chunks/5947f_next_dist_3158406f._.js:1053
[ 3072916ms] [LOG] [Fast Refresh] done in 314ms @ http://localhost:3000/_next/static/chunks/5947f_next_dist_3158406f._.js:1053
[ 3084075ms] [LOG] [Fast Refresh] rebuilding @ http://localhost:3000/_next/static/chunks/5947f_next_dist_3158406f._.js:1053
[ 3093430ms] [LOG] [Fast Refresh] done in 9464ms @ http://localhost:3000/_next/static/chunks/5947f_next_dist_3158406f._.js:1053
[ 3095488ms] [LOG] [Fast Refresh] rebuilding @ http://localhost:3000/_next/static/chunks/5947f_next_dist_3158406f._.js:1053
[ 3099179ms] [LOG] [Fast Refresh] done in 3793ms @ http://localhost:3000/_next/static/chunks/5947f_next_dist_3158406f._.js:1053
[ 3107726ms] [LOG] [Fast Refresh] rebuilding @ http://localhost:3000/_next/static/chunks/5947f_next_dist_3158406f._.js:1053
[ 3108663ms] [LOG] [Fast Refresh] done in 1038ms @ http://localhost:3000/_next/static/chunks/5947f_next_dist_3158406f._.js:1053
[ 3112179ms] [LOG] [Fast Refresh] rebuilding @ http://localhost:3000/_next/static/chunks/5947f_next_dist_3158406f._.js:1053
[ 3113040ms] [LOG] [Fast Refresh] done in 962ms @ http://localhost:3000/_next/static/chunks/5947f_next_dist_3158406f._.js:1053
[ 3120406ms] [LOG] [Fast Refresh] rebuilding @ http://localhost:3000/_next/static/chunks/5947f_next_dist_3158406f._.js:1053
[ 3122323ms] [LOG] [Fast Refresh] done in 2017ms @ http://localhost:3000/_next/static/chunks/5947f_next_dist_3158406f._.js:1053
[ 3124588ms] [LOG] [Fast Refresh] rebuilding @ http://localhost:3000/_next/static/chunks/5947f_next_dist_3158406f._.js:1053
[ 3124968ms] [LOG] [Fast Refresh] done in 481ms @ http://localhost:3000/_next/static/chunks/5947f_next_dist_3158406f._.js:1053
