[     238ms] [LOG] [Fast Refresh] rebuilding @ http://localhost:3000/_next/static/chunks/5947f_next_dist_3158406f._.js:1053
[    1742ms] [LOG] [Fast Refresh] done in 1605ms @ http://localhost:3000/_next/static/chunks/5947f_next_dist_3158406f._.js:1053
[    3264ms] [LOG] [Client Instrumentation Hook] Slow execution detected: 33ms (Note: Code download overhead is not included in this measurement) @ http://localhost:3000/_next/static/chunks/5947f_next_dist_3158406f._.js:687
[    3287ms] [INFO] %cDownload the React DevTools for a better development experience: https://react.dev/link/react-devtools font-weight:bold @ http://localhost:3000/_next/static/chunks/5947f_next_dist_3158406f._.js:1053
[    3742ms] [LOG] [HMR] connected @ http://localhost:3000/_next/static/chunks/5947f_next_dist_3158406f._.js:1053
[    6000ms] [LOG] [Fast Refresh] rebuilding @ http://localhost:3000/_next/static/chunks/5947f_next_dist_3158406f._.js:1053
[    6109ms] [LOG] [Fast Refresh] done in 210ms @ http://localhost:3000/_next/static/chunks/5947f_next_dist_3158406f._.js:1053
[    6799ms] [LOG] [Fast Refresh] rebuilding @ http://localhost:3000/_next/static/chunks/5947f_next_dist_3158406f._.js:1053
[    6839ms] [LOG] [Fast Refresh] done in 142ms @ http://localhost:3000/_next/static/chunks/5947f_next_dist_3158406f._.js:1053
[    8176ms] [LOG] [Fast Refresh] rebuilding @ http://localhost:3000/_next/static/chunks/5947f_next_dist_3158406f._.js:1053
[   11401ms] [LOG] [Fast Refresh] done in 3325ms @ http://localhost:3000/_next/static/chunks/5947f_next_dist_3158406f._.js:1053
[   11508ms] [LOG] [Fast Refresh] rebuilding @ http://localhost:3000/_next/static/chunks/5947f_next_dist_3158406f._.js:1053
[   14603ms] [LOG] [Fast Refresh] done in 3200ms @ http://localhost:3000/_next/static/chunks/5947f_next_dist_3158406f._.js:1053
[   28246ms] [LOG] [Fast Refresh] rebuilding @ http://localhost:3000/_next/static/chunks/5947f_next_dist_3158406f._.js:1053
[   31481ms] [LOG] [Fast Refresh] done in 3338ms @ http://localhost:3000/_next/static/chunks/5947f_next_dist_3158406f._.js:1053
[   33786ms] [LOG] [Fast Refresh] rebuilding @ http://localhost:3000/_next/static/chunks/5947f_next_dist_3158406f._.js:1053
[   34956ms] [LOG] [Fast Refresh] done in 1271ms @ http://localhost:3000/_next/static/chunks/5947f_next_dist_3158406f._.js:1053
[   36330ms] [LOG] [Fast Refresh] rebuilding @ http://localhost:3000/_next/static/chunks/5947f_next_dist_3158406f._.js:1053
[   40027ms] [LOG] [Fast Refresh] done in 3798ms @ http://localhost:3000/_next/static/chunks/5947f_next_dist_3158406f._.js:1053
[   41879ms] [LOG] [Fast Refresh] rebuilding @ http://localhost:3000/_next/static/chunks/5947f_next_dist_3158406f._.js:1053
[   44563ms] [LOG] [Fast Refresh] done in 2784ms @ http://localhost:3000/_next/static/chunks/5947f_next_dist_3158406f._.js:1053
[   48696ms] [LOG] [Fast Refresh] rebuilding @ http://localhost:3000/_next/static/chunks/5947f_next_dist_3158406f._.js:1053
[   52826ms] [LOG] [Fast Refresh] done in 4231ms @ http://localhost:3000/_next/static/chunks/5947f_next_dist_3158406f._.js:1053
[   53430ms] [LOG] [Fast Refresh] rebuilding @ http://localhost:3000/_next/static/chunks/5947f_next_dist_3158406f._.js:1053
[   53508ms] [LOG] [Fast Refresh] done in 179ms @ http://localhost:3000/_next/static/chunks/5947f_next_dist_3158406f._.js:1053
[   56335ms] [LOG] [Fast Refresh] rebuilding @ http://localhost:3000/_next/static/chunks/5947f_next_dist_3158406f._.js:1053
[   59411ms] [LOG] [Fast Refresh] done in 3177ms @ http://localhost:3000/_next/static/chunks/5947f_next_dist_3158406f._.js:1053
[   59884ms] [LOG] [Fast Refresh] rebuilding @ http://localhost:3000/_next/static/chunks/5947f_next_dist_3158406f._.js:1053
[   65915ms] [LOG] [Fast Refresh] done in 6131ms @ http://localhost:3000/_next/static/chunks/5947f_next_dist_3158406f._.js:1053
[   77997ms] [LOG] [Fast Refresh] rebuilding @ http://localhost:3000/_next/static/chunks/5947f_next_dist_3158406f._.js:1053
[   82065ms] [LOG] [Fast Refresh] done in 4168ms @ http://localhost:3000/_next/static/chunks/5947f_next_dist_3158406f._.js:1053
[   82531ms] [LOG] [Fast Refresh] rebuilding @ http://localhost:3000/_next/static/chunks/5947f_next_dist_3158406f._.js:1053
[   84643ms] [LOG] [Fast Refresh] done in 2213ms @ http://localhost:3000/_next/static/chunks/5947f_next_dist_3158406f._.js:1053
[   91228ms] [INFO] %cDownload the React DevTools for a better development experience: https://react.dev/link/react-devtools font-weight:bold @ http://localhost:3000/_next/static/chunks/5947f_next_dist_3158406f._.js:1053
[   91339ms] [LOG] [HMR] connected @ http://localhost:3000/_next/static/chunks/5947f_next_dist_3158406f._.js:1053
[   94597ms] [LOG] [Fast Refresh] rebuilding @ http://localhost:3000/_next/static/chunks/5947f_next_dist_3158406f._.js:1053
[   94889ms] [LOG] [Fast Refresh] done in 392ms @ http://localhost:3000/_next/static/chunks/5947f_next_dist_3158406f._.js:1053
[   95309ms] [LOG] [Fast Refresh] rebuilding @ http://localhost:3000/_next/static/chunks/5947f_next_dist_3158406f._.js:1053
[   95575ms] [LOG] [Fast Refresh] done in 367ms @ http://localhost:3000/_next/static/chunks/5947f_next_dist_3158406f._.js:1053
