[     801ms] [INFO] %cDownload the React DevTools for a better development experience: https://react.dev/link/react-devtools font-weight:bold @ http://localhost:3000/_next/static/chunks/4f107_next_dist_ef166fba._.js:1053
[     883ms] [LOG] [HMR] connected @ http://localhost:3000/_next/static/chunks/4f107_next_dist_ef166fba._.js:1053
[    1191ms] [ERROR] A tree hydrated but some attributes of the server rendered HTML didn't match the client properties. This won't be patched up. This can happen if a SSR-ed Client Component used:

- A server/client branch `if (typeof window !== 'undefined')`.
- Variable input such as `Date.now()` or `Math.random()` which changes each time it's called.
- Date formatting in a user's locale which doesn't match the server.
- External changing data without sending a snapshot of it along with the HTML.
- Invalid HTML tag nesting.

It can also happen if the client has a browser extension installed which messes with the HTML before React loaded.

%s%s https://react.dev/link/hydration-mismatch 

  ...
    <WidgetBoard widgets={[...]} allAvailable={[...]} initialPrefs={{}} slots={{...}}>
      <div className="space-y-4">
        <div>
        <DndContext sensors={[...]} collisionDetection={function closestCenter} onDragEnd={function handleDragEnd}>
          <SortableContext items={[...]} strategy={function verticalListSortingStrategy}>
            <div className="grid lg:gr...">
              <SortableWidgetItem widget={{id:"metric...", ...}} collapsed={false} ...>
                <div ref={function useCombinedRefs.useMemo} style={{...}}>
                  <WidgetShell id="metric-act..." title="Active Pro..." icon="view_kanban" href="/portal/pr..." ...>
                    <div className="bg-card bo...">
                      <div className="flex items...">
                        <button
                          type="button"
                          className="shrink-0 cursor-grab active:cursor-grabbing text-muted-foreground hover:text-fore..."
                          aria-label="Drag to reorder"
                          role="button"
                          tabIndex={0}
                          aria-disabled={false}
                          aria-pressed={undefined}
                          aria-roledescription="sortable"
+                         aria-describedby="DndDescribedBy-0"
-                         aria-describedby="DndDescribedBy-3"
                          onPointerDown={function useSyntheticListeners.useMemo}
                          onKeyDown={function useSyntheticListeners.useMemo}
                        >
                        ...
                      ...
              <SortableWidgetItem widget={{id:"metric...", ...}} collapsed={false} ...>
                <div ref={function useCombinedRefs.useMemo} style={{...}}>
                  <WidgetShell id="metric-ope..." title="Open Tickets" icon="support_agent" href="/portal/ti..." ...>
                    <div className="bg-card bo...">
                      <div className="flex items...">
                        <button
                          type="button"
                          className="shrink-0 cursor-grab active:cursor-grabbing text-muted-foreground hover:text-fore..."
                          aria-label="Drag to reorder"
                          role="button"
                          tabIndex={0}
                          aria-disabled={false}
                          aria-pressed={undefined}
                          aria-roledescription="sortable"
+                         aria-describedby="DndDescribedBy-0"
-                         aria-describedby="DndDescribedBy-3"
                          onPointerDown={function useSyntheticListeners.useMemo}
                          onKeyDown={function useSyntheticListeners.useMemo}
                        >
                        ...
                      ...
              <SortableWidgetItem widget={{id:"metric...", ...}} collapsed={false} ...>
                <div ref={function useCombinedRefs.useMemo} style={{...}}>
                  <WidgetShell id="metric-unp..." title="Unpaid Inv..." icon="receipt_long" href="/portal/in..." ...>
                    <div className="bg-card bo...">
                      <div className="flex items...">
                        <button
                          type="button"
                          className="shrink-0 cursor-grab active:cursor-grabbing text-muted-foreground hover:text-fore..."
                          aria-label="Drag to reorder"
                          role="button"
                          tabIndex={0}
                          aria-disabled={false}
                          aria-pressed={undefined}
                          aria-roledescription="sortable"
+                         aria-describedby="DndDescribedBy-0"
-                         aria-describedby="DndDescribedBy-3"
                          onPointerDown={function useSyntheticListeners.useMemo}
                          onKeyDown={function useSyntheticListeners.useMemo}
                        >
                        ...
                      ...
              <SortableWidgetItem widget={{id:"metric...", ...}} collapsed={false} ...>
                <div ref={function useCombinedRefs.useMemo} style={{...}}>
                  <WidgetShell id="metric-amo..." title="Amount Due" icon="attach_money" href="/portal/in..." ...>
                    <div className="bg-card bo...">
                      <div className="flex items...">
                        <button
                          type="button"
                          className="shrink-0 cursor-grab active:cursor-grabbing text-muted-foreground hover:text-fore..."
                          aria-label="Drag to reorder"
                          role="button"
                          tabIndex={0}
                          aria-disabled={false}
                          aria-pressed={undefined}
                          aria-roledescription="sortable"
+                         aria-describedby="DndDescribedBy-0"
-                         aria-describedby="DndDescribedBy-3"
                          onPointerDown={function useSyntheticListeners.useMemo}
                          onKeyDown={function useSyntheticListeners.useMemo}
                        >
                        ...
                      ...
              <SortableWidgetItem widget={{id:"crm-sn...", ...}} collapsed={false} ...>
                <div ref={function useCombinedRefs.useMemo} style={{...}}>
                  <WidgetShell id="crm-snapshot" title="CRM Snapshot" icon="groups" href="/portal/crm" collapsed={false} ...>
                    <div className="bg-card bo...">
                      <div className="flex items...">
                        <button
                          type="button"
                          className="shrink-0 cursor-grab active:cursor-grabbing text-muted-foreground hover:text-fore..."
                          aria-label="Drag to reorder"
                          role="button"
                          tabIndex={0}
                          aria-disabled={false}
                          aria-pressed={undefined}
                          aria-roledescription="sortable"
+                         aria-describedby="DndDescribedBy-0"
-                         aria-describedby="DndDescribedBy-3"
                          onPointerDown={function useSyntheticListeners.useMemo}
                          onKeyDown={function useSyntheticListeners.useMemo}
                        >
                        ...
                      ...
              <SortableWidgetItem widget={{id:"projec...", ...}} collapsed={false} ...>
                <div ref={function useCombinedRefs.useMemo} style={{...}}>
                  <WidgetShell id="projects-o..." title="Projects O..." icon="view_kanban" href="/portal/pr..." ...>
                    <div className="bg-card bo...">
                      <div className="flex items...">
                        <button
                          type="button"
                          className="shrink-0 cursor-grab active:cursor-grabbing text-muted-foreground hover:text-fore..."
                          aria-label="Drag to reorder"
                          role="button"
                          tabIndex={0}
                          aria-disabled={false}
                          aria-pressed={undefined}
                          aria-roledescription="sortable"
+                         aria-describedby="DndDescribedBy-0"
-                         aria-describedby="DndDescribedBy-3"
                          onPointerDown={function useSyntheticListeners.useMemo}
                          onKeyDown={function useSyntheticListeners.useMemo}
                        >
                        ...
                      ...
              <SortableWidgetItem widget={{id:"suppor...", ...}} collapsed={false} ...>
                <div ref={function useCombinedRefs.useMemo} style={{...}}>
                  <WidgetShell id="support-ti..." title="Support Ti..." icon="support_agent" href="/portal/ti..." ...>
                    <div className="bg-card bo...">
                      <div className="flex items...">
                        <button
                          type="button"
                          className="shrink-0 cursor-grab active:cursor-grabbing text-muted-foreground hover:text-fore..."
                          aria-label="Drag to reorder"
                          role="button"
                          tabIndex={0}
                          aria-disabled={false}
                          aria-pressed={undefined}
                          aria-roledescription="sortable"
+                         aria-describedby="DndDescribedBy-0"
-                         aria-describedby="DndDescribedBy-3"
                          onPointerDown={function useSyntheticListeners.useMemo}
                          onKeyDown={function useSyntheticListeners.useMemo}
                        >
                        ...
                      ...
              <SortableWidgetItem widget={{id:"invoices", ...}} collapsed={false} ...>
                <div ref={function useCombinedRefs.useMemo} style={{...}}>
                  <WidgetShell id="invoices" title="Invoices" icon="receipt_long" href="/portal/in..." collapsed={false} ...>
                    <div className="bg-card bo...">
                      <div className="flex items...">
                        <button
                          type="button"
                          className="shrink-0 cursor-grab active:cursor-grabbing text-muted-foreground hover:text-fore..."
                          aria-label="Drag to reorder"
                          role="button"
                          tabIndex={0}
                          aria-disabled={false}
                          aria-pressed={undefined}
                          aria-roledescription="sortable"
+                         aria-describedby="DndDescribedBy-0"
-                         aria-describedby="DndDescribedBy-3"
                          onPointerDown={function useSyntheticListeners.useMemo}
                          onKeyDown={function useSyntheticListeners.useMemo}
                        >
                        ...
                      ...
          ...
          ...
 @ http://localhost:3000/_next/static/chunks/4f107_next_dist_ef166fba._.js:1883
[   39564ms] [LOG] [Fast Refresh] rebuilding @ http://localhost:3000/_next/static/chunks/4f107_next_dist_ef166fba._.js:1053
[   39575ms] [LOG] [Fast Refresh] done in 112ms @ http://localhost:3000/_next/static/chunks/4f107_next_dist_ef166fba._.js:1053
[   55210ms] [LOG] [Fast Refresh] rebuilding @ http://localhost:3000/_next/static/chunks/4f107_next_dist_ef166fba._.js:1053
[   55311ms] [LOG] [Fast Refresh] done in 202ms @ http://localhost:3000/_next/static/chunks/4f107_next_dist_ef166fba._.js:1053
[   71304ms] [LOG] [Fast Refresh] rebuilding @ http://localhost:3000/_next/static/chunks/4f107_next_dist_ef166fba._.js:1053
[   72853ms] [LOG] [Fast Refresh] done in 1649ms @ http://localhost:3000/_next/static/chunks/4f107_next_dist_ef166fba._.js:1053
[   72955ms] [LOG] [Fast Refresh] rebuilding @ http://localhost:3000/_next/static/chunks/4f107_next_dist_ef166fba._.js:1053
[   72970ms] [ERROR] Failed to load resource: the server responded with a status of 404 (Not Found) @ http://localhost:3000/api/portal/websites:0
[   73315ms] [LOG] [Fast Refresh] done in 462ms @ http://localhost:3000/_next/static/chunks/4f107_next_dist_ef166fba._.js:1053
[   76021ms] [WARNING] The resource http://localhost:3000/_next/static/chunks/%5Broot-of-the-server%5D__37a2300c._.css was preloaded using link preload but not used within a few seconds from the window's load event. Please make sure it has an appropriate `as` value and it is preloaded intentionally. @ http://localhost:3000/portal/dashboard:0
[   77354ms] [ERROR] Failed to load resource: the server responded with a status of 404 (Not Found) @ http://localhost:3000/api/portal/websites:0
[   80375ms] [WARNING] The resource http://localhost:3000/_next/static/chunks/%5Broot-of-the-server%5D__37a2300c._.css was preloaded using link preload but not used within a few seconds from the window's load event. Please make sure it has an appropriate `as` value and it is preloaded intentionally. @ http://localhost:3000/portal/dashboard:0
[   94611ms] [WARNING] The resource http://localhost:3000/_next/static/chunks/%5Broot-of-the-server%5D__37a2300c._.css was preloaded using link preload but not used within a few seconds from the window's load event. Please make sure it has an appropriate `as` value and it is preloaded intentionally. @ http://localhost:3000/portal/dashboard:0
[  124491ms] [WARNING] The resource http://localhost:3000/_next/static/chunks/%5Broot-of-the-server%5D__37a2300c._.css was preloaded using link preload but not used within a few seconds from the window's load event. Please make sure it has an appropriate `as` value and it is preloaded intentionally. @ http://localhost:3000/portal/dashboard:0
[  139414ms] [WARNING] The resource http://localhost:3000/_next/static/chunks/%5Broot-of-the-server%5D__37a2300c._.css was preloaded using link preload but not used within a few seconds from the window's load event. Please make sure it has an appropriate `as` value and it is preloaded intentionally. @ http://localhost:3000/portal/dashboard:0
