[     726ms] [INFO] %cDownload the React DevTools for a better development experience: https://react.dev/link/react-devtools font-weight:bold @ http://localhost:3000/_next/static/chunks/4f107_next_dist_ef166fba._.js:1053
[     786ms] [LOG] [HMR] connected @ http://localhost:3000/_next/static/chunks/4f107_next_dist_ef166fba._.js:1053
[     932ms] [LOG] [Fast Refresh] rebuilding @ http://localhost:3000/_next/static/chunks/4f107_next_dist_ef166fba._.js:1053
[    1894ms] [LOG] [Fast Refresh] done in 1082ms @ http://localhost:3000/_next/static/chunks/4f107_next_dist_ef166fba._.js:1053
[    2146ms] [ERROR] An empty string ("") was passed to the %s attribute. This may cause the browser to download the whole page again over the network. To fix this, either do not render the element at all or pass null to %s instead of an empty string. src src @ http://localhost:3000/_next/static/chunks/4f107_next_dist_ef166fba._.js:1883
[    2162ms] [ERROR] An empty string ("") was passed to the %s attribute. This may cause the browser to download the whole page again over the network. To fix this, either do not render the element at all or pass null to %s instead of an empty string. src src @ http://localhost:3000/_next/static/chunks/4f107_next_dist_ef166fba._.js:1883
[    2163ms] [ERROR] An empty string ("") was passed to the %s attribute. This may cause the browser to download the whole page again over the network. To fix this, either do not render the element at all or pass null to %s instead of an empty string. src src @ http://localhost:3000/_next/static/chunks/4f107_next_dist_ef166fba._.js:1883
[    2163ms] [ERROR] An empty string ("") was passed to the %s attribute. This may cause the browser to download the whole page again over the network. To fix this, either do not render the element at all or pass null to %s instead of an empty string. src src @ http://localhost:3000/_next/static/chunks/4f107_next_dist_ef166fba._.js:1883
[    2164ms] [ERROR] An empty string ("") was passed to the %s attribute. This may cause the browser to download the whole page again over the network. To fix this, either do not render the element at all or pass null to %s instead of an empty string. src src @ http://localhost:3000/_next/static/chunks/4f107_next_dist_ef166fba._.js:1883
[    2165ms] [ERROR] An empty string ("") was passed to the %s attribute. This may cause the browser to download the whole page again over the network. To fix this, either do not render the element at all or pass null to %s instead of an empty string. src src @ http://localhost:3000/_next/static/chunks/4f107_next_dist_ef166fba._.js:1883
[    2424ms] [ERROR] An empty string ("") was passed to the %s attribute. This may cause the browser to download the whole page again over the network. To fix this, either do not render the element at all or pass null to %s instead of an empty string. src src @ http://localhost:3000/_next/static/chunks/4f107_next_dist_ef166fba._.js:1883
[   11624ms] [LOG] [Fast Refresh] rebuilding @ http://localhost:3000/_next/static/chunks/4f107_next_dist_ef166fba._.js:1053
[   12075ms] [LOG] [Fast Refresh] done in 553ms @ http://localhost:3000/_next/static/chunks/4f107_next_dist_ef166fba._.js:1053
[   17800ms] [LOG] [Fast Refresh] rebuilding @ http://localhost:3000/_next/static/chunks/4f107_next_dist_ef166fba._.js:1053
[   18365ms] [LOG] [Fast Refresh] done in 667ms @ http://localhost:3000/_next/static/chunks/4f107_next_dist_ef166fba._.js:1053
[   24228ms] [LOG] [Fast Refresh] rebuilding @ http://localhost:3000/_next/static/chunks/4f107_next_dist_ef166fba._.js:1053
[   24681ms] [LOG] [Fast Refresh] done in 494ms @ http://localhost:3000/_next/static/chunks/4f107_next_dist_ef166fba._.js:1053
[   63609ms] [LOG] [Fast Refresh] rebuilding @ http://localhost:3000/_next/static/chunks/4f107_next_dist_ef166fba._.js:1053
[   64257ms] [LOG] [Fast Refresh] done in 749ms @ http://localhost:3000/_next/static/chunks/4f107_next_dist_ef166fba._.js:1053
[   74668ms] [LOG] [Fast Refresh] rebuilding @ http://localhost:3000/_next/static/chunks/4f107_next_dist_ef166fba._.js:1053
[   75349ms] [LOG] [Fast Refresh] done in 782ms @ http://localhost:3000/_next/static/chunks/4f107_next_dist_ef166fba._.js:1053
[  100634ms] [LOG] [Fast Refresh] rebuilding @ http://localhost:3000/_next/static/chunks/4f107_next_dist_ef166fba._.js:1053
[  100998ms] [LOG] [Fast Refresh] done in 465ms @ http://localhost:3000/_next/static/chunks/4f107_next_dist_ef166fba._.js:1053
[  110408ms] [LOG] [Fast Refresh] rebuilding @ http://localhost:3000/_next/static/chunks/4f107_next_dist_ef166fba._.js:1053
[  110867ms] [LOG] [Fast Refresh] done in 560ms @ http://localhost:3000/_next/static/chunks/4f107_next_dist_ef166fba._.js:1053
[  124257ms] [LOG] [Fast Refresh] rebuilding @ http://localhost:3000/_next/static/chunks/4f107_next_dist_ef166fba._.js:1053
[  125110ms] [LOG] [Fast Refresh] done in 954ms @ http://localhost:3000/_next/static/chunks/4f107_next_dist_ef166fba._.js:1053
[  135997ms] [LOG] [Fast Refresh] rebuilding @ http://localhost:3000/_next/static/chunks/4f107_next_dist_ef166fba._.js:1053
[  136641ms] [LOG] [Fast Refresh] done in 745ms @ http://localhost:3000/_next/static/chunks/4f107_next_dist_ef166fba._.js:1053
[  146967ms] [LOG] [Fast Refresh] rebuilding @ http://localhost:3000/_next/static/chunks/4f107_next_dist_ef166fba._.js:1053
[  147364ms] [LOG] [Fast Refresh] done in 499ms @ http://localhost:3000/_next/static/chunks/4f107_next_dist_ef166fba._.js:1053
[  157512ms] [LOG] [Fast Refresh] rebuilding @ http://localhost:3000/_next/static/chunks/4f107_next_dist_ef166fba._.js:1053
[  158405ms] [LOG] [Fast Refresh] done in 994ms @ http://localhost:3000/_next/static/chunks/4f107_next_dist_ef166fba._.js:1053
[  169576ms] [LOG] [Fast Refresh] rebuilding @ http://localhost:3000/_next/static/chunks/4f107_next_dist_ef166fba._.js:1053
[  170426ms] [LOG] [Fast Refresh] done in 952ms @ http://localhost:3000/_next/static/chunks/4f107_next_dist_ef166fba._.js:1053
[  181894ms] [LOG] [Fast Refresh] rebuilding @ http://localhost:3000/_next/static/chunks/4f107_next_dist_ef166fba._.js:1053
[  182699ms] [LOG] [Fast Refresh] done in 906ms @ http://localhost:3000/_next/static/chunks/4f107_next_dist_ef166fba._.js:1053
[  195371ms] [LOG] [Fast Refresh] rebuilding @ http://localhost:3000/_next/static/chunks/4f107_next_dist_ef166fba._.js:1053
[  195937ms] [LOG] [Fast Refresh] done in 666ms @ http://localhost:3000/_next/static/chunks/4f107_next_dist_ef166fba._.js:1053
[  206568ms] [LOG] [Fast Refresh] rebuilding @ http://localhost:3000/_next/static/chunks/4f107_next_dist_ef166fba._.js:1053
[  207150ms] [LOG] [Fast Refresh] done in 683ms @ http://localhost:3000/_next/static/chunks/4f107_next_dist_ef166fba._.js:1053
[  217176ms] [LOG] [Fast Refresh] rebuilding @ http://localhost:3000/_next/static/chunks/4f107_next_dist_ef166fba._.js:1053
[  217532ms] [LOG] [Fast Refresh] done in 458ms @ http://localhost:3000/_next/static/chunks/4f107_next_dist_ef166fba._.js:1053
[  227049ms] [LOG] [Fast Refresh] rebuilding @ http://localhost:3000/_next/static/chunks/4f107_next_dist_ef166fba._.js:1053
[  227632ms] [LOG] [Fast Refresh] done in 683ms @ http://localhost:3000/_next/static/chunks/4f107_next_dist_ef166fba._.js:1053
[  237351ms] [LOG] [Fast Refresh] rebuilding @ http://localhost:3000/_next/static/chunks/4f107_next_dist_ef166fba._.js:1053
[  237987ms] [LOG] [Fast Refresh] done in 739ms @ http://localhost:3000/_next/static/chunks/4f107_next_dist_ef166fba._.js:1053
[  248356ms] [LOG] [Fast Refresh] rebuilding @ http://localhost:3000/_next/static/chunks/4f107_next_dist_ef166fba._.js:1053
[  249078ms] [LOG] [Fast Refresh] done in 825ms @ http://localhost:3000/_next/static/chunks/4f107_next_dist_ef166fba._.js:1053
[  261001ms] [LOG] [Fast Refresh] rebuilding @ http://localhost:3000/_next/static/chunks/4f107_next_dist_ef166fba._.js:1053
[  261583ms] [LOG] [Fast Refresh] done in 684ms @ http://localhost:3000/_next/static/chunks/4f107_next_dist_ef166fba._.js:1053
