[    1636ms] [INFO] %cDownload the React DevTools for a better development experience: https://react.dev/link/react-devtools font-weight:bold @ http://localhost:3000/_next/static/chunks/4f107_next_dist_ef166fba._.js:1053
[    1678ms] [LOG] [HMR] connected @ http://localhost:3000/_next/static/chunks/4f107_next_dist_ef166fba._.js:1053
[    2446ms] [LOG] [BlockEditorProvider] Rendered with initialBlocks: 48 @ http://localhost:3000/_next/static/chunks/4f107_next_dist_ef166fba._.js:1053
[    2450ms] [LOG] [BlockEditorProvider] Current blocks from useBlockHistory: 48 @ http://localhost:3000/_next/static/chunks/4f107_next_dist_ef166fba._.js:1053
[    2451ms] [LOG] [BlockEditorProvider] Rendered with initialBlocks: 48 @ http://localhost:3000/_next/static/chunks/4f107_next_dist_ef166fba._.js:1053
[    2452ms] [LOG] [BlockEditorProvider] Current blocks from useBlockHistory: 48 @ http://localhost:3000/_next/static/chunks/4f107_next_dist_ef166fba._.js:1053
[    2618ms] [ERROR] A tree hydrated but some attributes of the server rendered HTML didn't match the client properties. This won't be patched up. This can happen if a SSR-ed Client Component used:

- A server/client branch `if (typeof window !== 'undefined')`.
- Variable input such as `Date.now()` or `Math.random()` which changes each time it's called.
- Date formatting in a user's locale which doesn't match the server.
- External changing data without sending a snapshot of it along with the HTML.
- Invalid HTML tag nesting.

It can also happen if the client has a browser extension installed which messes with the HTML before React loaded.

%s%s https://react.dev/link/hydration-mismatch 

  ...
    <div className="flex-shrin...">
      <button>
      <div className="h-full bor...">
        <div>
        <div className="flex-1 ove...">
          <DndContext sensors={[...]} collisionDetection={function pointerWithin} ...>
            <SortableContext items={[...]} strategy={function noMovementStrategy}>
              <div className="px-1 py-2">
                <LayerItemComponent block={{id:"lt-hea...", ...}} depth={0} selectedBlockId={null} ...>
                  <div ref={function useCombinedRefs.useMemo} style={{opacity:1, ...}}>
                    <div className="group/laye..." style={{...}} onClick={function onClick} ...>
                      <span
                        role="button"
                        tabIndex={0}
                        aria-disabled={false}
                        aria-pressed={undefined}
                        aria-roledescription="sortable"
+                       aria-describedby="DndDescribedBy-0"
-                       aria-describedby="DndDescribedBy-4"
                        onMouseDown={function useSyntheticListeners.useMemo}
                        onTouchStart={function useSyntheticListeners.useMemo}
                        onKeyDown={function useSyntheticListeners.useMemo}
                        className="material-icons text-xs shrink-0 text-muted-foreground/50 cursor-grab"
                      >
+                       drag_indicator
                      ...
                    ...
                <LayerItemComponent block={{id:"lt-text", ...}} depth={0} selectedBlockId={null} selectedBlockIds={[...]} ...>
                  <div ref={function useCombinedRefs.useMemo} style={{opacity:1, ...}}>
                    <div className="group/laye..." style={{...}} onClick={function onClick} ...>
                      <span
                        role="button"
                        tabIndex={0}
                        aria-disabled={false}
                        aria-pressed={undefined}
                        aria-roledescription="sortable"
+                       aria-describedby="DndDescribedBy-0"
-                       aria-describedby="DndDescribedBy-4"
                        onMouseDown={function useSyntheticListeners.useMemo}
                        onTouchStart={function useSyntheticListeners.useMemo}
                        onKeyDown={function useSyntheticListeners.useMemo}
                        className="material-icons text-xs shrink-0 text-muted-foreground/50 cursor-grab"
                      >
+                       drag_indicator
                      ...
                    ...
                <LayerItemComponent block={{id:"lt-button", ...}} depth={0} selectedBlockId={null} ...>
                  <div ref={function useCombinedRefs.useMemo} style={{opacity:1, ...}}>
                    <div className="group/laye..." style={{...}} onClick={function onClick} ...>
                      <span
                        role="button"
                        tabIndex={0}
                        aria-disabled={false}
                        aria-pressed={undefined}
                        aria-roledescription="sortable"
+                       aria-describedby="DndDescribedBy-0"
-                       aria-describedby="DndDescribedBy-4"
                        onMouseDown={function useSyntheticListeners.useMemo}
                        onTouchStart={function useSyntheticListeners.useMemo}
                        onKeyDown={function useSyntheticListeners.useMemo}
                        className="material-icons text-xs shrink-0 text-muted-foreground/50 cursor-grab"
                      >
+                       drag_indicator
                      ...
                    ...
                <LayerItemComponent block={{id:"lt-quote", ...}} depth={0} selectedBlockId={null} ...>
                  <div ref={function useCombinedRefs.useMemo} style={{opacity:1, ...}}>
                    <div className="group/laye..." style={{...}} onClick={function onClick} ...>
                      <span
                        role="button"
                        tabIndex={0}
                        aria-disabled={false}
                        aria-pressed={undefined}
                        aria-roledescription="sortable"
+                       aria-describedby="DndDescribedBy-0"
-                       aria-describedby="DndDescribedBy-4"
                        onMouseDown={function useSyntheticListeners.useMemo}
                        onTouchStart={function useSyntheticListeners.useMemo}
                        onKeyDown={function useSyntheticListeners.useMemo}
                        className="material-icons text-xs shrink-0 text-muted-foreground/50 cursor-grab"
                      >
+                       drag_indicator
                      ...
                    ...
                <LayerItemComponent block={{id:"lt-image", ...}} depth={0} selectedBlockId={null} ...>
                  <div ref={function useCombinedRefs.useMemo} style={{opacity:1, ...}}>
                    <div className="group/laye..." style={{...}} onClick={function onClick} ...>
                      <span
                        role="button"
                        tabIndex={0}
                        aria-disabled={false}
                        aria-pressed={undefined}
                        aria-roledescription="sortable"
+                       aria-describedby="DndDescribedBy-0"
-                       aria-describedby="DndDescribedBy-4"
                        onMouseDown={function useSyntheticListeners.useMemo}
                        onTouchStart={function useSyntheticListeners.useMemo}
                        onKeyDown={function useSyntheticListeners.useMemo}
                        className="material-icons text-xs shrink-0 text-muted-foreground/50 cursor-grab"
                      >
+                       drag_indicator
                      ...
                    ...
                <LayerItemComponent block={{id:"lt-you...", ...}} depth={0} selectedBlockId={null} ...>
                  <div ref={function useCombinedRefs.useMemo} style={{opacity:1, ...}}>
                    <div className="group/laye..." style={{...}} onClick={function onClick} ...>
                      <span
                        role="button"
                        tabIndex={0}
                        aria-disabled={false}
                        aria-pressed={undefined}
                        aria-roledescription="sortable"
+                       aria-describedby="DndDescribedBy-0"
-                       aria-describedby="DndDescribedBy-4"
                        onMouseDown={function useSyntheticListeners.useMemo}
                        onTouchStart={function useSyntheticListeners.useMemo}
                        onKeyDown={function useSyntheticListeners.useMemo}
                        className="material-icons text-xs shrink-0 text-muted-foreground/50 cursor-grab"
                      >
+                       drag_indicator
                      ...
                    ...
                <LayerItemComponent block={{id:"lt-video", ...}} depth={0} selectedBlockId={null} ...>
                  <div ref={function useCombinedRefs.useMemo} style={{opacity:1, ...}}>
                    <div className="group/laye..." style={{...}} onClick={function onClick} ...>
                      <span
                        role="button"
                        tabIndex={0}
                        aria-disabled={false}
                        aria-pressed={undefined}
                        aria-roledescription="sortable"
+                       aria-describedby="DndDescribedBy-0"
-                       aria-describedby="DndDescribedBy-4"
                        onMouseDown={function useSyntheticListeners.useMemo}
                        onTouchStart={function useSyntheticListeners.useMemo}
                        onKeyDown={function useSyntheticListeners.useMemo}
                        className="material-icons text-xs shrink-0 text-muted-foreground/50 cursor-grab"
                      >
+                       drag_indicator
                      ...
                    ...
                <LayerItemComponent block={{id:"lt-gal...", ...}} depth={0} selectedBlockId={null} ...>
                  <div ref={function useCombinedRefs.useMemo} style={{opacity:1, ...}}>
                    <div className="group/laye..." style={{...}} onClick={function onClick} ...>
                      <span
                        role="button"
                        tabIndex={0}
                        aria-disabled={false}
                        aria-pressed={undefined}
                        aria-roledescription="sortable"
+                       aria-describedby="DndDescribedBy-0"
-                       aria-describedby="DndDescribedBy-4"
                        onMouseDown={function useSyntheticListeners.useMemo}
                        onTouchStart={function useSyntheticListeners.useMemo}
                        onKeyDown={function useSyntheticListeners.useMemo}
                        className="material-icons text-xs shrink-0 text-muted-foreground/50 cursor-grab"
                      >
+                       drag_indicator
                      ...
                    ...
                <LayerItemComponent block={{id:"lt-code", ...}} depth={0} selectedBlockId={null} selectedBlockIds={[...]} ...>
                  <div ref={function useCombinedRefs.useMemo} style={{opacity:1, ...}}>
                    <div className="group/laye..." style={{...}} onClick={function onClick} ...>
                      <span
                        role="button"
                        tabIndex={0}
                        aria-disabled={false}
                        aria-pressed={undefined}
                        aria-roledescription="sortable"
+                       aria-describedby="DndDescribedBy-0"
-                       aria-describedby="DndDescribedBy-4"
                        onMouseDown={function useSyntheticListeners.useMemo}
                        onTouchStart={function useSyntheticListeners.useMemo}
                        onKeyDown={function useSyntheticListeners.useMemo}
                        className="material-icons text-xs shrink-0 text-muted-foreground/50 cursor-grab"
                      >
+                       drag_indicator
                      ...
                    ...
                <LayerItemComponent block={{id:"lt-htm...", ...}} depth={0} selectedBlockId={null} ...>
                  <div ref={function useCombinedRefs.useMemo} style={{opacity:1, ...}}>
                    <div className="group/laye..." style={{...}} onClick={function onClick} ...>
                      <span
                        role="button"
                        tabIndex={0}
                        aria-disabled={false}
                        aria-pressed={undefined}
                        aria-roledescription="sortable"
+                       aria-describedby="DndDescribedBy-0"
-                       aria-describedby="DndDescribedBy-4"
                        onMouseDown={function useSyntheticListeners.useMemo}
                        onTouchStart={function useSyntheticListeners.useMemo}
                        onKeyDown={function useSyntheticListeners.useMemo}
                        className="material-icons text-xs shrink-0 text-muted-foreground/50 cursor-grab"
                      >
+                       drag_indicator
                      ...
                    ...
                <LayerItemComponent block={{id:"lt-htm...", ...}} depth={0} selectedBlockId={null} ...>
                  <div ref={function useCombinedRefs.useMemo} style={{opacity:1, ...}}>
                    <div className="group/laye..." style={{...}} onClick={function onClick} ...>
                      <span
                        role="button"
                        tabIndex={0}
                        aria-disabled={false}
                        aria-pressed={undefined}
                        aria-roledescription="sortable"
+                       aria-describedby="DndDescribedBy-0"
-                       aria-describedby="DndDescribedBy-4"
                        onMouseDown={function useSyntheticListeners.useMemo}
                        onTouchStart={function useSyntheticListeners.useMemo}
                        onKeyDown={function useSyntheticListeners.useMemo}
                        className="material-icons text-xs shrink-0 text-muted-foreground/50 cursor-grab"
                      >
+                       drag_indicator
                      ...
                    ...
                <LayerItemComponent block={{id:"lt-spacer", ...}} depth={0} selectedBlockId={null} ...>
                  <div ref={function useCombinedRefs.useMemo} style={{opacity:1, ...}}>
                    <div className="group/laye..." style={{...}} onClick={function onClick} ...>
                      <span
                        role="button"
                        tabIndex={0}
                        aria-disabled={false}
                        aria-pressed={undefined}
                        aria-roledescription="sortable"
+                       aria-describedby="DndDescribedBy-0"
-                       aria-describedby="DndDescribedBy-4"
                        onMouseDown={function useSyntheticListeners.useMemo}
                        onTouchStart={function useSyntheticListeners.useMemo}
                        onKeyDown={function useSyntheticListeners.useMemo}
                        className="material-icons text-xs shrink-0 text-muted-foreground/50 cursor-grab"
                      >
+                       drag_indicator
                      ...
                    ...
                <LayerItemComponent block={{id:"lt-div...", ...}} depth={0} selectedBlockId={null} ...>
                  <div ref={function useCombinedRefs.useMemo} style={{opacity:1, ...}}>
                    <div className="group/laye..." style={{...}} onClick={function onClick} ...>
                      <span
                        role="button"
                        tabIndex={0}
                        aria-disabled={false}
                        aria-pressed={undefined}
                        aria-roledescription="sortable"
+                       aria-describedby="DndDescribedBy-0"
-                       aria-describedby="DndDescribedBy-4"
                        onMouseDown={function useSyntheticListeners.useMemo}
                        onTouchStart={function useSyntheticListeners.useMemo}
                        onKeyDown={function useSyntheticListeners.useMemo}
                        className="material-icons text-xs shrink-0 text-muted-foreground/50 cursor-grab"
                      >
+                       drag_indicator
                      ...
                    ...
                <LayerItemComponent block={{id:"lt-col...", ...}} depth={0} selectedBlockId={null} ...>
                  <div ref={function useCombinedRefs.useMemo} style={{opacity:1, ...}}>
                    <div className="group/laye..." style={{...}} onClick={function onClick} ...>
                      <span
                        role="button"
                        tabIndex={0}
                        aria-disabled={false}
                        aria-pressed={undefined}
                        aria-roledescription="sortable"
+                       aria-describedby="DndDescribedBy-0"
-                       aria-describedby="DndDescribedBy-4"
                        onMouseDown={function useSyntheticListeners.useMemo}
                        onTouchStart={function useSyntheticListeners.useMemo}
                        onKeyDown={function useSyntheticListeners.useMemo}
                        className="material-icons text-xs shrink-0 text-muted-foreground/50 cursor-grab"
                      >
+                       drag_indicator
                      ...
                    ...
                <LayerItemComponent block={{id:"lt-sec...", ...}} depth={0} selectedBlockId={null} ...>
                  <div ref={function useCombinedRefs.useMemo} style={{opacity:1, ...}}>
                    <div className="group/laye..." style={{...}} onClick={function onClick} ...>
                      <span
                        role="button"
                        tabIndex={0}
                        aria-disabled={false}
                        aria-pressed={undefined}
                        aria-roledescription="sortable"
+                       aria-describedby="DndDescribedBy-0"
-                       aria-describedby="DndDescribedBy-4"
                        onMouseDown={function useSyntheticListeners.useMemo}
                        onTouchStart={function useSyntheticListeners.useMemo}
                        onKeyDown={function useSyntheticListeners.useMemo}
                        className="material-icons text-xs shrink-0 text-muted-foreground/50 cursor-grab"
                      >
+                       drag_indicator
                      ...
                    ...
                <LayerItemComponent block={{id:"lt-tabs", ...}} depth={0} selectedBlockId={null} selectedBlockIds={[...]} ...>
                  <div ref={function useCombinedRefs.useMemo} style={{opacity:1, ...}}>
                    <div className="group/laye..." style={{...}} onClick={function onClick} ...>
                      <span
                        role="button"
                        tabIndex={0}
                        aria-disabled={false}
                        aria-pressed={undefined}
                        aria-roledescription="sortable"
+                       aria-describedby="DndDescribedBy-0"
-                       aria-describedby="DndDescribedBy-4"
                        onMouseDown={function useSyntheticListeners.useMemo}
                        onTouchStart={function useSyntheticListeners.useMemo}
                        onKeyDown={function useSyntheticListeners.useMemo}
                        className="material-icons text-xs shrink-0 text-muted-foreground/50 cursor-grab"
                      >
+                       drag_indicator
                      ...
                    ...
                <LayerItemComponent block={{id:"lt-acc...", ...}} depth={0} selectedBlockId={null} ...>
                  <div ref={function useCombinedRefs.useMemo} style={{opacity:1, ...}}>
                    <div className="group/laye..." style={{...}} onClick={function onClick} ...>
                      <span
                        role="button"
                        tabIndex={0}
                        aria-disabled={false}
                        aria-pressed={undefined}
                        aria-roledescription="sortable"
+                       aria-describedby="DndDescribedBy-0"
-                       aria-describedby="DndDescribedBy-4"
                        onMouseDown={function useSyntheticListeners.useMemo}
                        onTouchStart={function useSyntheticListeners.useMemo}
                        onKeyDown={function useSyntheticListeners.useMemo}
                        className="material-icons text-xs shrink-0 text-muted-foreground/50 cursor-grab"
                      >
+                       drag_indicator
                      ...
                    ...
                <LayerItemComponent block={{id:"lt-sti...", ...}} depth={0} selectedBlockId={null} ...>
                  <div ref={function useCombinedRefs.useMemo} style={{opacity:1, ...}}>
                    <div className="group/laye..." style={{...}} onClick={function onClick} ...>
                      <span
                        role="button"
                        tabIndex={0}
                        aria-disabled={false}
                        aria-pressed={undefined}
                        aria-roledescription="sortable"
+                       aria-describedby="DndDescribedBy-0"
-                       aria-describedby="DndDescribedBy-4"
                        onMouseDown={function useSyntheticListeners.useMemo}
                        onTouchStart={function useSyntheticListeners.useMemo}
                        onKeyDown={function useSyntheticListeners.useMemo}
                        className="material-icons text-xs shrink-0 text-muted-foreground/50 cursor-grab"
                      >
+                       drag_indicator
                      ...
                    ...
                <LayerItemComponent block={{id:"lt-hero", ...}} depth={0} selectedBlockId={null} selectedBlockIds={[...]} ...>
                  <div ref={function useCombinedRefs.useMemo} style={{opacity:1, ...}}>
                    <div className="group/laye..." style={{...}} onClick={function onClick} ...>
                      <span
                        role="button"
                        tabIndex={0}
                        aria-disabled={false}
                        aria-pressed={undefined}
                        aria-roledescription="sortable"
+                       aria-describedby="DndDescribedBy-0"
-                       aria-describedby="DndDescribedBy-4"
                        onMouseDown={function useSyntheticListeners.useMemo}
                        onTouchStart={function useSyntheticListeners.useMemo}
                        onKeyDown={function useSyntheticListeners.useMemo}
                        className="material-icons text-xs shrink-0 text-muted-foreground/50 cursor-grab"
                      >
+                       drag_indicator
                      ...
                    ...
                <LayerItemComponent block={{id:"lt-her...", ...}} depth={0} selectedBlockId={null} ...>
                  <div ref={function useCombinedRefs.useMemo} style={{opacity:1, ...}}>
                    <div className="group/laye..." style={{...}} onClick={function onClick} ...>
                      <span
                        role="button"
                        tabIndex={0}
                        aria-disabled={false}
                        aria-pressed={undefined}
                        aria-roledescription="sortable"
+                       aria-describedby="DndDescribedBy-0"
-                       aria-describedby="DndDescribedBy-4"
                        onMouseDown={function useSyntheticListeners.useMemo}
                        onTouchStart={function useSyntheticListeners.useMemo}
                        onKeyDown={function useSyntheticListeners.useMemo}
                        className="material-icons text-xs shrink-0 text-muted-foreground/50 cursor-grab"
                      >
+                       drag_indicator
                      ...
                    ...
                <LayerItemComponent block={{id:"lt-mar...", ...}} depth={0} selectedBlockId={null} ...>
                  <div ref={function useCombinedRefs.useMemo} style={{opacity:1, ...}}>
                    <div className="group/laye..." style={{...}} onClick={function onClick} ...>
                      <span
                        role="button"
                        tabIndex={0}
                        aria-disabled={false}
                        aria-pressed={undefined}
                        aria-roledescription="sortable"
+                       aria-describedby="DndDescribedBy-0"
-                       aria-describedby="DndDescribedBy-4"
                        onMouseDown={function useSyntheticListeners.useMemo}
                        onTouchStart={function useSyntheticListeners.useMemo}
                        onKeyDown={function useSyntheticListeners.useMemo}
                        className="material-icons text-xs shrink-0 text-muted-foreground/50 cursor-grab"
                      >
+                       drag_indicator
                      ...
                    ...
                <LayerItemComponent block={{id:"lt-cta", ...}} depth={0} selectedBlockId={null} selectedBlockIds={[...]} ...>
                  <div ref={function useCombinedRefs.useMemo} style={{opacity:1, ...}}>
                    <div className="group/laye..." style={{...}} onClick={function onClick} ...>
                      <span
                        role="button"
                        tabIndex={0}
                        aria-disabled={false}
                        aria-pressed={undefined}
                        aria-roledescription="sortable"
+                       aria-describedby="DndDescribedBy-0"
-                       aria-describedby="DndDescribedBy-4"
                        onMouseDown={function useSyntheticListeners.useMemo}
                        onTouchStart={function useSyntheticListeners.useMemo}
                        onKeyDown={function useSyntheticListeners.useMemo}
                        className="material-icons text-xs shrink-0 text-muted-foreground/50 cursor-grab"
                      >
+                       drag_indicator
                      ...
                    ...
                <LayerItemComponent block={{id:"lt-car...", ...}} depth={0} selectedBlockId={null} ...>
                  <div ref={function useCombinedRefs.useMemo} style={{opacity:1, ...}}>
                    <div className="group/laye..." style={{...}} onClick={function onClick} ...>
                      <span
                        role="button"
                        tabIndex={0}
                        aria-disabled={false}
                        aria-pressed={undefined}
                        aria-roledescription="sortable"
+                       aria-describedby="DndDescribedBy-0"
-                       aria-describedby="DndDescribedBy-4"
                        onMouseDown={function useSyntheticListeners.useMemo}
                        onTouchStart={function useSyntheticListeners.useMemo}
                        onKeyDown={function useSyntheticListeners.useMemo}
                        className="material-icons text-xs shrink-0 text-muted-foreground/50 cursor-grab"
                      >
+                       drag_indicator
                      ...
                    ...
                <LayerItemComponent block={{id:"lt-fli...", ...}} depth={0} selectedBlockId={null} ...>
                  <div ref={function useCombinedRefs.useMemo} style={{opacity:1, ...}}>
                    <div className="group/laye..." style={{...}} onClick={function onClick} ...>
                      <span
                        role="button"
                        tabIndex={0}
                        aria-disabled={false}
                        aria-pressed={undefined}
                        aria-roledescription="sortable"
+                       aria-describedby="DndDescribedBy-0"
-                       aria-describedby="DndDescribedBy-4"
                        onMouseDown={function useSyntheticListeners.useMemo}
                        onTouchStart={function useSyntheticListeners.useMemo}
                        onKeyDown={function useSyntheticListeners.useMemo}
                        className="material-icons text-xs shrink-0 text-muted-foreground/50 cursor-grab"
                      >
+                       drag_indicator
                      ...
                    ...
                <LayerItemComponent block={{id:"lt-met...", ...}} depth={0} selectedBlockId={null} ...>
                  <div ref={function useCombinedRefs.useMemo} style={{opacity:1, ...}}>
                    <div className="group/laye..." style={{...}} onClick={function onClick} ...>
                      <span
                        role="button"
                        tabIndex={0}
                        aria-disabled={false}
                        aria-pressed={undefined}
                        aria-roledescription="sortable"
+                       aria-describedby="DndDescribedBy-0"
-                       aria-describedby="DndDescribedBy-4"
                        onMouseDown={function useSyntheticListeners.useMemo}
                        onTouchStart={function useSyntheticListeners.useMemo}
                        onKeyDown={function useSyntheticListeners.useMemo}
                        className="material-icons text-xs shrink-0 text-muted-foreground/50 cursor-grab"
                      >
+                       drag_indicator
                      ...
                    ...
                <LayerItemComponent block={{id:"lt-log...", ...}} depth={0} selectedBlockId={null} ...>
                  <div ref={function useCombinedRefs.useMemo} style={{opacity:1, ...}}>
                    <div className="group/laye..." style={{...}} onClick={function onClick} ...>
                      <span
                        role="button"
                        tabIndex={0}
                        aria-disabled={false}
                        aria-pressed={undefined}
                        aria-roledescription="sortable"
+                       aria-describedby="DndDescribedBy-0"
-                       aria-describedby="DndDescribedBy-4"
                        onMouseDown={function useSyntheticListeners.useMemo}
                        onTouchStart={function useSyntheticListeners.useMemo}
                        onKeyDown={function useSyntheticListeners.useMemo}
                        className="material-icons text-xs shrink-0 text-muted-foreground/50 cursor-grab"
                      >
+                       drag_indicator
                      ...
                    ...
                <LayerItemComponent block={{id:"lt-stats", ...}} depth={0} selectedBlockId={null} ...>
                  <div ref={function useCombinedRefs.useMemo} style={{opacity:1, ...}}>
                    <div className="group/laye..." style={{...}} onClick={function onClick} ...>
                      <span
                        role="button"
                        tabIndex={0}
                        aria-disabled={false}
                        aria-pressed={undefined}
                        aria-roledescription="sortable"
+                       aria-describedby="DndDescribedBy-0"
-                       aria-describedby="DndDescribedBy-4"
                        onMouseDown={function useSyntheticListeners.useMemo}
                        onTouchStart={function useSyntheticListeners.useMemo}
                        onKeyDown={function useSyntheticListeners.useMemo}
                        className="material-icons text-xs shrink-0 text-muted-foreground/50 cursor-grab"
                      >
+                       drag_indicator
                      ...
                    ...
                <LayerItemComponent block={{id:"lt-tes...", ...}} depth={0} selectedBlockId={null} ...>
                  <div ref={function useCombinedRefs.useMemo} style={{opacity:1, ...}}>
                    <div className="group/laye..." style={{...}} onClick={function onClick} ...>
                      <span
                        role="button"
                        tabIndex={0}
                        aria-disabled={false}
                        aria-pressed={undefined}
                        aria-roledescription="sortable"
+                       aria-describedby="DndDescribedBy-0"
-                       aria-describedby="DndDescribedBy-4"
                        onMouseDown={function useSyntheticListeners.useMemo}
                        onTouchStart={function useSyntheticListeners.useMemo}
                        onKeyDown={function useSyntheticListeners.useMemo}
                        className="material-icons text-xs shrink-0 text-muted-foreground/50 cursor-grab"
                      >
+                       drag_indicator
                      ...
                    ...
                <LayerItemComponent block={{id:"lt-fea...", ...}} depth={0} selectedBlockId={null} ...>
                  <div ref={function useCombinedRefs.useMemo} style={{opacity:1, ...}}>
                    <div className="group/laye..." style={{...}} onClick={function onClick} ...>
                      <span
                        role="button"
                        tabIndex={0}
                        aria-disabled={false}
                        aria-pressed={undefined}
                        aria-roledescription="sortable"
+                       aria-describedby="DndDescribedBy-0"
-                       aria-describedby="DndDescribedBy-4"
                        onMouseDown={function useSyntheticListeners.useMemo}
                        onTouchStart={function useSyntheticListeners.useMemo}
                        onKeyDown={function useSyntheticListeners.useMemo}
                        className="material-icons text-xs shrink-0 text-muted-foreground/50 cursor-grab"
                      >
+                       drag_indicator
                      ...
                    ...
                <LayerItemComponent block={{id:"lt-ser...", ...}} depth={0} selectedBlockId={null} ...>
                  <div ref={function useCombinedRefs.useMemo} style={{opacity:1, ...}}>
                    <div className="group/laye..." style={{...}} onClick={function onClick} ...>
                      <span
                        role="button"
                        tabIndex={0}
                        aria-disabled={false}
                        aria-pressed={undefined}
                        aria-roledescription="sortable"
+                       aria-describedby="DndDescribedBy-0"
-                       aria-describedby="DndDescribedBy-4"
                        onMouseDown={function useSyntheticListeners.useMemo}
                        onTouchStart={function useSyntheticListeners.useMemo}
                        onKeyDown={function useSyntheticListeners.useMemo}
                        className="material-icons text-xs shrink-0 text-muted-foreground/50 cursor-grab"
                      >
+                       drag_indicator
                      ...
                    ...
                <LayerItemComponent block={{id:"lt-blo...", ...}} depth={0} selectedBlockId={null} ...>
                  <div ref={function useCombinedRefs.useMemo} style={{opacity:1, ...}}>
                    <div className="group/laye..." style={{...}} onClick={function onClick} ...>
                      <span
                        role="button"
                        tabIndex={0}
                        aria-disabled={false}
                        aria-pressed={undefined}
                        aria-roledescription="sortable"
+                       aria-describedby="DndDescribedBy-0"
-                       aria-describedby="DndDescribedBy-4"
                        onMouseDown={function useSyntheticListeners.useMemo}
                        onTouchStart={function useSyntheticListeners.useMemo}
                        onKeyDown={function useSyntheticListeners.useMemo}
                        className="material-icons text-xs shrink-0 text-muted-foreground/50 cursor-grab"
                      >
+                       drag_indicator
                      ...
                    ...
                <LayerItemComponent block={{id:"lt-tim...", ...}} depth={0} selectedBlockId={null} ...>
                  <div ref={function useCombinedRefs.useMemo} style={{opacity:1, ...}}>
                    <div className="group/laye..." style={{...}} onClick={function onClick} ...>
                      <span
                        role="button"
                        tabIndex={0}
                        aria-disabled={false}
                        aria-pressed={undefined}
                        aria-roledescription="sortable"
+                       aria-describedby="DndDescribedBy-0"
-                       aria-describedby="DndDescribedBy-4"
                        onMouseDown={function useSyntheticListeners.useMemo}
                        onTouchStart={function useSyntheticListeners.useMemo}
                        onKeyDown={function useSyntheticListeners.useMemo}
                        className="material-icons text-xs shrink-0 text-muted-foreground/50 cursor-grab"
                      >
+                       drag_indicator
                      ...
                    ...
                <LayerItemComponent block={{id:"lt-tea...", ...}} depth={0} selectedBlockId={null} ...>
                  <div ref={function useCombinedRefs.useMemo} style={{opacity:1, ...}}>
                    <div className="group/laye..." style={{...}} onClick={function onClick} ...>
                      <span
                        role="button"
                        tabIndex={0}
                        aria-disabled={false}
                        aria-pressed={undefined}
                        aria-roledescription="sortable"
+                       aria-describedby="DndDescribedBy-0"
-                       aria-describedby="DndDescribedBy-4"
                        onMouseDown={function useSyntheticListeners.useMemo}
                        onTouchStart={function useSyntheticListeners.useMemo}
                        onKeyDown={function useSyntheticListeners.useMemo}
                        className="material-icons text-xs shrink-0 text-muted-foreground/50 cursor-grab"
                      >
+                       drag_indicator
                      ...
                    ...
                <LayerItemComponent block={{id:"lt-tea...", ...}} depth={0} selectedBlockId={null} ...>
                  <div ref={function useCombinedRefs.useMemo} style={{opacity:1, ...}}>
                    <div className="group/laye..." style={{...}} onClick={function onClick} ...>
                      <span
                        role="button"
                        tabIndex={0}
                        aria-disabled={false}
                        aria-pressed={undefined}
                        aria-roledescription="sortable"
+                       aria-describedby="DndDescribedBy-0"
-                       aria-describedby="DndDescribedBy-4"
                        onMouseDown={function useSyntheticListeners.useMemo}
                        onTouchStart={function useSyntheticListeners.useMemo}
                        onKeyDown={function useSyntheticListeners.useMemo}
                        className="material-icons text-xs shrink-0 text-muted-foreground/50 cursor-grab"
                      >
+                       drag_indicator
                      ...
                    ...
                <LayerItemComponent block={{id:"lt-ben...", ...}} depth={0} selectedBlockId={null} ...>
                  <div ref={function useCombinedRefs.useMemo} style={{opacity:1, ...}}>
                    <div className="group/laye..." style={{...}} onClick={function onClick} ...>
                      <span
                        role="button"
                        tabIndex={0}
                        aria-disabled={false}
                        aria-pressed={undefined}
                        aria-roledescription="sortable"
+                       aria-describedby="DndDescribedBy-0"
-                       aria-describedby="DndDescribedBy-4"
                        onMouseDown={function useSyntheticListeners.useMemo}
                        onTouchStart={function useSyntheticListeners.useMemo}
                        onKeyDown={function useSyntheticListeners.useMemo}
                        className="material-icons text-xs shrink-0 text-muted-foreground/50 cursor-grab"
                      >
+                       drag_indicator
                      ...
                    ...
                <LayerItemComponent block={{id:"lt-sit...", ...}} depth={0} selectedBlockId={null} ...>
                  <div ref={function useCombinedRefs.useMemo} style={{opacity:1, ...}}>
                    <div className="group/laye..." style={{...}} onClick={function onClick} ...>
                      <span
                        role="button"
                        tabIndex={0}
                        aria-disabled={false}
                        aria-pressed={undefined}
                        aria-roledescription="sortable"
+                       aria-describedby="DndDescribedBy-0"
-                       aria-describedby="DndDescribedBy-4"
                        onMouseDown={function useSyntheticListeners.useMemo}
                        onTouchStart={function useSyntheticListeners.useMemo}
                        onKeyDown={function useSyntheticListeners.useMemo}
                        className="material-icons text-xs shrink-0 text-muted-foreground/50 cursor-grab"
                      >
+                       drag_indicator
                      ...
                    ...
                <LayerItemComponent block={{id:"lt-soc...", ...}} depth={0} selectedBlockId={null} ...>
                  <div ref={function useCombinedRefs.useMemo} style={{opacity:1, ...}}>
                    <div className="group/laye..." style={{...}} onClick={function onClick} ...>
                      <span
                        role="button"
                        tabIndex={0}
                        aria-disabled={false}
                        aria-pressed={undefined}
                        aria-roledescription="sortable"
+                       aria-describedby="DndDescribedBy-0"
-                       aria-describedby="DndDescribedBy-4"
                        onMouseDown={function useSyntheticListeners.useMemo}
                        onTouchStart={function useSyntheticListeners.useMemo}
                        onKeyDown={function useSyntheticListeners.useMemo}
                        className="material-icons text-xs shrink-0 text-muted-foreground/50 cursor-grab"
                      >
+                       drag_indicator
                      ...
                    ...
                <LayerItemComponent block={{id:"lt-pro...", ...}} depth={0} selectedBlockId={null} ...>
                  <div ref={function useCombinedRefs.useMemo} style={{opacity:1, ...}}>
                    <div className="group/laye..." style={{...}} onClick={function onClick} ...>
                      <span
                        role="button"
                        tabIndex={0}
                        aria-disabled={false}
                        aria-pressed={undefined}
                        aria-roledescription="sortable"
+                       aria-describedby="DndDescribedBy-0"
-                       aria-describedby="DndDescribedBy-4"
                        onMouseDown={function useSyntheticListeners.useMemo}
                        onTouchStart={function useSyntheticListeners.useMemo}
                        onKeyDown={function useSyntheticListeners.useMemo}
                        className="material-icons text-xs shrink-0 text-muted-foreground/50 cursor-grab"
                      >
+                       drag_indicator
                      ...
                    ...
                <LayerItemComponent block={{id:"lt-fea...", ...}} depth={0} selectedBlockId={null} ...>
                  <div ref={function useCombinedRefs.useMemo} style={{opacity:1, ...}}>
                    <div className="group/laye..." style={{...}} onClick={function onClick} ...>
                      <span
                        role="button"
                        tabIndex={0}
                        aria-disabled={false}
                        aria-pressed={undefined}
                        aria-roledescription="sortable"
+                       aria-describedby="DndDescribedBy-0"
-                       aria-describedby="DndDescribedBy-4"
                        onMouseDown={function useSyntheticListeners.useMemo}
                        onTouchStart={function useSyntheticListeners.useMemo}
                        onKeyDown={function useSyntheticListeners.useMemo}
                        className="material-icons text-xs shrink-0 text-muted-foreground/50 cursor-grab"
                      >
+                       drag_indicator
                      ...
                    ...
                <LayerItemComponent block={{id:"lt-pro...", ...}} depth={0} selectedBlockId={null} ...>
                  <div ref={function useCombinedRefs.useMemo} style={{opacity:1, ...}}>
                    <div className="group/laye..." style={{...}} onClick={function onClick} ...>
                      <span
                        role="button"
                        tabIndex={0}
                        aria-disabled={false}
                        aria-pressed={undefined}
                        aria-roledescription="sortable"
+                       aria-describedby="DndDescribedBy-0"
-                       aria-describedby="DndDescribedBy-4"
                        onMouseDown={function useSyntheticListeners.useMemo}
                        onTouchStart={function useSyntheticListeners.useMemo}
                        onKeyDown={function useSyntheticListeners.useMemo}
                        className="material-icons text-xs shrink-0 text-muted-foreground/50 cursor-grab"
                      >
+                       drag_indicator
                      ...
                    ...
                <LayerItemComponent block={{id:"lt-sho...", ...}} depth={0} selectedBlockId={null} ...>
                  <div ref={function useCombinedRefs.useMemo} style={{opacity:1, ...}}>
                    <div className="group/laye..." style={{...}} onClick={function onClick} ...>
                      <span
                        role="button"
                        tabIndex={0}
                        aria-disabled={false}
                        aria-pressed={undefined}
                        aria-roledescription="sortable"
+                       aria-describedby="DndDescribedBy-0"
-                       aria-describedby="DndDescribedBy-4"
                        onMouseDown={function useSyntheticListeners.useMemo}
                        onTouchStart={function useSyntheticListeners.useMemo}
                        onKeyDown={function useSyntheticListeners.useMemo}
                        className="material-icons text-xs shrink-0 text-muted-foreground/50 cursor-grab"
                      >
+                       drag_indicator
                      ...
                    ...
                <LayerItemComponent block={{id:"lt-sto...", ...}} depth={0} selectedBlockId={null} ...>
                  <div ref={function useCombinedRefs.useMemo} style={{opacity:1, ...}}>
                    <div className="group/laye..." style={{...}} onClick={function onClick} ...>
                      <span
                        role="button"
                        tabIndex={0}
                        aria-disabled={false}
                        aria-pressed={undefined}
                        aria-roledescription="sortable"
+                       aria-describedby="DndDescribedBy-0"
-                       aria-describedby="DndDescribedBy-4"
                        onMouseDown={function useSyntheticListeners.useMemo}
                        onTouchStart={function useSyntheticListeners.useMemo}
                        onKeyDown={function useSyntheticListeners.useMemo}
                        className="material-icons text-xs shrink-0 text-muted-foreground/50 cursor-grab"
                      >
+                       drag_indicator
                      ...
                    ...
                <LayerItemComponent block={{id:"lt-pro...", ...}} depth={0} selectedBlockId={null} ...>
                  <div ref={function useCombinedRefs.useMemo} style={{opacity:1, ...}}>
                    <div className="group/laye..." style={{...}} onClick={function onClick} ...>
                      <span
                        role="button"
                        tabIndex={0}
                        aria-disabled={false}
                        aria-pressed={undefined}
                        aria-roledescription="sortable"
+                       aria-describedby="DndDescribedBy-0"
-                       aria-describedby="DndDescribedBy-4"
                        onMouseDown={function useSyntheticListeners.useMemo}
                        onTouchStart={function useSyntheticListeners.useMemo}
                        onKeyDown={function useSyntheticListeners.useMemo}
                        className="material-icons text-xs shrink-0 text-muted-foreground/50 cursor-grab"
                      >
+                       drag_indicator
                      ...
                    ...
                <LayerItemComponent block={{id:"lt-boo...", ...}} depth={0} selectedBlockId={null} ...>
                  <div ref={function useCombinedRefs.useMemo} style={{opacity:1, ...}}>
                    <div className="group/laye..." style={{...}} onClick={function onClick} ...>
                      <span
                        role="button"
                        tabIndex={0}
                        aria-disabled={false}
                        aria-pressed={undefined}
                        aria-roledescription="sortable"
+                       aria-describedby="DndDescribedBy-0"
-                       aria-describedby="DndDescribedBy-4"
                        onMouseDown={function useSyntheticListeners.useMemo}
                        onTouchStart={function useSyntheticListeners.useMemo}
                        onKeyDown={function useSyntheticListeners.useMemo}
                        className="material-icons text-xs shrink-0 text-muted-foreground/50 cursor-grab"
                      >
+                       drag_indicator
                      ...
                    ...
                <LayerItemComponent block={{id:"lt-boo...", ...}} depth={0} selectedBlockId={null} ...>
                  <div ref={function useCombinedRefs.useMemo} style={{opacity:1, ...}}>
                    <div className="group/laye..." style={{...}} onClick={function onClick} ...>
                      <span
                        role="button"
                        tabIndex={0}
                        aria-disabled={false}
                        aria-pressed={undefined}
                        aria-roledescription="sortable"
+                       aria-describedby="DndDescribedBy-0"
-                       aria-describedby="DndDescribedBy-4"
                        onMouseDown={function useSyntheticListeners.useMemo}
                        onTouchStart={function useSyntheticListeners.useMemo}
                        onKeyDown={function useSyntheticListeners.useMemo}
                        className="material-icons text-xs shrink-0 text-muted-foreground/50 cursor-grab"
                      >
+                       drag_indicator
                      ...
                    ...
                <LayerItemComponent block={{id:"lt-survey", ...}} depth={0} selectedBlockId={null} ...>
                  <div ref={function useCombinedRefs.useMemo} style={{opacity:1, ...}}>
                    <div className="group/laye..." style={{...}} onClick={function onClick} ...>
                      <span
                        role="button"
                        tabIndex={0}
                        aria-disabled={false}
                        aria-pressed={undefined}
                        aria-roledescription="sortable"
+                       aria-describedby="DndDescribedBy-0"
-                       aria-describedby="DndDescribedBy-4"
                        onMouseDown={function useSyntheticListeners.useMemo}
                        onTouchStart={function useSyntheticListeners.useMemo}
                        onKeyDown={function useSyntheticListeners.useMemo}
                        className="material-icons text-xs shrink-0 text-muted-foreground/50 cursor-grab"
                      >
+                       drag_indicator
                      ...
                    ...
                <LayerItemComponent block={{id:"lt-sur...", ...}} depth={0} selectedBlockId={null} ...>
                  <div ref={function useCombinedRefs.useMemo} style={{opacity:1, ...}}>
                    <div className="group/laye..." style={{...}} onClick={function onClick} ...>
                      <span
                        role="button"
                        tabIndex={0}
                        aria-disabled={false}
                        aria-pressed={undefined}
                        aria-roledescription="sortable"
+                       aria-describedby="DndDescribedBy-0"
-                       aria-describedby="DndDescribedBy-4"
                        onMouseDown={function useSyntheticListeners.useMemo}
                        onTouchStart={function useSyntheticListeners.useMemo}
                        onKeyDown={function useSyntheticListeners.useMemo}
                        className="material-icons text-xs shrink-0 text-muted-foreground/50 cursor-grab"
                      >
+                       drag_indicator
                      ...
                    ...
                <LayerItemComponent block={{id:"lt-popup", ...}} depth={0} selectedBlockId={null} ...>
                  <div ref={function useCombinedRefs.useMemo} style={{opacity:1, ...}}>
                    <div className="group/laye..." style={{...}} onClick={function onClick} ...>
                      <span
                        role="button"
                        tabIndex={0}
                        aria-disabled={false}
                        aria-pressed={undefined}
                        aria-roledescription="sortable"
+                       aria-describedby="DndDescribedBy-0"
-                       aria-describedby="DndDescribedBy-4"
                        onMouseDown={function useSyntheticListeners.useMemo}
                        onTouchStart={function useSyntheticListeners.useMemo}
                        onKeyDown={function useSyntheticListeners.useMemo}
                        className="material-icons text-xs shrink-0 text-muted-foreground/50 cursor-grab"
                      >
+                       drag_indicator
                      ...
                    ...
            ...
            ...
 @ http://localhost:3000/_next/static/chunks/4f107_next_dist_ef166fba._.js:1883
[    2722ms] [LOG] [BlockEditorProvider] Rendered with initialBlocks: 48 @ http://localhost:3000/_next/static/chunks/4f107_next_dist_ef166fba._.js:1053
[    2722ms] [LOG] [BlockEditorProvider] Current blocks from useBlockHistory: 48 @ http://localhost:3000/_next/static/chunks/4f107_next_dist_ef166fba._.js:1053
[    2722ms] [LOG] [BlockEditorProvider] Rendered with initialBlocks: 48 @ http://localhost:3000/_next/static/chunks/4f107_next_dist_ef166fba._.js:1053
[    2722ms] [LOG] [BlockEditorProvider] Current blocks from useBlockHistory: 48 @ http://localhost:3000/_next/static/chunks/4f107_next_dist_ef166fba._.js:1053
[    4862ms] [ERROR] Failed to load resource: the server responded with a status of 503 (Service Unavailable) @ http://localhost:3000/api/realtime/token:0
[    4865ms] [LOG] [BlockEditorProvider] Rendered with initialBlocks: 48 @ http://localhost:3000/_next/static/chunks/4f107_next_dist_ef166fba._.js:1053
[    4865ms] [LOG] [BlockEditorProvider] Current blocks from useBlockHistory: 48 @ http://localhost:3000/_next/static/chunks/4f107_next_dist_ef166fba._.js:1053
[    4865ms] [LOG] [BlockEditorProvider] Rendered with initialBlocks: 48 @ http://localhost:3000/_next/static/chunks/4f107_next_dist_ef166fba._.js:1053
[    4866ms] [LOG] [BlockEditorProvider] Current blocks from useBlockHistory: 48 @ http://localhost:3000/_next/static/chunks/4f107_next_dist_ef166fba._.js:1053
[    5368ms] [LOG] [BlockEditorProvider] Rendered with initialBlocks: 48 @ http://localhost:3000/_next/static/chunks/4f107_next_dist_ef166fba._.js:1053
[    5368ms] [LOG] [BlockEditorProvider] Current blocks from useBlockHistory: 48 @ http://localhost:3000/_next/static/chunks/4f107_next_dist_ef166fba._.js:1053
[    5368ms] [LOG] [BlockEditorProvider] Rendered with initialBlocks: 48 @ http://localhost:3000/_next/static/chunks/4f107_next_dist_ef166fba._.js:1053
[    5368ms] [LOG] [BlockEditorProvider] Current blocks from useBlockHistory: 48 @ http://localhost:3000/_next/static/chunks/4f107_next_dist_ef166fba._.js:1053
[    5479ms] [ERROR] Failed to load resource: the server responded with a status of 503 (Service Unavailable) @ http://localhost:3000/api/realtime/token:0
[    5482ms] [LOG] [BlockEditorProvider] Rendered with initialBlocks: 48 @ http://localhost:3000/_next/static/chunks/4f107_next_dist_ef166fba._.js:1053
[    5482ms] [LOG] [BlockEditorProvider] Current blocks from useBlockHistory: 48 @ http://localhost:3000/_next/static/chunks/4f107_next_dist_ef166fba._.js:1053
[    5483ms] [LOG] [BlockEditorProvider] Rendered with initialBlocks: 48 @ http://localhost:3000/_next/static/chunks/4f107_next_dist_ef166fba._.js:1053
[    5483ms] [LOG] [BlockEditorProvider] Current blocks from useBlockHistory: 48 @ http://localhost:3000/_next/static/chunks/4f107_next_dist_ef166fba._.js:1053
[    5838ms] [ERROR] Failed to load resource: the server responded with a status of 401 (Unauthorized) @ http://localhost:3000/api/portal/cms/websites/241/content-types:0
[    5904ms] [ERROR] Failed to load resource: the server responded with a status of 404 (Not Found) @ http://localhost:3000/api/portal/cms/websites/241/tags:0
[    5907ms] [LOG] [BlockEditorProvider] Rendered with initialBlocks: 48 @ http://localhost:3000/_next/static/chunks/4f107_next_dist_ef166fba._.js:1053
[    5907ms] [LOG] [BlockEditorProvider] Current blocks from useBlockHistory: 48 @ http://localhost:3000/_next/static/chunks/4f107_next_dist_ef166fba._.js:1053
[    5907ms] [LOG] [BlockEditorProvider] Rendered with initialBlocks: 48 @ http://localhost:3000/_next/static/chunks/4f107_next_dist_ef166fba._.js:1053
[    5907ms] [LOG] [BlockEditorProvider] Current blocks from useBlockHistory: 48 @ http://localhost:3000/_next/static/chunks/4f107_next_dist_ef166fba._.js:1053
[    6050ms] [ERROR] Failed to load resource: the server responded with a status of 404 (Not Found) @ http://localhost:3000/api/portal/cms/websites/241/categories:0
[    6053ms] [LOG] [BlockEditorProvider] Rendered with initialBlocks: 48 @ http://localhost:3000/_next/static/chunks/4f107_next_dist_ef166fba._.js:1053
[    6054ms] [LOG] [BlockEditorProvider] Current blocks from useBlockHistory: 48 @ http://localhost:3000/_next/static/chunks/4f107_next_dist_ef166fba._.js:1053
[    6054ms] [LOG] [BlockEditorProvider] Rendered with initialBlocks: 48 @ http://localhost:3000/_next/static/chunks/4f107_next_dist_ef166fba._.js:1053
[    6054ms] [LOG] [BlockEditorProvider] Current blocks from useBlockHistory: 48 @ http://localhost:3000/_next/static/chunks/4f107_next_dist_ef166fba._.js:1053
[    6328ms] [LOG] [Fast Refresh] rebuilding @ http://localhost:3000/_next/static/chunks/4f107_next_dist_ef166fba._.js:1053
[    6486ms] [LOG] [BlockEditorProvider] Rendered with initialBlocks: 48 @ http://localhost:3000/_next/static/chunks/4f107_next_dist_ef166fba._.js:1053
[    6486ms] [LOG] [BlockEditorProvider] Current blocks from useBlockHistory: 48 @ http://localhost:3000/_next/static/chunks/4f107_next_dist_ef166fba._.js:1053
[    6486ms] [LOG] [BlockEditorProvider] Rendered with initialBlocks: 48 @ http://localhost:3000/_next/static/chunks/4f107_next_dist_ef166fba._.js:1053
[    6486ms] [LOG] [BlockEditorProvider] Current blocks from useBlockHistory: 48 @ http://localhost:3000/_next/static/chunks/4f107_next_dist_ef166fba._.js:1053
[    6562ms] [ERROR] Failed to load resource: the server responded with a status of 503 (Service Unavailable) @ http://localhost:3000/api/realtime/token:0
[    6565ms] [LOG] [BlockEditorProvider] Rendered with initialBlocks: 48 @ http://localhost:3000/_next/static/chunks/4f107_next_dist_ef166fba._.js:1053
[    6566ms] [LOG] [BlockEditorProvider] Current blocks from useBlockHistory: 48 @ http://localhost:3000/_next/static/chunks/4f107_next_dist_ef166fba._.js:1053
[    6566ms] [LOG] [BlockEditorProvider] Rendered with initialBlocks: 48 @ http://localhost:3000/_next/static/chunks/4f107_next_dist_ef166fba._.js:1053
[    6566ms] [LOG] [BlockEditorProvider] Current blocks from useBlockHistory: 48 @ http://localhost:3000/_next/static/chunks/4f107_next_dist_ef166fba._.js:1053
[    6694ms] [LOG] [Fast Refresh] done in 467ms @ http://localhost:3000/_next/static/chunks/4f107_next_dist_ef166fba._.js:1053
[    8603ms] [LOG] [HMR] connected @ http://localhost:3000/_next/static/chunks/4f107_next_dist_ef166fba._.js:1053
[    8628ms] [LOG] [BlockEditorProvider] Rendered with initialBlocks: 48 @ http://localhost:3000/_next/static/chunks/4f107_next_dist_ef166fba._.js:1053
[    8628ms] [LOG] [BlockEditorProvider] Current blocks from useBlockHistory: 48 @ http://localhost:3000/_next/static/chunks/4f107_next_dist_ef166fba._.js:1053
[    8630ms] [LOG] [BlockEditorProvider] Rendered with initialBlocks: 48 @ http://localhost:3000/_next/static/chunks/4f107_next_dist_ef166fba._.js:1053
[    8630ms] [LOG] [BlockEditorProvider] Current blocks from useBlockHistory: 48 @ http://localhost:3000/_next/static/chunks/4f107_next_dist_ef166fba._.js:1053
[    8753ms] [ERROR] Failed to load resource: the server responded with a status of 503 (Service Unavailable) @ http://localhost:3000/api/realtime/token:0
[    8767ms] [LOG] [BlockEditorProvider] Rendered with initialBlocks: 48 @ http://localhost:3000/_next/static/chunks/4f107_next_dist_ef166fba._.js:1053
[    8767ms] [LOG] [BlockEditorProvider] Current blocks from useBlockHistory: 48 @ http://localhost:3000/_next/static/chunks/4f107_next_dist_ef166fba._.js:1053
[    8768ms] [LOG] [BlockEditorProvider] Rendered with initialBlocks: 48 @ http://localhost:3000/_next/static/chunks/4f107_next_dist_ef166fba._.js:1053
[    8768ms] [LOG] [BlockEditorProvider] Current blocks from useBlockHistory: 48 @ http://localhost:3000/_next/static/chunks/4f107_next_dist_ef166fba._.js:1053
[    9347ms] [LOG] [Fast Refresh] rebuilding @ http://localhost:3000/_next/static/chunks/4f107_next_dist_ef166fba._.js:1053
[    9347ms] [LOG] [Fast Refresh] rebuilding @ http://localhost:3000/_next/static/chunks/4f107_next_dist_ef166fba._.js:1053
[    9646ms] [LOG] [BlockEditorProvider] Rendered with initialBlocks: 48 @ http://localhost:3000/_next/static/chunks/4f107_next_dist_ef166fba._.js:1053
[    9647ms] [LOG] [BlockEditorProvider] Current blocks from useBlockHistory: 48 @ http://localhost:3000/_next/static/chunks/4f107_next_dist_ef166fba._.js:1053
[    9648ms] [LOG] [BlockEditorProvider] Rendered with initialBlocks: 48 @ http://localhost:3000/_next/static/chunks/4f107_next_dist_ef166fba._.js:1053
[    9648ms] [LOG] [BlockEditorProvider] Current blocks from useBlockHistory: 48 @ http://localhost:3000/_next/static/chunks/4f107_next_dist_ef166fba._.js:1053
[   10060ms] [ERROR] An empty string ("") was passed to the %s attribute. This may cause the browser to download the whole page again over the network. To fix this, either do not render the element at all or pass null to %s instead of an empty string. src src @ http://localhost:3000/_next/static/chunks/4f107_next_dist_ef166fba._.js:1883
[   10061ms] [ERROR] An empty string ("") was passed to the %s attribute. This may cause the browser to download the whole page again over the network. To fix this, either do not render the element at all or pass null to %s instead of an empty string. src src @ http://localhost:3000/_next/static/chunks/4f107_next_dist_ef166fba._.js:1883
[   10064ms] [ERROR] An empty string ("") was passed to the %s attribute. This may cause the browser to download the whole page again over the network. To fix this, either do not render the element at all or pass null to %s instead of an empty string. src src @ http://localhost:3000/_next/static/chunks/4f107_next_dist_ef166fba._.js:1883
[   10071ms] [ERROR] An empty string ("") was passed to the %s attribute. This may cause the browser to download the whole page again over the network. To fix this, either do not render the element at all or pass null to %s instead of an empty string. src src @ http://localhost:3000/_next/static/chunks/4f107_next_dist_ef166fba._.js:1883
[   10072ms] [ERROR] An empty string ("") was passed to the %s attribute. This may cause the browser to download the whole page again over the network. To fix this, either do not render the element at all or pass null to %s instead of an empty string. src src @ http://localhost:3000/_next/static/chunks/4f107_next_dist_ef166fba._.js:1883
[   10074ms] [ERROR] An empty string ("") was passed to the %s attribute. This may cause the browser to download the whole page again over the network. To fix this, either do not render the element at all or pass null to %s instead of an empty string. src src @ http://localhost:3000/_next/static/chunks/4f107_next_dist_ef166fba._.js:1883
[   10126ms] [ERROR] An empty string ("") was passed to the %s attribute. This may cause the browser to download the whole page again over the network. To fix this, either do not render the element at all or pass null to %s instead of an empty string. src src @ http://localhost:3000/_next/static/chunks/4f107_next_dist_ef166fba._.js:1883
[   11098ms] [ERROR] An empty string ("") was passed to the %s attribute. This may cause the browser to download the whole page again over the network. To fix this, either do not render the element at all or pass null to %s instead of an empty string. src src @ http://localhost:3000/_next/static/chunks/4f107_next_dist_ef166fba._.js:1883
[   11099ms] [ERROR] An empty string ("") was passed to the %s attribute. This may cause the browser to download the whole page again over the network. To fix this, either do not render the element at all or pass null to %s instead of an empty string. src src @ http://localhost:3000/_next/static/chunks/4f107_next_dist_ef166fba._.js:1883
[   11100ms] [ERROR] An empty string ("") was passed to the %s attribute. This may cause the browser to download the whole page again over the network. To fix this, either do not render the element at all or pass null to %s instead of an empty string. src src @ http://localhost:3000/_next/static/chunks/4f107_next_dist_ef166fba._.js:1883
[   11101ms] [ERROR] An empty string ("") was passed to the %s attribute. This may cause the browser to download the whole page again over the network. To fix this, either do not render the element at all or pass null to %s instead of an empty string. src src @ http://localhost:3000/_next/static/chunks/4f107_next_dist_ef166fba._.js:1883
[   11102ms] [ERROR] An empty string ("") was passed to the %s attribute. This may cause the browser to download the whole page again over the network. To fix this, either do not render the element at all or pass null to %s instead of an empty string. src src @ http://localhost:3000/_next/static/chunks/4f107_next_dist_ef166fba._.js:1883
[   11103ms] [ERROR] An empty string ("") was passed to the %s attribute. This may cause the browser to download the whole page again over the network. To fix this, either do not render the element at all or pass null to %s instead of an empty string. src src @ http://localhost:3000/_next/static/chunks/4f107_next_dist_ef166fba._.js:1883
[   11126ms] [ERROR] An empty string ("") was passed to the %s attribute. This may cause the browser to download the whole page again over the network. To fix this, either do not render the element at all or pass null to %s instead of an empty string. src src @ http://localhost:3000/_next/static/chunks/4f107_next_dist_ef166fba._.js:1883
[   11246ms] TypeError: post.publishedAt.toISOString is not a function
    at http://localhost:3000/_next/static/chunks/simplerdevelopment_simplerdevelopment2026_components_blocks_render_751f3b97._.js:2724:76
    at Array.map (<anonymous>)
    at BlogPostsBlockRender (http://localhost:3000/_next/static/chunks/simplerdevelopment_simplerdevelopment2026_components_blocks_render_751f3b97._.js:2668:33)
    at Object.react_stack_bottom_frame (http://localhost:3000/_next/static/chunks/4f107_next_dist_compiled_react-dom_ce703cb8._.js:14826:24)
    at renderWithHooks (http://localhost:3000/_next/static/chunks/4f107_next_dist_compiled_react-dom_ce703cb8._.js:4651:24)
    at updateFunctionComponent (http://localhost:3000/_next/static/chunks/4f107_next_dist_compiled_react-dom_ce703cb8._.js:6112:21)
    at beginWork (http://localhost:3000/_next/static/chunks/4f107_next_dist_compiled_react-dom_ce703cb8._.js:6708:24)
    at runWithFiberInDEV (http://localhost:3000/_next/static/chunks/4f107_next_dist_compiled_react-dom_ce703cb8._.js:965:74)
    at performUnitOfWork (http://localhost:3000/_next/static/chunks/4f107_next_dist_compiled_react-dom_ce703cb8._.js:9562:97)
    at workLoopSync (http://localhost:3000/_next/static/chunks/4f107_next_dist_compiled_react-dom_ce703cb8._.js:9456:40)
    at renderRootSync (http://localhost:3000/_next/static/chunks/4f107_next_dist_compiled_react-dom_ce703cb8._.js:9440:13)
    at performWorkOnRoot (http://localhost:3000/_next/static/chunks/4f107_next_dist_compiled_react-dom_ce703cb8._.js:9068:186)
    at performWorkOnRootViaSchedulerTask (http://localhost:3000/_next/static/chunks/4f107_next_dist_compiled_react-dom_ce703cb8._.js:10230:9)
    at MessagePort.performWorkUntilDeadline (http://localhost:3000/_next/static/chunks/4f107_next_dist_compiled_13a33443._.js:3168:64)
[   11247ms] TypeError: post.publishedAt.toISOString is not a function
    at http://localhost:3000/_next/static/chunks/simplerdevelopment_simplerdevelopment2026_components_blocks_render_751f3b97._.js:2724:76
    at Array.map (<anonymous>)
    at BlogPostsBlockRender (http://localhost:3000/_next/static/chunks/simplerdevelopment_simplerdevelopment2026_components_blocks_render_751f3b97._.js:2668:33)
    at Object.react_stack_bottom_frame (http://localhost:3000/_next/static/chunks/4f107_next_dist_compiled_react-dom_ce703cb8._.js:14826:24)
    at renderWithHooks (http://localhost:3000/_next/static/chunks/4f107_next_dist_compiled_react-dom_ce703cb8._.js:4651:24)
    at updateFunctionComponent (http://localhost:3000/_next/static/chunks/4f107_next_dist_compiled_react-dom_ce703cb8._.js:6112:21)
    at beginWork (http://localhost:3000/_next/static/chunks/4f107_next_dist_compiled_react-dom_ce703cb8._.js:6708:24)
    at runWithFiberInDEV (http://localhost:3000/_next/static/chunks/4f107_next_dist_compiled_react-dom_ce703cb8._.js:965:74)
    at performUnitOfWork (http://localhost:3000/_next/static/chunks/4f107_next_dist_compiled_react-dom_ce703cb8._.js:9562:97)
    at workLoopSync (http://localhost:3000/_next/static/chunks/4f107_next_dist_compiled_react-dom_ce703cb8._.js:9456:40)
    at renderRootSync (http://localhost:3000/_next/static/chunks/4f107_next_dist_compiled_react-dom_ce703cb8._.js:9440:13)
    at performWorkOnRoot (http://localhost:3000/_next/static/chunks/4f107_next_dist_compiled_react-dom_ce703cb8._.js:9068:186)
    at performWorkOnRootViaSchedulerTask (http://localhost:3000/_next/static/chunks/4f107_next_dist_compiled_react-dom_ce703cb8._.js:10230:9)
    at MessagePort.performWorkUntilDeadline (http://localhost:3000/_next/static/chunks/4f107_next_dist_compiled_13a33443._.js:3168:64)
[   11247ms] TypeError: post.publishedAt.toISOString is not a function
    at http://localhost:3000/_next/static/chunks/simplerdevelopment_simplerdevelopment2026_components_blocks_render_751f3b97._.js:2724:76
    at Array.map (<anonymous>)
    at BlogPostsBlockRender (http://localhost:3000/_next/static/chunks/simplerdevelopment_simplerdevelopment2026_components_blocks_render_751f3b97._.js:2668:33)
    at Object.react_stack_bottom_frame (http://localhost:3000/_next/static/chunks/4f107_next_dist_compiled_react-dom_ce703cb8._.js:14826:24)
    at renderWithHooks (http://localhost:3000/_next/static/chunks/4f107_next_dist_compiled_react-dom_ce703cb8._.js:4651:24)
    at updateFunctionComponent (http://localhost:3000/_next/static/chunks/4f107_next_dist_compiled_react-dom_ce703cb8._.js:6112:21)
    at beginWork (http://localhost:3000/_next/static/chunks/4f107_next_dist_compiled_react-dom_ce703cb8._.js:6708:24)
    at runWithFiberInDEV (http://localhost:3000/_next/static/chunks/4f107_next_dist_compiled_react-dom_ce703cb8._.js:965:74)
    at performUnitOfWork (http://localhost:3000/_next/static/chunks/4f107_next_dist_compiled_react-dom_ce703cb8._.js:9562:97)
    at workLoopSync (http://localhost:3000/_next/static/chunks/4f107_next_dist_compiled_react-dom_ce703cb8._.js:9456:40)
    at renderRootSync (http://localhost:3000/_next/static/chunks/4f107_next_dist_compiled_react-dom_ce703cb8._.js:9440:13)
    at performWorkOnRoot (http://localhost:3000/_next/static/chunks/4f107_next_dist_compiled_react-dom_ce703cb8._.js:9068:186)
    at performWorkOnRootViaSchedulerTask (http://localhost:3000/_next/static/chunks/4f107_next_dist_compiled_react-dom_ce703cb8._.js:10230:9)
    at MessagePort.performWorkUntilDeadline (http://localhost:3000/_next/static/chunks/4f107_next_dist_compiled_13a33443._.js:3168:64)
[   11251ms] TypeError: post.publishedAt.toISOString is not a function
    at http://localhost:3000/_next/static/chunks/simplerdevelopment_simplerdevelopment2026_components_blocks_render_751f3b97._.js:2724:76
    at Array.map (<anonymous>)
    at BlogPostsBlockRender (http://localhost:3000/_next/static/chunks/simplerdevelopment_simplerdevelopment2026_components_blocks_render_751f3b97._.js:2668:33)
    at Object.react_stack_bottom_frame (http://localhost:3000/_next/static/chunks/4f107_next_dist_compiled_react-dom_ce703cb8._.js:14826:24)
    at renderWithHooks (http://localhost:3000/_next/static/chunks/4f107_next_dist_compiled_react-dom_ce703cb8._.js:4651:24)
    at updateFunctionComponent (http://localhost:3000/_next/static/chunks/4f107_next_dist_compiled_react-dom_ce703cb8._.js:6112:21)
    at beginWork (http://localhost:3000/_next/static/chunks/4f107_next_dist_compiled_react-dom_ce703cb8._.js:6708:24)
    at runWithFiberInDEV (http://localhost:3000/_next/static/chunks/4f107_next_dist_compiled_react-dom_ce703cb8._.js:965:74)
    at performUnitOfWork (http://localhost:3000/_next/static/chunks/4f107_next_dist_compiled_react-dom_ce703cb8._.js:9562:97)
    at workLoopSync (http://localhost:3000/_next/static/chunks/4f107_next_dist_compiled_react-dom_ce703cb8._.js:9456:40)
    at renderRootSync (http://localhost:3000/_next/static/chunks/4f107_next_dist_compiled_react-dom_ce703cb8._.js:9440:13)
    at performWorkOnRoot (http://localhost:3000/_next/static/chunks/4f107_next_dist_compiled_react-dom_ce703cb8._.js:9068:186)
    at performWorkOnRootViaSchedulerTask (http://localhost:3000/_next/static/chunks/4f107_next_dist_compiled_react-dom_ce703cb8._.js:10230:9)
    at MessagePort.performWorkUntilDeadline (http://localhost:3000/_next/static/chunks/4f107_next_dist_compiled_13a33443._.js:3168:64)
[   11252ms] TypeError: post.publishedAt.toISOString is not a function
    at http://localhost:3000/_next/static/chunks/simplerdevelopment_simplerdevelopment2026_components_blocks_render_751f3b97._.js:2724:76
    at Array.map (<anonymous>)
    at BlogPostsBlockRender (http://localhost:3000/_next/static/chunks/simplerdevelopment_simplerdevelopment2026_components_blocks_render_751f3b97._.js:2668:33)
    at Object.react_stack_bottom_frame (http://localhost:3000/_next/static/chunks/4f107_next_dist_compiled_react-dom_ce703cb8._.js:14826:24)
    at renderWithHooks (http://localhost:3000/_next/static/chunks/4f107_next_dist_compiled_react-dom_ce703cb8._.js:4651:24)
    at updateFunctionComponent (http://localhost:3000/_next/static/chunks/4f107_next_dist_compiled_react-dom_ce703cb8._.js:6112:21)
    at beginWork (http://localhost:3000/_next/static/chunks/4f107_next_dist_compiled_react-dom_ce703cb8._.js:6708:24)
    at runWithFiberInDEV (http://localhost:3000/_next/static/chunks/4f107_next_dist_compiled_react-dom_ce703cb8._.js:965:74)
    at performUnitOfWork (http://localhost:3000/_next/static/chunks/4f107_next_dist_compiled_react-dom_ce703cb8._.js:9562:97)
    at workLoopSync (http://localhost:3000/_next/static/chunks/4f107_next_dist_compiled_react-dom_ce703cb8._.js:9456:40)
    at renderRootSync (http://localhost:3000/_next/static/chunks/4f107_next_dist_compiled_react-dom_ce703cb8._.js:9440:13)
    at performWorkOnRoot (http://localhost:3000/_next/static/chunks/4f107_next_dist_compiled_react-dom_ce703cb8._.js:9068:186)
    at performWorkOnRootViaSchedulerTask (http://localhost:3000/_next/static/chunks/4f107_next_dist_compiled_react-dom_ce703cb8._.js:10230:9)
    at MessagePort.performWorkUntilDeadline (http://localhost:3000/_next/static/chunks/4f107_next_dist_compiled_13a33443._.js:3168:64)
[   11252ms] TypeError: post.publishedAt.toISOString is not a function
    at http://localhost:3000/_next/static/chunks/simplerdevelopment_simplerdevelopment2026_components_blocks_render_751f3b97._.js:2724:76
    at Array.map (<anonymous>)
    at BlogPostsBlockRender (http://localhost:3000/_next/static/chunks/simplerdevelopment_simplerdevelopment2026_components_blocks_render_751f3b97._.js:2668:33)
    at Object.react_stack_bottom_frame (http://localhost:3000/_next/static/chunks/4f107_next_dist_compiled_react-dom_ce703cb8._.js:14826:24)
    at renderWithHooks (http://localhost:3000/_next/static/chunks/4f107_next_dist_compiled_react-dom_ce703cb8._.js:4651:24)
    at updateFunctionComponent (http://localhost:3000/_next/static/chunks/4f107_next_dist_compiled_react-dom_ce703cb8._.js:6112:21)
    at beginWork (http://localhost:3000/_next/static/chunks/4f107_next_dist_compiled_react-dom_ce703cb8._.js:6708:24)
    at runWithFiberInDEV (http://localhost:3000/_next/static/chunks/4f107_next_dist_compiled_react-dom_ce703cb8._.js:965:74)
    at performUnitOfWork (http://localhost:3000/_next/static/chunks/4f107_next_dist_compiled_react-dom_ce703cb8._.js:9562:97)
    at workLoopSync (http://localhost:3000/_next/static/chunks/4f107_next_dist_compiled_react-dom_ce703cb8._.js:9456:40)
    at renderRootSync (http://localhost:3000/_next/static/chunks/4f107_next_dist_compiled_react-dom_ce703cb8._.js:9440:13)
    at performWorkOnRoot (http://localhost:3000/_next/static/chunks/4f107_next_dist_compiled_react-dom_ce703cb8._.js:9068:186)
    at performWorkOnRootViaSchedulerTask (http://localhost:3000/_next/static/chunks/4f107_next_dist_compiled_react-dom_ce703cb8._.js:10230:9)
    at MessagePort.performWorkUntilDeadline (http://localhost:3000/_next/static/chunks/4f107_next_dist_compiled_13a33443._.js:3168:64)
[   11253ms] TypeError: post.publishedAt.toISOString is not a function
    at http://localhost:3000/_next/static/chunks/simplerdevelopment_simplerdevelopment2026_components_blocks_render_751f3b97._.js:2724:76
    at Array.map (<anonymous>)
    at BlogPostsBlockRender (http://localhost:3000/_next/static/chunks/simplerdevelopment_simplerdevelopment2026_components_blocks_render_751f3b97._.js:2668:33)
    at Object.react_stack_bottom_frame (http://localhost:3000/_next/static/chunks/4f107_next_dist_compiled_react-dom_ce703cb8._.js:14826:24)
    at renderWithHooks (http://localhost:3000/_next/static/chunks/4f107_next_dist_compiled_react-dom_ce703cb8._.js:4651:24)
    at updateFunctionComponent (http://localhost:3000/_next/static/chunks/4f107_next_dist_compiled_react-dom_ce703cb8._.js:6112:21)
    at beginWork (http://localhost:3000/_next/static/chunks/4f107_next_dist_compiled_react-dom_ce703cb8._.js:6708:24)
    at runWithFiberInDEV (http://localhost:3000/_next/static/chunks/4f107_next_dist_compiled_react-dom_ce703cb8._.js:965:74)
    at performUnitOfWork (http://localhost:3000/_next/static/chunks/4f107_next_dist_compiled_react-dom_ce703cb8._.js:9562:97)
    at workLoopSync (http://localhost:3000/_next/static/chunks/4f107_next_dist_compiled_react-dom_ce703cb8._.js:9456:40)
    at renderRootSync (http://localhost:3000/_next/static/chunks/4f107_next_dist_compiled_react-dom_ce703cb8._.js:9440:13)
    at performWorkOnRoot (http://localhost:3000/_next/static/chunks/4f107_next_dist_compiled_react-dom_ce703cb8._.js:9068:186)
    at performWorkOnRootViaSchedulerTask (http://localhost:3000/_next/static/chunks/4f107_next_dist_compiled_react-dom_ce703cb8._.js:10230:9)
    at MessagePort.performWorkUntilDeadline (http://localhost:3000/_next/static/chunks/4f107_next_dist_compiled_13a33443._.js:3168:64)
[   11358ms] [LOG] [Fast Refresh] done in 2227ms @ http://localhost:3000/_next/static/chunks/4f107_next_dist_ef166fba._.js:1053
[   11358ms] [LOG] [Fast Refresh] done in 2227ms @ http://localhost:3000/_next/static/chunks/4f107_next_dist_ef166fba._.js:1053
[   11640ms] [ERROR] %o

%s TypeError: post.publishedAt.toISOString is not a function
    at http://localhost:3000/_next/static/chunks/simplerdevelopment_simplerdevelopment2026_components_blocks_render_751f3b97._.js:2724:76
    at Array.map (<anonymous>)
    at BlogPostsBlockRender (http://localhost:3000/_next/static/chunks/simplerdevelopment_simplerdevelopment2026_components_blocks_render_751f3b97._.js:2668:33)
    at Object.react_stack_bottom_frame (http://localhost:3000/_next/static/chunks/4f107_next_dist_compiled_react-dom_ce703cb8._.js:14826:24)
    at renderWithHooks (http://localhost:3000/_next/static/chunks/4f107_next_dist_compiled_react-dom_ce703cb8._.js:4651:24)
    at updateFunctionComponent (http://localhost:3000/_next/static/chunks/4f107_next_dist_compiled_react-dom_ce703cb8._.js:6112:21)
    at beginWork (http://localhost:3000/_next/static/chunks/4f107_next_dist_compiled_react-dom_ce703cb8._.js:6708:24)
    at runWithFiberInDEV (http://localhost:3000/_next/static/chunks/4f107_next_dist_compiled_react-dom_ce703cb8._.js:965:74)
    at performUnitOfWork (http://localhost:3000/_next/static/chunks/4f107_next_dist_compiled_react-dom_ce703cb8._.js:9562:97)
    at workLoopSync (http://localhost:3000/_next/static/chunks/4f107_next_dist_compiled_react-dom_ce703cb8._.js:9456:40)
    at renderRootSync (http://localhost:3000/_next/static/chunks/4f107_next_dist_compiled_react-dom_ce703cb8._.js:9440:13)
    at performWorkOnRoot (http://localhost:3000/_next/static/chunks/4f107_next_dist_compiled_react-dom_ce703cb8._.js:9068:186)
    at performWorkOnRootViaSchedulerTask (http://localhost:3000/_next/static/chunks/4f107_next_dist_compiled_react-dom_ce703cb8._.js:10230:9)
    at MessagePort.performWorkUntilDeadline (http://localhost:3000/_next/static/chunks/4f107_next_dist_compiled_13a33443._.js:3168:64) The above error occurred in the <BlogPostsBlockRender> component. It was handled by the <ErrorBoundaryHandler> error boundary. @ http://localhost:3000/_next/static/chunks/4f107_next_dist_client_0180d078._.js:2642
[   11690ms] [ERROR] TypeError: post.publishedAt.toISOString is not a function
    at http://localhost:3000/_next/static/chunks/simplerdevelopment_simplerdevelopment2026_components_blocks_render_751f3b97._.js:2724:76
    at Array.map (<anonymous>)
    at BlogPostsBlockRender (http://localhost:3000/_next/static/chunks/simplerdevelopment_simplerdevelopment2026_components_blocks_render_751f3b97._.js:2668:33)
    at Object.react_stack_bottom_frame (http://localhost:3000/_next/static/chunks/4f107_next_dist_compiled_react-dom_ce703cb8._.js:14826:24)
    at renderWithHooks (http://localhost:3000/_next/static/chunks/4f107_next_dist_compiled_react-dom_ce703cb8._.js:4651:24)
    at updateFunctionComponent (http://localhost:3000/_next/static/chunks/4f107_next_dist_compiled_react-dom_ce703cb8._.js:6112:21)
    at beginWork (http://localhost:3000/_next/static/chunks/4f107_next_dist_compiled_react-dom_ce703cb8._.js:6708:24)
    at runWithFiberInDEV (http://localhost:3000/_next/static/chunks/4f107_next_dist_compiled_react-dom_ce703cb8._.js:965:74)
    at performUnitOfWork (http://localhost:3000/_next/static/chunks/4f107_next_dist_compiled_react-dom_ce703cb8._.js:9562:97)
    at workLoopSync (http://localhost:3000/_next/static/chunks/4f107_next_dist_compiled_react-dom_ce703cb8._.js:9456:40)
    at renderRootSync (http://localhost:3000/_next/static/chunks/4f107_next_dist_compiled_react-dom_ce703cb8._.js:9440:13)
    at performWorkOnRoot (http://localhost:3000/_next/static/chunks/4f107_next_dist_compiled_react-dom_ce703cb8._.js:9068:186)
    at performWorkOnRootViaSchedulerTask (http://localhost:3000/_next/static/chunks/4f107_next_dist_compiled_react-dom_ce703cb8._.js:10230:9)
    at MessagePort.performWorkUntilDeadline (http://localhost:3000/_next/static/chunks/4f107_next_dist_compiled_13a33443._.js:3168:64) @ http://localhost:3000/_next/static/chunks/4f107_next_dist_ef166fba._.js:1883
[   11692ms] [ERROR] TypeError: post.publishedAt.toISOString is not a function
    at http://localhost:3000/_next/static/chunks/simplerdevelopment_simplerdevelopment2026_components_blocks_render_751f3b97._.js:2724:76
    at Array.map (<anonymous>)
    at BlogPostsBlockRender (http://localhost:3000/_next/static/chunks/simplerdevelopment_simplerdevelopment2026_components_blocks_render_751f3b97._.js:2668:33)
    at Object.react_stack_bottom_frame (http://localhost:3000/_next/static/chunks/4f107_next_dist_compiled_react-dom_ce703cb8._.js:14826:24)
    at renderWithHooks (http://localhost:3000/_next/static/chunks/4f107_next_dist_compiled_react-dom_ce703cb8._.js:4651:24)
    at updateFunctionComponent (http://localhost:3000/_next/static/chunks/4f107_next_dist_compiled_react-dom_ce703cb8._.js:6112:21)
    at beginWork (http://localhost:3000/_next/static/chunks/4f107_next_dist_compiled_react-dom_ce703cb8._.js:6708:24)
    at runWithFiberInDEV (http://localhost:3000/_next/static/chunks/4f107_next_dist_compiled_react-dom_ce703cb8._.js:965:74)
    at performUnitOfWork (http://localhost:3000/_next/static/chunks/4f107_next_dist_compiled_react-dom_ce703cb8._.js:9562:97)
    at workLoopSync (http://localhost:3000/_next/static/chunks/4f107_next_dist_compiled_react-dom_ce703cb8._.js:9456:40)
    at renderRootSync (http://localhost:3000/_next/static/chunks/4f107_next_dist_compiled_react-dom_ce703cb8._.js:9440:13)
    at performWorkOnRoot (http://localhost:3000/_next/static/chunks/4f107_next_dist_compiled_react-dom_ce703cb8._.js:9068:186)
    at performWorkOnRootViaSchedulerTask (http://localhost:3000/_next/static/chunks/4f107_next_dist_compiled_react-dom_ce703cb8._.js:10230:9)
    at MessagePort.performWorkUntilDeadline (http://localhost:3000/_next/static/chunks/4f107_next_dist_compiled_13a33443._.js:3168:64) @ http://localhost:3000/_next/static/chunks/4f107_next_dist_ef166fba._.js:1883
[   11694ms] [LOG] [Fast Refresh] rebuilding @ http://localhost:3000/_next/static/chunks/4f107_next_dist_ef166fba._.js:1053
[   11700ms] [LOG] [Fast Refresh] rebuilding @ http://localhost:3000/_next/static/chunks/4f107_next_dist_ef166fba._.js:1053
[   12270ms] [LOG] [Fast Refresh] done in 713ms @ http://localhost:3000/_next/static/chunks/4f107_next_dist_ef166fba._.js:1053
[   12270ms] [LOG] [Fast Refresh] done in 714ms @ http://localhost:3000/_next/static/chunks/4f107_next_dist_ef166fba._.js:1053
[   12758ms] [LOG] [BlockEditorProvider] Rendered with initialBlocks: 48 @ http://localhost:3000/_next/static/chunks/4f107_next_dist_ef166fba._.js:1053
[   12758ms] [LOG] [BlockEditorProvider] Current blocks from useBlockHistory: 48 @ http://localhost:3000/_next/static/chunks/4f107_next_dist_ef166fba._.js:1053
[   12759ms] [LOG] [BlockEditorProvider] Rendered with initialBlocks: 48 @ http://localhost:3000/_next/static/chunks/4f107_next_dist_ef166fba._.js:1053
[   12759ms] [LOG] [BlockEditorProvider] Current blocks from useBlockHistory: 48 @ http://localhost:3000/_next/static/chunks/4f107_next_dist_ef166fba._.js:1053
[   12801ms] [ERROR] Failed to load resource: the server responded with a status of 503 (Service Unavailable) @ http://localhost:3000/api/realtime/token:0
[   12807ms] [LOG] [BlockEditorProvider] Rendered with initialBlocks: 48 @ http://localhost:3000/_next/static/chunks/4f107_next_dist_ef166fba._.js:1053
[   12807ms] [LOG] [BlockEditorProvider] Current blocks from useBlockHistory: 48 @ http://localhost:3000/_next/static/chunks/4f107_next_dist_ef166fba._.js:1053
[   12807ms] [LOG] [BlockEditorProvider] Rendered with initialBlocks: 48 @ http://localhost:3000/_next/static/chunks/4f107_next_dist_ef166fba._.js:1053
[   12808ms] [LOG] [BlockEditorProvider] Current blocks from useBlockHistory: 48 @ http://localhost:3000/_next/static/chunks/4f107_next_dist_ef166fba._.js:1053
[   16608ms] [LOG] [Fast Refresh] rebuilding @ http://localhost:3000/_next/static/chunks/4f107_next_dist_ef166fba._.js:1053
[   16608ms] [LOG] [Fast Refresh] rebuilding @ http://localhost:3000/_next/static/chunks/4f107_next_dist_ef166fba._.js:1053
[   17365ms] [LOG] [Fast Refresh] done in 858ms @ http://localhost:3000/_next/static/chunks/4f107_next_dist_ef166fba._.js:1053
[   17366ms] [LOG] [Fast Refresh] done in 858ms @ http://localhost:3000/_next/static/chunks/4f107_next_dist_ef166fba._.js:1053
[   20808ms] [LOG] [BlockEditorProvider] Rendered with initialBlocks: 48 @ http://localhost:3000/_next/static/chunks/4f107_next_dist_ef166fba._.js:1053
[   20808ms] [LOG] [BlockEditorProvider] Current blocks from useBlockHistory: 48 @ http://localhost:3000/_next/static/chunks/4f107_next_dist_ef166fba._.js:1053
[   20808ms] [LOG] [BlockEditorProvider] Rendered with initialBlocks: 48 @ http://localhost:3000/_next/static/chunks/4f107_next_dist_ef166fba._.js:1053
[   20809ms] [LOG] [BlockEditorProvider] Current blocks from useBlockHistory: 48 @ http://localhost:3000/_next/static/chunks/4f107_next_dist_ef166fba._.js:1053
[   20853ms] [ERROR] Failed to load resource: the server responded with a status of 503 (Service Unavailable) @ http://localhost:3000/api/realtime/token:0
[   20857ms] [LOG] [BlockEditorProvider] Rendered with initialBlocks: 48 @ http://localhost:3000/_next/static/chunks/4f107_next_dist_ef166fba._.js:1053
[   20858ms] [LOG] [BlockEditorProvider] Current blocks from useBlockHistory: 48 @ http://localhost:3000/_next/static/chunks/4f107_next_dist_ef166fba._.js:1053
[   20858ms] [LOG] [BlockEditorProvider] Rendered with initialBlocks: 48 @ http://localhost:3000/_next/static/chunks/4f107_next_dist_ef166fba._.js:1053
[   20858ms] [LOG] [BlockEditorProvider] Current blocks from useBlockHistory: 48 @ http://localhost:3000/_next/static/chunks/4f107_next_dist_ef166fba._.js:1053
[   36858ms] [LOG] [BlockEditorProvider] Rendered with initialBlocks: 48 @ http://localhost:3000/_next/static/chunks/4f107_next_dist_ef166fba._.js:1053
[   36858ms] [LOG] [BlockEditorProvider] Current blocks from useBlockHistory: 48 @ http://localhost:3000/_next/static/chunks/4f107_next_dist_ef166fba._.js:1053
[   36858ms] [LOG] [BlockEditorProvider] Rendered with initialBlocks: 48 @ http://localhost:3000/_next/static/chunks/4f107_next_dist_ef166fba._.js:1053
[   36859ms] [LOG] [BlockEditorProvider] Current blocks from useBlockHistory: 48 @ http://localhost:3000/_next/static/chunks/4f107_next_dist_ef166fba._.js:1053
[   36904ms] [ERROR] Failed to load resource: the server responded with a status of 503 (Service Unavailable) @ http://localhost:3000/api/realtime/token:0
[   36907ms] [LOG] [BlockEditorProvider] Rendered with initialBlocks: 48 @ http://localhost:3000/_next/static/chunks/4f107_next_dist_ef166fba._.js:1053
[   36908ms] [LOG] [BlockEditorProvider] Current blocks from useBlockHistory: 48 @ http://localhost:3000/_next/static/chunks/4f107_next_dist_ef166fba._.js:1053
[   36908ms] [LOG] [BlockEditorProvider] Rendered with initialBlocks: 48 @ http://localhost:3000/_next/static/chunks/4f107_next_dist_ef166fba._.js:1053
[   36908ms] [LOG] [BlockEditorProvider] Current blocks from useBlockHistory: 48 @ http://localhost:3000/_next/static/chunks/4f107_next_dist_ef166fba._.js:1053
