[   20176ms] [ERROR] ClientFetchError: Failed to fetch. Read more at https://errors.authjs.dev#autherror
    at fetchData (http://localhost:3000/_next/static/chunks/5947f__bun_9ce15196._.js:608:22)
    at async getSession (http://localhost:3000/_next/static/chunks/5947f__bun_9ce15196._.js:775:21)
    at async SessionProvider.useEffect [as _getSession] (http://localhost:3000/_next/static/chunks/5947f__bun_9ce15196._.js:918:51) @ http://localhost:3000/_next/static/chunks/4f107_next_dist_ef166fba._.js:1883
[   20178ms] [ERROR] Failed to load resource: the server responded with a status of 404 (Not Found) @ http://localhost:3000/portal/websites/1/posts/1760/edit:0
[   21783ms] [INFO] %cDownload the React DevTools for a better development experience: https://react.dev/link/react-devtools font-weight:bold @ http://localhost:3000/_next/static/chunks/4f107_next_dist_ef166fba._.js:1053
[   22089ms] [LOG] [HMR] connected @ http://localhost:3000/_next/static/chunks/4f107_next_dist_ef166fba._.js:1053
[   25568ms] [LOG] [Fast Refresh] rebuilding @ http://localhost:3000/_next/static/chunks/4f107_next_dist_ef166fba._.js:1053
[   29126ms] [LOG] [Fast Refresh] done in 3657ms @ http://localhost:3000/_next/static/chunks/4f107_next_dist_ef166fba._.js:1053
[   40239ms] [LOG] [Fast Refresh] rebuilding @ http://localhost:3000/_next/static/chunks/4f107_next_dist_ef166fba._.js:1053
[   41474ms] [LOG] [Fast Refresh] done in 1335ms @ http://localhost:3000/_next/static/chunks/4f107_next_dist_ef166fba._.js:1053
[   48361ms] [LOG] [Fast Refresh] rebuilding @ http://localhost:3000/_next/static/chunks/4f107_next_dist_ef166fba._.js:1053
[   50255ms] [LOG] [Fast Refresh] done in 1996ms @ http://localhost:3000/_next/static/chunks/4f107_next_dist_ef166fba._.js:1053
[   61070ms] [LOG] [Fast Refresh] rebuilding @ http://localhost:3000/_next/static/chunks/4f107_next_dist_ef166fba._.js:1053
[   62383ms] [LOG] [Fast Refresh] done in 1416ms @ http://localhost:3000/_next/static/chunks/4f107_next_dist_ef166fba._.js:1053
[   69400ms] [LOG] [Fast Refresh] rebuilding @ http://localhost:3000/_next/static/chunks/4f107_next_dist_ef166fba._.js:1053
[   70332ms] [LOG] [Fast Refresh] done in 1035ms @ http://localhost:3000/_next/static/chunks/4f107_next_dist_ef166fba._.js:1053
[   76777ms] [LOG] [Fast Refresh] rebuilding @ http://localhost:3000/_next/static/chunks/4f107_next_dist_ef166fba._.js:1053
[   77557ms] [LOG] [Fast Refresh] done in 881ms @ http://localhost:3000/_next/static/chunks/4f107_next_dist_ef166fba._.js:1053
[   94614ms] [LOG] [Fast Refresh] rebuilding @ http://localhost:3000/_next/static/chunks/4f107_next_dist_ef166fba._.js:1053
[   96335ms] [LOG] [Fast Refresh] done in 1822ms @ http://localhost:3000/_next/static/chunks/4f107_next_dist_ef166fba._.js:1053
[  105999ms] [LOG] [Fast Refresh] rebuilding @ http://localhost:3000/_next/static/chunks/4f107_next_dist_ef166fba._.js:1053
[  108585ms] [LOG] [Fast Refresh] done in 2687ms @ http://localhost:3000/_next/static/chunks/4f107_next_dist_ef166fba._.js:1053
[  117947ms] [LOG] [Fast Refresh] rebuilding @ http://localhost:3000/_next/static/chunks/4f107_next_dist_ef166fba._.js:1053
[  119078ms] [LOG] [Fast Refresh] done in 1232ms @ http://localhost:3000/_next/static/chunks/4f107_next_dist_ef166fba._.js:1053
[  143894ms] [LOG] [Fast Refresh] rebuilding @ http://localhost:3000/_next/static/chunks/4f107_next_dist_ef166fba._.js:1053
[  144500ms] [LOG] [Fast Refresh] done in 708ms @ http://localhost:3000/_next/static/chunks/4f107_next_dist_ef166fba._.js:1053
