[   19230ms] [ERROR] Failed to load resource: net::ERR_INSUFFICIENT_RESOURCES @ http://localhost:3000/api/portal/crm/notifications?limit=20:0
[   34195ms] [ERROR] Failed to load resource: net::ERR_INSUFFICIENT_RESOURCES @ http://localhost:3000/api/portal/approvals?count=true:0
[   34209ms] [ERROR] Failed to load resource: net::ERR_INSUFFICIENT_RESOURCES @ http://localhost:3000/api/portal/notifications?unread=1&limit=1:0
[   64245ms] [ERROR] Failed to load resource: net::ERR_INSUFFICIENT_RESOURCES @ http://localhost:3000/api/portal/crm/notifications?limit=20:0
[   94192ms] [ERROR] Failed to load resource: net::ERR_INSUFFICIENT_RESOURCES @ http://localhost:3000/api/portal/approvals?count=true:0
[   94209ms] [ERROR] Failed to load resource: net::ERR_INSUFFICIENT_RESOURCES @ http://localhost:3000/api/portal/notifications?unread=1&limit=1:0
[  109219ms] [ERROR] Failed to load resource: net::ERR_INSUFFICIENT_RESOURCES @ http://localhost:3000/api/portal/crm/notifications?limit=20:0
[  154192ms] [ERROR] Failed to load resource: net::ERR_INSUFFICIENT_RESOURCES @ http://localhost:3000/api/portal/approvals?count=true:0
[  154206ms] [ERROR] Failed to load resource: net::ERR_INSUFFICIENT_RESOURCES @ http://localhost:3000/api/portal/notifications?unread=1&limit=1:0
[  154221ms] [ERROR] Failed to load resource: net::ERR_INSUFFICIENT_RESOURCES @ http://localhost:3000/api/portal/crm/notifications?limit=20:0
[  199217ms] [ERROR] Failed to load resource: net::ERR_INSUFFICIENT_RESOURCES @ http://localhost:3000/api/portal/crm/notifications?limit=20:0
[  214192ms] [ERROR] Failed to load resource: net::ERR_INSUFFICIENT_RESOURCES @ http://localhost:3000/api/portal/approvals?count=true:0
[  214205ms] [ERROR] Failed to load resource: net::ERR_INSUFFICIENT_RESOURCES @ http://localhost:3000/api/portal/notifications?unread=1&limit=1:0
[  244220ms] [ERROR] Failed to load resource: net::ERR_INSUFFICIENT_RESOURCES @ http://localhost:3000/api/portal/crm/notifications?limit=20:0
[  274192ms] [ERROR] Failed to load resource: net::ERR_INSUFFICIENT_RESOURCES @ http://localhost:3000/api/portal/approvals?count=true:0
[  274204ms] [ERROR] Failed to load resource: net::ERR_INSUFFICIENT_RESOURCES @ http://localhost:3000/api/portal/notifications?unread=1&limit=1:0
[  289218ms] [ERROR] Failed to load resource: net::ERR_INSUFFICIENT_RESOURCES @ http://localhost:3000/api/portal/crm/notifications?limit=20:0
[  334200ms] [ERROR] Failed to load resource: net::ERR_INSUFFICIENT_RESOURCES @ http://localhost:3000/api/portal/approvals?count=true:0
[  334205ms] [ERROR] Failed to load resource: net::ERR_INSUFFICIENT_RESOURCES @ http://localhost:3000/api/portal/notifications?unread=1&limit=1:0
[  334215ms] [ERROR] Failed to load resource: net::ERR_INSUFFICIENT_RESOURCES @ http://localhost:3000/api/portal/crm/notifications?limit=20:0
[  379217ms] [ERROR] Failed to load resource: net::ERR_INSUFFICIENT_RESOURCES @ http://localhost:3000/api/portal/crm/notifications?limit=20:0
[  394198ms] [ERROR] Failed to load resource: net::ERR_INSUFFICIENT_RESOURCES @ http://localhost:3000/api/portal/approvals?count=true:0
[  394203ms] [ERROR] Failed to load resource: net::ERR_INSUFFICIENT_RESOURCES @ http://localhost:3000/api/portal/notifications?unread=1&limit=1:0
[  424214ms] [ERROR] Failed to load resource: net::ERR_INSUFFICIENT_RESOURCES @ http://localhost:3000/api/portal/crm/notifications?limit=20:0
[  454189ms] [ERROR] Failed to load resource: net::ERR_INSUFFICIENT_RESOURCES @ http://localhost:3000/api/portal/approvals?count=true:0
[  454203ms] [ERROR] Failed to load resource: net::ERR_INSUFFICIENT_RESOURCES @ http://localhost:3000/api/portal/notifications?unread=1&limit=1:0
[  469214ms] [ERROR] Failed to load resource: net::ERR_INSUFFICIENT_RESOURCES @ http://localhost:3000/api/portal/crm/notifications?limit=20:0
[  514216ms] [ERROR] Failed to load resource: net::ERR_INSUFFICIENT_RESOURCES @ http://localhost:3000/api/portal/approvals?count=true:0
[  514230ms] [ERROR] Failed to load resource: net::ERR_INSUFFICIENT_RESOURCES @ http://localhost:3000/api/portal/notifications?unread=1&limit=1:0
[  514241ms] [ERROR] Failed to load resource: net::ERR_INSUFFICIENT_RESOURCES @ http://localhost:3000/api/portal/crm/notifications?limit=20:0
[  559244ms] [ERROR] Failed to load resource: net::ERR_INSUFFICIENT_RESOURCES @ http://localhost:3000/api/portal/crm/notifications?limit=20:0
[  574219ms] [ERROR] Failed to load resource: net::ERR_INSUFFICIENT_RESOURCES @ http://localhost:3000/api/portal/approvals?count=true:0
[  574232ms] [ERROR] Failed to load resource: net::ERR_INSUFFICIENT_RESOURCES @ http://localhost:3000/api/portal/notifications?unread=1&limit=1:0
[  604249ms] [ERROR] Failed to load resource: net::ERR_INSUFFICIENT_RESOURCES @ http://localhost:3000/api/portal/crm/notifications?limit=20:0
[  634220ms] [ERROR] Failed to load resource: net::ERR_INSUFFICIENT_RESOURCES @ http://localhost:3000/api/portal/approvals?count=true:0
[  634235ms] [ERROR] Failed to load resource: net::ERR_INSUFFICIENT_RESOURCES @ http://localhost:3000/api/portal/notifications?unread=1&limit=1:0
[  649254ms] [ERROR] Failed to load resource: net::ERR_INSUFFICIENT_RESOURCES @ http://localhost:3000/api/portal/crm/notifications?limit=20:0
[  694220ms] [ERROR] Failed to load resource: net::ERR_INSUFFICIENT_RESOURCES @ http://localhost:3000/api/portal/approvals?count=true:0
[  694237ms] [ERROR] Failed to load resource: net::ERR_INSUFFICIENT_RESOURCES @ http://localhost:3000/api/portal/notifications?unread=1&limit=1:0
[  694248ms] [ERROR] Failed to load resource: net::ERR_INSUFFICIENT_RESOURCES @ http://localhost:3000/api/portal/crm/notifications?limit=20:0
[  739245ms] [ERROR] Failed to load resource: net::ERR_INSUFFICIENT_RESOURCES @ http://localhost:3000/api/portal/crm/notifications?limit=20:0
[  754220ms] [ERROR] Failed to load resource: net::ERR_INSUFFICIENT_RESOURCES @ http://localhost:3000/api/portal/approvals?count=true:0
[  754233ms] [ERROR] Failed to load resource: net::ERR_INSUFFICIENT_RESOURCES @ http://localhost:3000/api/portal/notifications?unread=1&limit=1:0
[  784251ms] [ERROR] Failed to load resource: net::ERR_INSUFFICIENT_RESOURCES @ http://localhost:3000/api/portal/crm/notifications?limit=20:0
[  814218ms] [ERROR] Failed to load resource: net::ERR_INSUFFICIENT_RESOURCES @ http://localhost:3000/api/portal/approvals?count=true:0
[  814234ms] [ERROR] Failed to load resource: net::ERR_INSUFFICIENT_RESOURCES @ http://localhost:3000/api/portal/notifications?unread=1&limit=1:0
[  829246ms] [ERROR] Failed to load resource: net::ERR_INSUFFICIENT_RESOURCES @ http://localhost:3000/api/portal/crm/notifications?limit=20:0
[  874222ms] [ERROR] Failed to load resource: net::ERR_INSUFFICIENT_RESOURCES @ http://localhost:3000/api/portal/approvals?count=true:0
[  874233ms] [ERROR] Failed to load resource: net::ERR_INSUFFICIENT_RESOURCES @ http://localhost:3000/api/portal/notifications?unread=1&limit=1:0
[  874249ms] [ERROR] Failed to load resource: net::ERR_INSUFFICIENT_RESOURCES @ http://localhost:3000/api/portal/crm/notifications?limit=20:0
[  919248ms] [ERROR] Failed to load resource: net::ERR_INSUFFICIENT_RESOURCES @ http://localhost:3000/api/portal/crm/notifications?limit=20:0
[  934225ms] [ERROR] Failed to load resource: net::ERR_INSUFFICIENT_RESOURCES @ http://localhost:3000/api/portal/approvals?count=true:0
[  934237ms] [ERROR] Failed to load resource: net::ERR_INSUFFICIENT_RESOURCES @ http://localhost:3000/api/portal/notifications?unread=1&limit=1:0
[  964246ms] [ERROR] Failed to load resource: net::ERR_INSUFFICIENT_RESOURCES @ http://localhost:3000/api/portal/crm/notifications?limit=20:0
[  994221ms] [ERROR] Failed to load resource: net::ERR_INSUFFICIENT_RESOURCES @ http://localhost:3000/api/portal/approvals?count=true:0
[  994236ms] [ERROR] Failed to load resource: net::ERR_INSUFFICIENT_RESOURCES @ http://localhost:3000/api/portal/notifications?unread=1&limit=1:0
[ 1009254ms] [ERROR] Failed to load resource: net::ERR_INSUFFICIENT_RESOURCES @ http://localhost:3000/api/portal/crm/notifications?limit=20:0
[ 1054231ms] [ERROR] Failed to load resource: net::ERR_INSUFFICIENT_RESOURCES @ http://localhost:3000/api/portal/approvals?count=true:0
[ 1054238ms] [ERROR] Failed to load resource: net::ERR_INSUFFICIENT_RESOURCES @ http://localhost:3000/api/portal/notifications?unread=1&limit=1:0
[ 1054275ms] [ERROR] Failed to load resource: net::ERR_INSUFFICIENT_RESOURCES @ http://localhost:3000/api/portal/crm/notifications?limit=20:0
[ 1099257ms] [ERROR] Failed to load resource: net::ERR_INSUFFICIENT_RESOURCES @ http://localhost:3000/api/portal/crm/notifications?limit=20:0
[ 1114243ms] [ERROR] Failed to load resource: net::ERR_INSUFFICIENT_RESOURCES @ http://localhost:3000/api/portal/approvals?count=true:0
[ 1114716ms] [ERROR] Failed to load resource: net::ERR_INSUFFICIENT_RESOURCES @ http://localhost:3000/api/portal/notifications?unread=1&limit=1:0
[ 1144248ms] [ERROR] Failed to load resource: net::ERR_INSUFFICIENT_RESOURCES @ http://localhost:3000/api/portal/crm/notifications?limit=20:0
[ 1174225ms] [ERROR] Failed to load resource: net::ERR_INSUFFICIENT_RESOURCES @ http://localhost:3000/api/portal/approvals?count=true:0
[ 1174243ms] [ERROR] Failed to load resource: net::ERR_INSUFFICIENT_RESOURCES @ http://localhost:3000/api/portal/notifications?unread=1&limit=1:0
[ 1189248ms] [ERROR] Failed to load resource: net::ERR_INSUFFICIENT_RESOURCES @ http://localhost:3000/api/portal/crm/notifications?limit=20:0
[ 1226675ms] [ERROR] Failed to load resource: the server responded with a status of 503 (Service Unavailable) @ http://localhost:3000/api/realtime/token:0
[ 1226808ms] [LOG] [BlockEditorProvider] Rendered with initialBlocks: 8 @ http://localhost:3000/_next/static/chunks/5947f_next_dist_3158406f._.js:1053
[ 1226813ms] [LOG] [BlockEditorProvider] Current blocks from useBlockHistory: 8 @ http://localhost:3000/_next/static/chunks/5947f_next_dist_3158406f._.js:1053
[ 1226814ms] [LOG] [BlockEditorProvider] Rendered with initialBlocks: 8 @ http://localhost:3000/_next/static/chunks/5947f_next_dist_3158406f._.js:1053
[ 1226816ms] [LOG] [BlockEditorProvider] Current blocks from useBlockHistory: 8 @ http://localhost:3000/_next/static/chunks/5947f_next_dist_3158406f._.js:1053
[ 1227280ms] [LOG] [BlockEditorProvider] Rendered with initialBlocks: 8 @ http://localhost:3000/_next/static/chunks/5947f_next_dist_3158406f._.js:1053
[ 1227281ms] [LOG] [BlockEditorProvider] Current blocks from useBlockHistory: 8 @ http://localhost:3000/_next/static/chunks/5947f_next_dist_3158406f._.js:1053
[ 1227281ms] [LOG] [BlockEditorProvider] Rendered with initialBlocks: 8 @ http://localhost:3000/_next/static/chunks/5947f_next_dist_3158406f._.js:1053
[ 1227367ms] [LOG] [BlockEditorProvider] Current blocks from useBlockHistory: 8 @ http://localhost:3000/_next/static/chunks/5947f_next_dist_3158406f._.js:1053
[ 1229573ms] [ERROR] Failed to load resource: the server responded with a status of 401 (Unauthorized) @ http://localhost:3000/api/portal/cms/websites/145/content-types:0
[ 1229689ms] [ERROR] Failed to load resource: the server responded with a status of 404 (Not Found) @ http://localhost:3000/api/portal/cms/websites/145/tags:0
[ 1229702ms] [LOG] [BlockEditorProvider] Rendered with initialBlocks: 8 @ http://localhost:3000/_next/static/chunks/5947f_next_dist_3158406f._.js:1053
[ 1229702ms] [LOG] [BlockEditorProvider] Current blocks from useBlockHistory: 8 @ http://localhost:3000/_next/static/chunks/5947f_next_dist_3158406f._.js:1053
[ 1229704ms] [LOG] [BlockEditorProvider] Rendered with initialBlocks: 8 @ http://localhost:3000/_next/static/chunks/5947f_next_dist_3158406f._.js:1053
[ 1229704ms] [LOG] [BlockEditorProvider] Current blocks from useBlockHistory: 8 @ http://localhost:3000/_next/static/chunks/5947f_next_dist_3158406f._.js:1053
[ 1229827ms] [ERROR] Failed to load resource: the server responded with a status of 404 (Not Found) @ http://localhost:3000/api/portal/cms/websites/145/categories:0
[ 1229838ms] [LOG] [BlockEditorProvider] Rendered with initialBlocks: 8 @ http://localhost:3000/_next/static/chunks/5947f_next_dist_3158406f._.js:1053
[ 1229839ms] [LOG] [BlockEditorProvider] Current blocks from useBlockHistory: 8 @ http://localhost:3000/_next/static/chunks/5947f_next_dist_3158406f._.js:1053
[ 1229840ms] [LOG] [BlockEditorProvider] Rendered with initialBlocks: 8 @ http://localhost:3000/_next/static/chunks/5947f_next_dist_3158406f._.js:1053
[ 1229840ms] [LOG] [BlockEditorProvider] Current blocks from useBlockHistory: 8 @ http://localhost:3000/_next/static/chunks/5947f_next_dist_3158406f._.js:1053
[ 1300956ms] [ERROR] Failed to load resource: net::ERR_INSUFFICIENT_RESOURCES @ http://localhost:3000/portal/websites/145/posts/304/edit?_rsc=1g8rf:0
[ 1300957ms] [ERROR] Failed to fetch RSC payload for http://localhost:3000/portal/websites/145/posts/304/edit. Falling back to browser navigation. TypeError: Failed to fetch
    at createFetch (http://localhost:3000/_next/static/chunks/5947f_next_dist_client_ce2361fd._.js:3888:24)
    at fetchServerResponse (http://localhost:3000/_next/static/chunks/5947f_next_dist_client_ce2361fd._.js:3790:27)
    at fetchMissingDynamicData (http://localhost:3000/_next/static/chunks/5947f_next_dist_client_ce2361fd._.js:4954:75)
    at spawnDynamicRequests (http://localhost:3000/_next/static/chunks/5947f_next_dist_client_ce2361fd._.js:4801:35)
    at navigateToSeededRoute (http://localhost:3000/_next/static/chunks/5947f_next_dist_client_ce2361fd._.js:8978:50)
    at refreshDynamicData (http://localhost:3000/_next/static/chunks/5947f_next_dist_client_ce2361fd._.js:9584:58)
    at hmrRefreshReducer (http://localhost:3000/_next/static/chunks/5947f_next_dist_client_ce2361fd._.js:9750:51)
    at clientReducer (http://localhost:3000/_next/static/chunks/5947f_next_dist_client_ce2361fd._.js:10258:65)
    at Object.action (http://localhost:3000/_next/static/chunks/5947f_next_dist_client_ce2361fd._.js:10487:55)
    at runAction (http://localhost:3000/_next/static/chunks/5947f_next_dist_client_ce2361fd._.js:10392:38)
    at dispatchAction (http://localhost:3000/_next/static/chunks/5947f_next_dist_client_ce2361fd._.js:10455:9)
    at Object.dispatch (http://localhost:3000/_next/static/chunks/5947f_next_dist_client_ce2361fd._.js:10485:40)
    at http://localhost:3000/_next/static/chunks/5947f_next_dist_client_ce2361fd._.js:2789:29
    at startTransition (http://localhost:3000/_next/static/chunks/5947f_next_dist_compiled_react-dom_a307dcb0._.js:5500:31)
    at dispatch (http://localhost:3000/_next/static/chunks/5947f_next_dist_client_ce2361fd._.js:2788:13)
    at dispatchAppRouterAction (http://localhost:3000/_next/static/chunks/5947f_next_dist_client_ce2361fd._.js:2770:5)
    at http://localhost:3000/_next/static/chunks/5947f_next_dist_client_ce2361fd._.js:10616:61
    at startTransition (http://localhost:3000/_next/static/chunks/5947f_next_dist_compiled_bf9fd124._.js:1279:31)
    at Object.hmrRefresh (http://localhost:3000/_next/static/chunks/5947f_next_dist_client_ce2361fd._.js:10615:40)
    at http://localhost:3000/_next/static/chunks/5947f_next_dist_client_ce2361fd._.js:12797:64
    at startTransition (http://localhost:3000/_next/static/chunks/5947f_next_dist_compiled_bf9fd124._.js:1279:31)
    at processMessage (http://localhost:3000/_next/static/chunks/5947f_next_dist_client_ce2361fd._.js:12796:44)
    at WebSocket.handleMessage (http://localhost:3000/_next/static/chunks/5947f_next_dist_client_ce2361fd._.js:12091:52) @ http://localhost:3000/_next/static/chunks/5947f_next_dist_3158406f._.js:1883
[ 1300979ms] [ERROR] Failed to load resource: net::ERR_INSUFFICIENT_RESOURCES @ http://localhost:3000/__nextjs_original-stack-frames:0
[ 1301299ms] [ERROR] Failed to load resource: net::ERR_INSUFFICIENT_RESOURCES @ http://localhost:3000/portal/websites/145/posts/304/edit?_rsc=1g8rf:0
[ 1301299ms] [ERROR] Failed to fetch RSC payload for http://localhost:3000/portal/websites/145/posts/304/edit. Falling back to browser navigation. TypeError: Failed to fetch
    at createFetch (http://localhost:3000/_next/static/chunks/5947f_next_dist_client_ce2361fd._.js:3888:24)
    at fetchServerResponse (http://localhost:3000/_next/static/chunks/5947f_next_dist_client_ce2361fd._.js:3790:27)
    at fetchMissingDynamicData (http://localhost:3000/_next/static/chunks/5947f_next_dist_client_ce2361fd._.js:4954:75)
    at spawnDynamicRequests (http://localhost:3000/_next/static/chunks/5947f_next_dist_client_ce2361fd._.js:4801:35)
    at navigateToSeededRoute (http://localhost:3000/_next/static/chunks/5947f_next_dist_client_ce2361fd._.js:8978:50)
    at refreshDynamicData (http://localhost:3000/_next/static/chunks/5947f_next_dist_client_ce2361fd._.js:9584:58)
    at hmrRefreshReducer (http://localhost:3000/_next/static/chunks/5947f_next_dist_client_ce2361fd._.js:9750:51)
    at clientReducer (http://localhost:3000/_next/static/chunks/5947f_next_dist_client_ce2361fd._.js:10258:65)
    at Object.action (http://localhost:3000/_next/static/chunks/5947f_next_dist_client_ce2361fd._.js:10487:55)
    at runAction (http://localhost:3000/_next/static/chunks/5947f_next_dist_client_ce2361fd._.js:10392:38)
    at dispatchAction (http://localhost:3000/_next/static/chunks/5947f_next_dist_client_ce2361fd._.js:10455:9)
    at Object.dispatch (http://localhost:3000/_next/static/chunks/5947f_next_dist_client_ce2361fd._.js:10485:40)
    at http://localhost:3000/_next/static/chunks/5947f_next_dist_client_ce2361fd._.js:2789:29
    at startTransition (http://localhost:3000/_next/static/chunks/5947f_next_dist_compiled_react-dom_a307dcb0._.js:5500:31)
    at dispatch (http://localhost:3000/_next/static/chunks/5947f_next_dist_client_ce2361fd._.js:2788:13)
    at dispatchAppRouterAction (http://localhost:3000/_next/static/chunks/5947f_next_dist_client_ce2361fd._.js:2770:5)
    at http://localhost:3000/_next/static/chunks/5947f_next_dist_client_ce2361fd._.js:10616:61
    at startTransition (http://localhost:3000/_next/static/chunks/5947f_next_dist_compiled_bf9fd124._.js:1279:31)
    at Object.hmrRefresh (http://localhost:3000/_next/static/chunks/5947f_next_dist_client_ce2361fd._.js:10615:40)
    at http://localhost:3000/_next/static/chunks/5947f_next_dist_client_ce2361fd._.js:12797:64
    at startTransition (http://localhost:3000/_next/static/chunks/5947f_next_dist_compiled_bf9fd124._.js:1279:31)
    at processMessage (http://localhost:3000/_next/static/chunks/5947f_next_dist_client_ce2361fd._.js:12796:44)
    at WebSocket.handleMessage (http://localhost:3000/_next/static/chunks/5947f_next_dist_client_ce2361fd._.js:12091:52) @ http://localhost:3000/_next/static/chunks/5947f_next_dist_3158406f._.js:1883
[ 1301311ms] [ERROR] Failed to load resource: net::ERR_INSUFFICIENT_RESOURCES @ http://localhost:3000/__nextjs_original-stack-frames:0
[ 1324249ms] [ERROR] Failed to load resource: net::ERR_INSUFFICIENT_RESOURCES @ http://localhost:3000/api/portal/crm/notifications?limit=20:0
[ 1354220ms] [ERROR] Failed to load resource: net::ERR_INSUFFICIENT_RESOURCES @ http://localhost:3000/api/portal/approvals?count=true:0
[ 1354237ms] [ERROR] Failed to load resource: net::ERR_INSUFFICIENT_RESOURCES @ http://localhost:3000/api/portal/notifications?unread=1&limit=1:0
[ 1369271ms] [ERROR] Failed to load resource: net::ERR_INSUFFICIENT_RESOURCES @ http://localhost:3000/api/portal/crm/notifications?limit=20:0
[ 1392746ms] [ERROR] Failed to load resource: net::ERR_INCOMPLETE_CHUNKED_ENCODING @ http://localhost:3000/portal/websites/145/posts/304/edit?_rsc=1g8rf:0
[ 1392746ms] [ERROR] Failed to fetch RSC payload for http://localhost:3000/portal/websites/145/posts/304/edit. Falling back to browser navigation. TypeError: network error @ http://localhost:3000/_next/static/chunks/5947f_next_dist_3158406f._.js:1883
[ 1392752ms] [ERROR] Failed to load resource: net::ERR_INCOMPLETE_CHUNKED_ENCODING @ http://localhost:3000/portal/websites/145/posts/304/edit?_rsc=1g8rf:0
[ 1392752ms] [ERROR] Failed to fetch RSC payload for http://localhost:3000/portal/websites/145/posts/304/edit. Falling back to browser navigation. TypeError: network error @ http://localhost:3000/_next/static/chunks/5947f_next_dist_3158406f._.js:1883
[ 1392757ms] [ERROR] Failed to load resource: net::ERR_INCOMPLETE_CHUNKED_ENCODING @ http://localhost:3000/portal/websites/145/posts/304/edit?_rsc=1g8rf:0
[ 1392757ms] [ERROR] Failed to fetch RSC payload for http://localhost:3000/portal/websites/145/posts/304/edit. Falling back to browser navigation. TypeError: network error @ http://localhost:3000/_next/static/chunks/5947f_next_dist_3158406f._.js:1883
[ 1392762ms] [ERROR] Failed to load resource: net::ERR_INCOMPLETE_CHUNKED_ENCODING @ http://localhost:3000/portal/websites/145/posts/304/edit?_rsc=1g8rf:0
[ 1392762ms] [ERROR] Failed to fetch RSC payload for http://localhost:3000/portal/websites/145/posts/304/edit. Falling back to browser navigation. TypeError: network error @ http://localhost:3000/_next/static/chunks/5947f_next_dist_3158406f._.js:1883
[ 1392961ms] [ERROR] Failed to load resource: net::ERR_INCOMPLETE_CHUNKED_ENCODING @ http://localhost:3000/portal/websites/145/posts/304/edit?_rsc=1g8rf:0
[ 1392961ms] [ERROR] Failed to fetch RSC payload for http://localhost:3000/portal/websites/145/posts/304/edit. Falling back to browser navigation. TypeError: network error @ http://localhost:3000/_next/static/chunks/5947f_next_dist_3158406f._.js:1883
[ 1392980ms] [ERROR] Failed to load resource: net::ERR_CONNECTION_RESET @ http://localhost:3000/portal/websites/145/posts/304/edit?_rsc=1g8rf:0
[ 1392980ms] [ERROR] Failed to fetch RSC payload for http://localhost:3000/portal/websites/145/posts/304/edit. Falling back to browser navigation. TypeError: Failed to fetch
    at createFetch (http://localhost:3000/_next/static/chunks/5947f_next_dist_client_ce2361fd._.js:3888:24)
    at fetchServerResponse (http://localhost:3000/_next/static/chunks/5947f_next_dist_client_ce2361fd._.js:3790:27)
    at fetchMissingDynamicData (http://localhost:3000/_next/static/chunks/5947f_next_dist_client_ce2361fd._.js:4954:75)
    at spawnDynamicRequests (http://localhost:3000/_next/static/chunks/5947f_next_dist_client_ce2361fd._.js:4801:35)
    at navigateToSeededRoute (http://localhost:3000/_next/static/chunks/5947f_next_dist_client_ce2361fd._.js:8978:50)
    at refreshDynamicData (http://localhost:3000/_next/static/chunks/5947f_next_dist_client_ce2361fd._.js:9584:58)
    at hmrRefreshReducer (http://localhost:3000/_next/static/chunks/5947f_next_dist_client_ce2361fd._.js:9750:51)
    at clientReducer (http://localhost:3000/_next/static/chunks/5947f_next_dist_client_ce2361fd._.js:10258:65)
    at Object.action (http://localhost:3000/_next/static/chunks/5947f_next_dist_client_ce2361fd._.js:10487:55)
    at runAction (http://localhost:3000/_next/static/chunks/5947f_next_dist_client_ce2361fd._.js:10392:38)
    at dispatchAction (http://localhost:3000/_next/static/chunks/5947f_next_dist_client_ce2361fd._.js:10455:9)
    at Object.dispatch (http://localhost:3000/_next/static/chunks/5947f_next_dist_client_ce2361fd._.js:10485:40)
    at http://localhost:3000/_next/static/chunks/5947f_next_dist_client_ce2361fd._.js:2789:29
    at startTransition (http://localhost:3000/_next/static/chunks/5947f_next_dist_compiled_react-dom_a307dcb0._.js:5500:31)
    at dispatch (http://localhost:3000/_next/static/chunks/5947f_next_dist_client_ce2361fd._.js:2788:13)
    at dispatchAppRouterAction (http://localhost:3000/_next/static/chunks/5947f_next_dist_client_ce2361fd._.js:2770:5)
    at http://localhost:3000/_next/static/chunks/5947f_next_dist_client_ce2361fd._.js:10616:61
    at startTransition (http://localhost:3000/_next/static/chunks/5947f_next_dist_compiled_bf9fd124._.js:1279:31)
    at Object.hmrRefresh (http://localhost:3000/_next/static/chunks/5947f_next_dist_client_ce2361fd._.js:10615:40)
    at processMessage (http://localhost:3000/_next/static/chunks/5947f_next_dist_client_ce2361fd._.js:12820:67)
    at WebSocket.handleMessage (http://localhost:3000/_next/static/chunks/5947f_next_dist_client_ce2361fd._.js:12091:52) @ http://localhost:3000/_next/static/chunks/5947f_next_dist_3158406f._.js:1883
[ 1392989ms] [ERROR] Failed to load resource: net::ERR_CONNECTION_RESET @ http://localhost:3000/portal/websites/145/posts/304/edit?_rsc=1g8rf:0
[ 1392989ms] [ERROR] Failed to fetch RSC payload for http://localhost:3000/portal/websites/145/posts/304/edit. Falling back to browser navigation. TypeError: Failed to fetch
    at createFetch (http://localhost:3000/_next/static/chunks/5947f_next_dist_client_ce2361fd._.js:3888:24)
    at fetchServerResponse (http://localhost:3000/_next/static/chunks/5947f_next_dist_client_ce2361fd._.js:3790:27)
    at fetchMissingDynamicData (http://localhost:3000/_next/static/chunks/5947f_next_dist_client_ce2361fd._.js:4954:75)
    at spawnDynamicRequests (http://localhost:3000/_next/static/chunks/5947f_next_dist_client_ce2361fd._.js:4801:35)
    at navigateToSeededRoute (http://localhost:3000/_next/static/chunks/5947f_next_dist_client_ce2361fd._.js:8978:50)
    at refreshDynamicData (http://localhost:3000/_next/static/chunks/5947f_next_dist_client_ce2361fd._.js:9584:58)
    at hmrRefreshReducer (http://localhost:3000/_next/static/chunks/5947f_next_dist_client_ce2361fd._.js:9750:51)
    at clientReducer (http://localhost:3000/_next/static/chunks/5947f_next_dist_client_ce2361fd._.js:10258:65)
    at Object.action (http://localhost:3000/_next/static/chunks/5947f_next_dist_client_ce2361fd._.js:10487:55)
    at runAction (http://localhost:3000/_next/static/chunks/5947f_next_dist_client_ce2361fd._.js:10392:38)
    at dispatchAction (http://localhost:3000/_next/static/chunks/5947f_next_dist_client_ce2361fd._.js:10455:9)
    at Object.dispatch (http://localhost:3000/_next/static/chunks/5947f_next_dist_client_ce2361fd._.js:10485:40)
    at http://localhost:3000/_next/static/chunks/5947f_next_dist_client_ce2361fd._.js:2789:29
    at startTransition (http://localhost:3000/_next/static/chunks/5947f_next_dist_compiled_react-dom_a307dcb0._.js:5500:31)
    at dispatch (http://localhost:3000/_next/static/chunks/5947f_next_dist_client_ce2361fd._.js:2788:13)
    at dispatchAppRouterAction (http://localhost:3000/_next/static/chunks/5947f_next_dist_client_ce2361fd._.js:2770:5)
    at http://localhost:3000/_next/static/chunks/5947f_next_dist_client_ce2361fd._.js:10616:61
    at startTransition (http://localhost:3000/_next/static/chunks/5947f_next_dist_compiled_bf9fd124._.js:1279:31)
    at Object.hmrRefresh (http://localhost:3000/_next/static/chunks/5947f_next_dist_client_ce2361fd._.js:10615:40)
    at processMessage (http://localhost:3000/_next/static/chunks/5947f_next_dist_client_ce2361fd._.js:12820:67)
    at WebSocket.handleMessage (http://localhost:3000/_next/static/chunks/5947f_next_dist_client_ce2361fd._.js:12091:52) @ http://localhost:3000/_next/static/chunks/5947f_next_dist_3158406f._.js:1883
[ 1392992ms] [ERROR] Failed to load resource: net::ERR_CONNECTION_RESET @ http://localhost:3000/portal/websites/145/posts/304/edit?_rsc=1g8rf:0
[ 1392992ms] [ERROR] Failed to fetch RSC payload for http://localhost:3000/portal/websites/145/posts/304/edit. Falling back to browser navigation. TypeError: Failed to fetch
    at createFetch (http://localhost:3000/_next/static/chunks/5947f_next_dist_client_ce2361fd._.js:3888:24)
    at fetchServerResponse (http://localhost:3000/_next/static/chunks/5947f_next_dist_client_ce2361fd._.js:3790:27)
    at fetchMissingDynamicData (http://localhost:3000/_next/static/chunks/5947f_next_dist_client_ce2361fd._.js:4954:75)
    at spawnDynamicRequests (http://localhost:3000/_next/static/chunks/5947f_next_dist_client_ce2361fd._.js:4801:35)
    at navigateToSeededRoute (http://localhost:3000/_next/static/chunks/5947f_next_dist_client_ce2361fd._.js:8978:50)
    at refreshDynamicData (http://localhost:3000/_next/static/chunks/5947f_next_dist_client_ce2361fd._.js:9584:58)
    at hmrRefreshReducer (http://localhost:3000/_next/static/chunks/5947f_next_dist_client_ce2361fd._.js:9750:51)
    at clientReducer (http://localhost:3000/_next/static/chunks/5947f_next_dist_client_ce2361fd._.js:10258:65)
    at Object.action (http://localhost:3000/_next/static/chunks/5947f_next_dist_client_ce2361fd._.js:10487:55)
    at runAction (http://localhost:3000/_next/static/chunks/5947f_next_dist_client_ce2361fd._.js:10392:38)
    at dispatchAction (http://localhost:3000/_next/static/chunks/5947f_next_dist_client_ce2361fd._.js:10455:9)
    at Object.dispatch (http://localhost:3000/_next/static/chunks/5947f_next_dist_client_ce2361fd._.js:10485:40)
    at http://localhost:3000/_next/static/chunks/5947f_next_dist_client_ce2361fd._.js:2789:29
    at startTransition (http://localhost:3000/_next/static/chunks/5947f_next_dist_compiled_react-dom_a307dcb0._.js:5500:31)
    at dispatch (http://localhost:3000/_next/static/chunks/5947f_next_dist_client_ce2361fd._.js:2788:13)
    at dispatchAppRouterAction (http://localhost:3000/_next/static/chunks/5947f_next_dist_client_ce2361fd._.js:2770:5)
    at http://localhost:3000/_next/static/chunks/5947f_next_dist_client_ce2361fd._.js:10616:61
    at startTransition (http://localhost:3000/_next/static/chunks/5947f_next_dist_compiled_bf9fd124._.js:1279:31)
    at Object.hmrRefresh (http://localhost:3000/_next/static/chunks/5947f_next_dist_client_ce2361fd._.js:10615:40)
    at processMessage (http://localhost:3000/_next/static/chunks/5947f_next_dist_client_ce2361fd._.js:12820:67)
    at WebSocket.handleMessage (http://localhost:3000/_next/static/chunks/5947f_next_dist_client_ce2361fd._.js:12091:52) @ http://localhost:3000/_next/static/chunks/5947f_next_dist_3158406f._.js:1883
